{
  "stats": {
    "suites": 1,
    "tests": 41,
    "passes": 39,
    "pending": 0,
    "failures": 2,
    "start": "2022-11-10T06:28:50.324Z",
    "end": "2022-11-10T06:29:28.850Z",
    "duration": 38526,
    "testsRegistered": 41,
    "passPercent": 95.1219512195122,
    "pendingPercent": 0,
    "other": 0,
    "hasOther": false,
    "skipped": 0,
    "hasSkipped": false
  },
  "results": [
    {
      "uuid": "4785e118-4803-46c8-ba64-4aefb7b6c008",
      "title": "",
      "fullFile": "cypress/e2e/specs/home.spec.js",
      "file": "cypress/e2e/specs/home.spec.js",
      "beforeHooks": [],
      "afterHooks": [],
      "tests": [],
      "suites": [
        {
          "uuid": "7bf171ea-3fb4-4555-b07f-b6d00cce4e77",
          "title": "Verify Home page",
          "fullFile": "",
          "file": "",
          "beforeHooks": [],
          "afterHooks": [],
          "tests": [
            {
              "title": "Verify Top Menu section is displayed",
              "fullTitle": "Verify Home page Verify Top Menu section is displayed",
              "timedOut": null,
              "duration": 2734,
              "state": "passed",
              "speed": "fast",
              "pass": true,
              "fail": false,
              "pending": false,
              "context": null,
              "code": "_home.default.topMenuList().should('be.visible');",
              "err": {},
              "uuid": "d343a2d6-2cb6-4972-8f60-f52db3b01147",
              "parentUUID": "7bf171ea-3fb4-4555-b07f-b6d00cce4e77",
              "isHook": false,
              "skipped": false
            },
            {
              "title": "Verify Top Menu section has Four links",
              "fullTitle": "Verify Home page Verify Top Menu section has Four links",
              "timedOut": null,
              "duration": 566,
              "state": "passed",
              "speed": "fast",
              "pass": true,
              "fail": false,
              "pending": false,
              "context": null,
              "code": "_home.default.topMenuList().children().should('have.length', 4);",
              "err": {},
              "uuid": "bd5fc11c-4bf6-4821-bf9f-72aa66e2cafe",
              "parentUUID": "7bf171ea-3fb4-4555-b07f-b6d00cce4e77",
              "isHook": false,
              "skipped": false
            },
            {
              "title": "Verify Rates link is displayed on Top Menu",
              "fullTitle": "Verify Home page Verify Rates link is displayed on Top Menu",
              "timedOut": null,
              "duration": 566,
              "state": "passed",
              "speed": "fast",
              "pass": true,
              "fail": false,
              "pending": false,
              "context": null,
              "code": "_home.default.topMenuList().children().contains('Rates').should('be.visible');",
              "err": {},
              "uuid": "9c44b4de-17d3-4f38-8971-6ee3948c7fad",
              "parentUUID": "7bf171ea-3fb4-4555-b07f-b6d00cce4e77",
              "isHook": false,
              "skipped": false
            },
            {
              "title": "Verify About link is displayed on Top Menu",
              "fullTitle": "Verify Home page Verify About link is displayed on Top Menu",
              "timedOut": null,
              "duration": 613,
              "state": "passed",
              "speed": "fast",
              "pass": true,
              "fail": false,
              "pending": false,
              "context": null,
              "code": "_home.default.topMenuList().children().contains('About').should('be.visible');",
              "err": {},
              "uuid": "70cb3ee0-6e53-4b0f-aa80-f5dbe85628e1",
              "parentUUID": "7bf171ea-3fb4-4555-b07f-b6d00cce4e77",
              "isHook": false,
              "skipped": false
            },
            {
              "title": "Verify Contact link is displayed on Top Menu",
              "fullTitle": "Verify Home page Verify Contact link is displayed on Top Menu",
              "timedOut": null,
              "duration": 538,
              "state": "passed",
              "speed": "fast",
              "pass": true,
              "fail": false,
              "pending": false,
              "context": null,
              "code": "_home.default.topMenuList().children().contains('Contact').should('be.visible');",
              "err": {},
              "uuid": "5f405929-b002-4c18-9559-92559bf974f9",
              "parentUUID": "7bf171ea-3fb4-4555-b07f-b6d00cce4e77",
              "isHook": false,
              "skipped": false
            },
            {
              "title": "Verify Careers link is displayed on Top Menu",
              "fullTitle": "Verify Home page Verify Careers link is displayed on Top Menu",
              "timedOut": null,
              "duration": 937,
              "state": "passed",
              "speed": "fast",
              "pass": true,
              "fail": false,
              "pending": false,
              "context": null,
              "code": "_home.default.topMenuList().children().contains('Careers').should('be.visible').click();\ncy.title().should('be.eq', 'Careers with Arvest & Family of Companies');",
              "err": {},
              "uuid": "4b98566a-fc8c-4b04-a7b1-757807b57e24",
              "parentUUID": "7bf171ea-3fb4-4555-b07f-b6d00cce4e77",
              "isHook": false,
              "skipped": false
            },
            {
              "title": "Verify Ask Everest field is displayed on Top Menu",
              "fullTitle": "Verify Home page Verify Ask Everest field is displayed on Top Menu",
              "timedOut": null,
              "duration": 501,
              "state": "passed",
              "speed": "fast",
              "pass": true,
              "fail": false,
              "pending": false,
              "context": null,
              "code": "_home.default.askArvest().children().contains('Ask Arvest').should('be.visible');",
              "err": {},
              "uuid": "6a722e34-ae25-4039-91ff-d2a4f30b754e",
              "parentUUID": "7bf171ea-3fb4-4555-b07f-b6d00cce4e77",
              "isHook": false,
              "skipped": false
            },
            {
              "title": "Verify \"Enter a Question or Keyword\" place holder text displayed on Top Menu",
              "fullTitle": "Verify Home page Verify \"Enter a Question or Keyword\" place holder text displayed on Top Menu",
              "timedOut": null,
              "duration": 498,
              "state": "passed",
              "speed": "fast",
              "pass": true,
              "fail": false,
              "pending": false,
              "context": null,
              "code": "_home.default.askArvestInput().should('have.attr', 'placeholder', 'Enter a Question or Keyword');",
              "err": {},
              "uuid": "798c9686-69ac-4415-a2fb-a50b00e3356a",
              "parentUUID": "7bf171ea-3fb4-4555-b07f-b6d00cce4e77",
              "isHook": false,
              "skipped": false
            },
            {
              "title": "Verify \"ASK\" button is displayed on Top Menu",
              "fullTitle": "Verify Home page Verify \"ASK\" button is displayed on Top Menu",
              "timedOut": null,
              "duration": 538,
              "state": "passed",
              "speed": "fast",
              "pass": true,
              "fail": false,
              "pending": false,
              "context": null,
              "code": "_home.default.askButton().should('have.attr', 'value', 'Ask').should('be.visible');",
              "err": {},
              "uuid": "ce6d78ad-496f-4889-8b5b-907b228f5037",
              "parentUUID": "7bf171ea-3fb4-4555-b07f-b6d00cce4e77",
              "isHook": false,
              "skipped": false
            },
            {
              "title": "Verify \"Arvest\" logo is displayed on Top left corner",
              "fullTitle": "Verify Home page Verify \"Arvest\" logo is displayed on Top left corner",
              "timedOut": null,
              "duration": 563,
              "state": "passed",
              "speed": "fast",
              "pass": true,
              "fail": false,
              "pending": false,
              "context": null,
              "code": "_home.default.arvestLogo().children().should('have.attr', 'href', '/').should('be.visible');",
              "err": {},
              "uuid": "68541356-d10d-4481-adb6-3e0abe426f11",
              "parentUUID": "7bf171ea-3fb4-4555-b07f-b6d00cce4e77",
              "isHook": false,
              "skipped": false
            },
            {
              "title": "Verify ATM & Branch locations label being displayed",
              "fullTitle": "Verify Home page Verify ATM & Branch locations label being displayed",
              "timedOut": null,
              "duration": 563,
              "state": "passed",
              "speed": "fast",
              "pass": true,
              "fail": false,
              "pending": false,
              "context": null,
              "code": "_home.default.atmBranchLabel().contains('Atm & Branch Locations').should('be.visible');",
              "err": {},
              "uuid": "d6916e34-e487-4b4a-a0de-0103228a9151",
              "parentUUID": "7bf171ea-3fb4-4555-b07f-b6d00cce4e77",
              "isHook": false,
              "skipped": false
            },
            {
              "title": "Verify ATM & Branch field being displayed",
              "fullTitle": "Verify Home page Verify ATM & Branch field being displayed",
              "timedOut": null,
              "duration": 534,
              "state": "passed",
              "speed": "fast",
              "pass": true,
              "fail": false,
              "pending": false,
              "context": null,
              "code": "_home.default.atmBranchField().should('have.attr', 'placeholder', 'City, State or Zip');",
              "err": {},
              "uuid": "7069a7e9-d148-4fd9-8864-983b3a04ef90",
              "parentUUID": "7bf171ea-3fb4-4555-b07f-b6d00cce4e77",
              "isHook": false,
              "skipped": false
            },
            {
              "title": "Verify \"Go\" button is displayed for ATM branch",
              "fullTitle": "Verify Home page Verify \"Go\" button is displayed for ATM branch",
              "timedOut": null,
              "duration": 560,
              "state": "passed",
              "speed": "fast",
              "pass": true,
              "fail": false,
              "pending": false,
              "context": null,
              "code": "_home.default.atmBranchButton().should('have.attr', 'value', 'Go').should('be.visible');",
              "err": {},
              "uuid": "1fc6bd87-b81c-4ae4-b665-e5cbf5957807",
              "parentUUID": "7bf171ea-3fb4-4555-b07f-b6d00cce4e77",
              "isHook": false,
              "skipped": false
            },
            {
              "title": "Verify Main Nav is displayed",
              "fullTitle": "Verify Home page Verify Main Nav is displayed",
              "timedOut": null,
              "duration": 567,
              "state": "passed",
              "speed": "fast",
              "pass": true,
              "fail": false,
              "pending": false,
              "context": null,
              "code": "_home.default.mainNav().should('be.visible');",
              "err": {},
              "uuid": "56f8045e-abd1-44e8-a745-b63c862ab97c",
              "parentUUID": "7bf171ea-3fb4-4555-b07f-b6d00cce4e77",
              "isHook": false,
              "skipped": false
            },
            {
              "title": "Verify Personal is displayed in Main Nav",
              "fullTitle": "Verify Home page Verify Personal is displayed in Main Nav",
              "timedOut": null,
              "duration": 755,
              "state": "passed",
              "speed": "fast",
              "pass": true,
              "fail": false,
              "pending": false,
              "context": null,
              "code": "_home.default.mainNav().children().contains(\"Personal\").trigger('mouseover').click();",
              "err": {},
              "uuid": "dc1fa961-8f41-475c-a3b6-16905f0a0bb2",
              "parentUUID": "7bf171ea-3fb4-4555-b07f-b6d00cce4e77",
              "isHook": false,
              "skipped": false
            },
            {
              "title": "Verify Business is displayed in Main Nav",
              "fullTitle": "Verify Home page Verify Business is displayed in Main Nav",
              "timedOut": null,
              "duration": 856,
              "state": "passed",
              "speed": "fast",
              "pass": true,
              "fail": false,
              "pending": false,
              "context": null,
              "code": "_home.default.mainNav().children().contains(\"Business\");",
              "err": {},
              "uuid": "bdbf1f7f-81cf-4dd2-83d6-e25a4f43f652",
              "parentUUID": "7bf171ea-3fb4-4555-b07f-b6d00cce4e77",
              "isHook": false,
              "skipped": false
            },
            {
              "title": "Verify Personal is displayed in Main Nav",
              "fullTitle": "Verify Home page Verify Personal is displayed in Main Nav",
              "timedOut": null,
              "duration": 708,
              "state": "passed",
              "speed": "fast",
              "pass": true,
              "fail": false,
              "pending": false,
              "context": null,
              "code": "_home.default.mainNav().children().contains(\"Credit Cards\");",
              "err": {},
              "uuid": "ceb08584-5445-4635-88f0-88125799c0de",
              "parentUUID": "7bf171ea-3fb4-4555-b07f-b6d00cce4e77",
              "isHook": false,
              "skipped": false
            },
            {
              "title": "Verify Credit Cards is displayed in Main Nav",
              "fullTitle": "Verify Home page Verify Credit Cards is displayed in Main Nav",
              "timedOut": null,
              "duration": 795,
              "state": "passed",
              "speed": "fast",
              "pass": true,
              "fail": false,
              "pending": false,
              "context": null,
              "code": "_home.default.mainNav().children().contains(\"Home Loans\");",
              "err": {},
              "uuid": "ec4f8af6-8fa9-4341-b900-d3684e8404ec",
              "parentUUID": "7bf171ea-3fb4-4555-b07f-b6d00cce4e77",
              "isHook": false,
              "skipped": false
            },
            {
              "title": "Verify Investments & Trusts is displayed in Main Nav",
              "fullTitle": "Verify Home page Verify Investments & Trusts is displayed in Main Nav",
              "timedOut": null,
              "duration": 719,
              "state": "passed",
              "speed": "fast",
              "pass": true,
              "fail": false,
              "pending": false,
              "context": null,
              "code": "_home.default.mainNav().children().contains(\"Investments & Trusts\");",
              "err": {},
              "uuid": "201caa9f-0d91-4838-8608-e47f9bdae0bd",
              "parentUUID": "7bf171ea-3fb4-4555-b07f-b6d00cce4e77",
              "isHook": false,
              "skipped": false
            },
            {
              "title": "Verify Log In To link displayed on Main Nav",
              "fullTitle": "Verify Home page Verify Log In To link displayed on Main Nav",
              "timedOut": null,
              "duration": 530,
              "state": "passed",
              "speed": "fast",
              "pass": true,
              "fail": false,
              "pending": false,
              "context": null,
              "code": "_home.default.logInTo_Main_Nav().contains(\"LOG IN TO...\");",
              "err": {},
              "uuid": "1334d15c-3514-4f20-81e1-39184e566ca9",
              "parentUUID": "7bf171ea-3fb4-4555-b07f-b6d00cce4e77",
              "isHook": false,
              "skipped": false
            },
            {
              "title": "Verify \"My Accounts\" section displayed on the left Nav bar",
              "fullTitle": "Verify Home page Verify \"My Accounts\" section displayed on the left Nav bar",
              "timedOut": null,
              "duration": 4718,
              "state": "failed",
              "speed": null,
              "pass": false,
              "fail": true,
              "pending": false,
              "context": null,
              "code": "_home.default.myAccounts().contains(\"My Accounts\");",
              "err": {
                "message": "AssertionError: Timed out retrying after 4000ms: Expected to find element: `#edit-myaccounts--2 > h2`, but never found it.",
                "estack": "AssertionError: Timed out retrying after 4000ms: Expected to find element: `#edit-myaccounts--2 > h2`, but never found it.\n    at Home_Page.myAccounts (https://www.arvest.com/__cypress/tests?p=cypress/e2e/specs/home.spec.js:167:15)\n    at Context.eval (https://www.arvest.com/__cypress/tests?p=cypress/e2e/specs/home.spec.js:305:19)",
                "diff": null
              },
              "uuid": "67793328-8dcc-4d0b-a77c-972817a07b6f",
              "parentUUID": "7bf171ea-3fb4-4555-b07f-b6d00cce4e77",
              "isHook": false,
              "skipped": false
            },
            {
              "title": "Verify \"Log In To link\" displayed on the left Nav bar",
              "fullTitle": "Verify Home page Verify \"Log In To link\" displayed on the left Nav bar",
              "timedOut": null,
              "duration": 4806,
              "state": "failed",
              "speed": null,
              "pass": false,
              "fail": true,
              "pending": false,
              "context": null,
              "code": "_home.default.logInTo_SideBar().contains(\"LOG IN TO...\");",
              "err": {
                "message": "AssertionError: Timed out retrying after 4000ms: Expected to find element: `#select2-external-login--login-select-non-prod-container`, but never found it.",
                "estack": "AssertionError: Timed out retrying after 4000ms: Expected to find element: `#select2-external-login--login-select-non-prod-container`, but never found it.\n    at Home_Page.logInTo_SideBar (https://www.arvest.com/__cypress/tests?p=cypress/e2e/specs/home.spec.js:171:15)\n    at Context.eval (https://www.arvest.com/__cypress/tests?p=cypress/e2e/specs/home.spec.js:308:19)",
                "diff": null
              },
              "uuid": "71afa8ce-cdd6-4da2-ab16-582fb20ca234",
              "parentUUID": "7bf171ea-3fb4-4555-b07f-b6d00cce4e77",
              "isHook": false,
              "skipped": false
            },
            {
              "title": "Verify \"Enter your Login Id\" section is displayed",
              "fullTitle": "Verify Home page Verify \"Enter your Login Id\" section is displayed",
              "timedOut": null,
              "duration": 531,
              "state": "passed",
              "speed": "fast",
              "pass": true,
              "fail": false,
              "pending": false,
              "context": null,
              "code": "_home.default.logInId().should(\"be.visible\");",
              "err": {},
              "uuid": "e381c461-9e71-4cc2-b851-a973340c4a85",
              "parentUUID": "7bf171ea-3fb4-4555-b07f-b6d00cce4e77",
              "isHook": false,
              "skipped": false
            },
            {
              "title": "Verify \"Enter your Login Id\" Placeholder text is displayed",
              "fullTitle": "Verify Home page Verify \"Enter your Login Id\" Placeholder text is displayed",
              "timedOut": null,
              "duration": 547,
              "state": "passed",
              "speed": "fast",
              "pass": true,
              "fail": false,
              "pending": false,
              "context": null,
              "code": "_home.default.logInIdInputFieldLeftNav().should('have.attr', 'placeholder', 'Enter Your Login ID');",
              "err": {},
              "uuid": "107cba87-20aa-4b5d-8502-6e51cb9e45a4",
              "parentUUID": "7bf171ea-3fb4-4555-b07f-b6d00cce4e77",
              "isHook": false,
              "skipped": false
            },
            {
              "title": "Verify \"LOG IN\" button is displayed",
              "fullTitle": "Verify Home page Verify \"LOG IN\" button is displayed",
              "timedOut": null,
              "duration": 539,
              "state": "passed",
              "speed": "fast",
              "pass": true,
              "fail": false,
              "pending": false,
              "context": null,
              "code": "_home.default.logInButtonLeftNav().should('have.attr', 'value', 'LOG IN');",
              "err": {},
              "uuid": "ffd7edd5-386e-4334-8da9-590c0c546756",
              "parentUUID": "7bf171ea-3fb4-4555-b07f-b6d00cce4e77",
              "isHook": false,
              "skipped": false
            },
            {
              "title": "Glide is displayed",
              "fullTitle": "Verify Home page Glide is displayed",
              "timedOut": null,
              "duration": 589,
              "state": "passed",
              "speed": "fast",
              "pass": true,
              "fail": false,
              "pending": false,
              "context": null,
              "code": "_home.default.glideHome().should('be.visible');",
              "err": {},
              "uuid": "c56fd9cb-006c-4800-b968-72245386ff38",
              "parentUUID": "7bf171ea-3fb4-4555-b07f-b6d00cce4e77",
              "isHook": false,
              "skipped": false
            },
            {
              "title": " 1st slider is displayed in the Glide",
              "fullTitle": "Verify Home page  1st slider is displayed in the Glide",
              "timedOut": null,
              "duration": 614,
              "state": "passed",
              "speed": "fast",
              "pass": true,
              "fail": false,
              "pending": false,
              "context": null,
              "code": "_home.default.glideHome().contains('CD Rate Special');",
              "err": {},
              "uuid": "a2efd7d9-cf3f-4457-bf66-73daeb367fd5",
              "parentUUID": "7bf171ea-3fb4-4555-b07f-b6d00cce4e77",
              "isHook": false,
              "skipped": false
            },
            {
              "title": " 2nd slider is displayed in the Glide",
              "fullTitle": "Verify Home page  2nd slider is displayed in the Glide",
              "timedOut": null,
              "duration": 702,
              "state": "passed",
              "speed": "fast",
              "pass": true,
              "fail": false,
              "pending": false,
              "context": null,
              "code": "_home.default.glideHome().contains('Consumer Loans');",
              "err": {},
              "uuid": "93b74479-1964-4658-b215-ecc3c2f43ba3",
              "parentUUID": "7bf171ea-3fb4-4555-b07f-b6d00cce4e77",
              "isHook": false,
              "skipped": false
            },
            {
              "title": " 3rd slider is displayed in the Glide",
              "fullTitle": "Verify Home page  3rd slider is displayed in the Glide",
              "timedOut": null,
              "duration": 586,
              "state": "passed",
              "speed": "fast",
              "pass": true,
              "fail": false,
              "pending": false,
              "context": null,
              "code": "_home.default.glideHome().contains('Corporate Card');",
              "err": {},
              "uuid": "4ec12f09-eee8-4fc8-8961-ed95d08f8ff9",
              "parentUUID": "7bf171ea-3fb4-4555-b07f-b6d00cce4e77",
              "isHook": false,
              "skipped": false
            },
            {
              "title": " 4th slider is displayed in the Glide",
              "fullTitle": "Verify Home page  4th slider is displayed in the Glide",
              "timedOut": null,
              "duration": 564,
              "state": "passed",
              "speed": "fast",
              "pass": true,
              "fail": false,
              "pending": false,
              "context": null,
              "code": "_home.default.glideHome().contains('Home Equity Lines');",
              "err": {},
              "uuid": "50de50c4-42cf-4484-bb6b-d2251116eb46",
              "parentUUID": "7bf171ea-3fb4-4555-b07f-b6d00cce4e77",
              "isHook": false,
              "skipped": false
            },
            {
              "title": " \"Social Media\" section is displayed in the footer",
              "fullTitle": "Verify Home page  \"Social Media\" section is displayed in the footer",
              "timedOut": null,
              "duration": 517,
              "state": "passed",
              "speed": "fast",
              "pass": true,
              "fail": false,
              "pending": false,
              "context": null,
              "code": "_home.default.socialMedia().should('is.visible');",
              "err": {},
              "uuid": "0cbfee2a-d268-4d47-9f17-b66e50c76865",
              "parentUUID": "7bf171ea-3fb4-4555-b07f-b6d00cce4e77",
              "isHook": false,
              "skipped": false
            },
            {
              "title": " \"Share\" icon is displayed first in Social Media Section",
              "fullTitle": "Verify Home page  \"Share\" icon is displayed first in Social Media Section",
              "timedOut": null,
              "duration": 605,
              "state": "passed",
              "speed": "fast",
              "pass": true,
              "fail": false,
              "pending": false,
              "context": null,
              "code": "_home.default.socialMedia().find('ul > li:nth-child(1)').children().should('have.attr', 'data-icon', 'social').click();",
              "err": {},
              "uuid": "d13c5611-1ef6-447e-995d-8f47792f047a",
              "parentUUID": "7bf171ea-3fb4-4555-b07f-b6d00cce4e77",
              "isHook": false,
              "skipped": false
            },
            {
              "title": " \"Facebook\" icon is displayed first in Social Media Section",
              "fullTitle": "Verify Home page  \"Facebook\" icon is displayed first in Social Media Section",
              "timedOut": null,
              "duration": 650,
              "state": "passed",
              "speed": "fast",
              "pass": true,
              "fail": false,
              "pending": false,
              "context": null,
              "code": "_home.default.socialMedia().find('ul > li:nth-child(2)').children().should('have.attr', 'data-icon', 'facebook').click();",
              "err": {},
              "uuid": "301bedec-4484-4bd7-8b1b-63b8a500a308",
              "parentUUID": "7bf171ea-3fb4-4555-b07f-b6d00cce4e77",
              "isHook": false,
              "skipped": false
            },
            {
              "title": " \"Twitter\" icon is displayed first in Social Media Section",
              "fullTitle": "Verify Home page  \"Twitter\" icon is displayed first in Social Media Section",
              "timedOut": null,
              "duration": 638,
              "state": "passed",
              "speed": "fast",
              "pass": true,
              "fail": false,
              "pending": false,
              "context": null,
              "code": "_home.default.socialMedia().find('ul > li:nth-child(3)').children().should('have.attr', 'data-icon', 'twitter').click();",
              "err": {},
              "uuid": "7306cad3-aac7-4ddd-9eec-7b10ec3468d0",
              "parentUUID": "7bf171ea-3fb4-4555-b07f-b6d00cce4e77",
              "isHook": false,
              "skipped": false
            },
            {
              "title": " \"Instagrm\" icon is displayed first in Social Media Section",
              "fullTitle": "Verify Home page  \"Instagrm\" icon is displayed first in Social Media Section",
              "timedOut": null,
              "duration": 641,
              "state": "passed",
              "speed": "fast",
              "pass": true,
              "fail": false,
              "pending": false,
              "context": null,
              "code": "_home.default.socialMedia().find('ul > li:nth-child(4)').children().should('have.attr', 'data-icon', 'instagram').click();",
              "err": {},
              "uuid": "3cb1473c-2759-4af0-8885-ba1f23ef3245",
              "parentUUID": "7bf171ea-3fb4-4555-b07f-b6d00cce4e77",
              "isHook": false,
              "skipped": false
            },
            {
              "title": " \"Youtube\" icon is displayed first in Social Media Section",
              "fullTitle": "Verify Home page  \"Youtube\" icon is displayed first in Social Media Section",
              "timedOut": null,
              "duration": 954,
              "state": "passed",
              "speed": "fast",
              "pass": true,
              "fail": false,
              "pending": false,
              "context": null,
              "code": "_home.default.socialMedia().find('ul > li:nth-child(5)').children().should('have.attr', 'data-icon', 'youtube').click();",
              "err": {},
              "uuid": "5ff041e3-97ce-4277-b753-1a085312c8bc",
              "parentUUID": "7bf171ea-3fb4-4555-b07f-b6d00cce4e77",
              "isHook": false,
              "skipped": false
            },
            {
              "title": " \"Privacy & Security\" link is displayed on the footer",
              "fullTitle": "Verify Home page  \"Privacy & Security\" link is displayed on the footer",
              "timedOut": null,
              "duration": 559,
              "state": "passed",
              "speed": "fast",
              "pass": true,
              "fail": false,
              "pending": false,
              "context": null,
              "code": "_home.default.privacyLinks().find('ul > li:nth-child(1)').contains('Privacy & Security');",
              "err": {},
              "uuid": "11796f58-e58d-4f70-9ec0-cf680f887852",
              "parentUUID": "7bf171ea-3fb4-4555-b07f-b6d00cce4e77",
              "isHook": false,
              "skipped": false
            },
            {
              "title": " \"Available Properties\" link is displayed on the footer",
              "fullTitle": "Verify Home page  \"Available Properties\" link is displayed on the footer",
              "timedOut": null,
              "duration": 721,
              "state": "passed",
              "speed": "fast",
              "pass": true,
              "fail": false,
              "pending": false,
              "context": null,
              "code": "_home.default.privacyLinks().find('ul > li:nth-child(2)').contains('Available Properties');",
              "err": {},
              "uuid": "39948d23-14fa-4599-8434-4b3f9a32f15c",
              "parentUUID": "7bf171ea-3fb4-4555-b07f-b6d00cce4e77",
              "isHook": false,
              "skipped": false
            },
            {
              "title": " \"Education Center\" link is displayed on the footer",
              "fullTitle": "Verify Home page  \"Education Center\" link is displayed on the footer",
              "timedOut": null,
              "duration": 493,
              "state": "passed",
              "speed": "fast",
              "pass": true,
              "fail": false,
              "pending": false,
              "context": null,
              "code": "_home.default.privacyLinks().find('ul > li:nth-child(3)').contains('Education Center');",
              "err": {},
              "uuid": "59b64d3c-6f53-4eb0-99f3-65c74d9e9aa1",
              "parentUUID": "7bf171ea-3fb4-4555-b07f-b6d00cce4e77",
              "isHook": false,
              "skipped": false
            },
            {
              "title": " \"Documents & Resources\" link is displayed on the footer",
              "fullTitle": "Verify Home page  \"Documents & Resources\" link is displayed on the footer",
              "timedOut": null,
              "duration": 497,
              "state": "passed",
              "speed": "fast",
              "pass": true,
              "fail": false,
              "pending": false,
              "context": null,
              "code": "_home.default.privacyLinks().find('ul > li:nth-child(4)').contains('Documents & Resources');",
              "err": {},
              "uuid": "3df93f3c-e8d8-446b-a5aa-1741f34fa6ce",
              "parentUUID": "7bf171ea-3fb4-4555-b07f-b6d00cce4e77",
              "isHook": false,
              "skipped": false
            },
            {
              "title": " \"Site Map\" link is displayed on the footer",
              "fullTitle": "Verify Home page  \"Site Map\" link is displayed on the footer",
              "timedOut": null,
              "duration": 3122,
              "state": "passed",
              "speed": "fast",
              "pass": true,
              "fail": false,
              "pending": false,
              "context": null,
              "code": "_home.default.privacyLinks().find('ul > li:nth-child(5)').contains('Site Map').click();\ncy.title().should('eq', 'Sitemap | Arvest Bank');",
              "err": {},
              "uuid": "4426d872-8675-457d-9bc3-1f65f1f7c913",
              "parentUUID": "7bf171ea-3fb4-4555-b07f-b6d00cce4e77",
              "isHook": false,
              "skipped": false
            }
          ],
          "suites": [],
          "passes": [
            "d343a2d6-2cb6-4972-8f60-f52db3b01147",
            "bd5fc11c-4bf6-4821-bf9f-72aa66e2cafe",
            "9c44b4de-17d3-4f38-8971-6ee3948c7fad",
            "70cb3ee0-6e53-4b0f-aa80-f5dbe85628e1",
            "5f405929-b002-4c18-9559-92559bf974f9",
            "4b98566a-fc8c-4b04-a7b1-757807b57e24",
            "6a722e34-ae25-4039-91ff-d2a4f30b754e",
            "798c9686-69ac-4415-a2fb-a50b00e3356a",
            "ce6d78ad-496f-4889-8b5b-907b228f5037",
            "68541356-d10d-4481-adb6-3e0abe426f11",
            "d6916e34-e487-4b4a-a0de-0103228a9151",
            "7069a7e9-d148-4fd9-8864-983b3a04ef90",
            "1fc6bd87-b81c-4ae4-b665-e5cbf5957807",
            "56f8045e-abd1-44e8-a745-b63c862ab97c",
            "dc1fa961-8f41-475c-a3b6-16905f0a0bb2",
            "bdbf1f7f-81cf-4dd2-83d6-e25a4f43f652",
            "ceb08584-5445-4635-88f0-88125799c0de",
            "ec4f8af6-8fa9-4341-b900-d3684e8404ec",
            "201caa9f-0d91-4838-8608-e47f9bdae0bd",
            "1334d15c-3514-4f20-81e1-39184e566ca9",
            "e381c461-9e71-4cc2-b851-a973340c4a85",
            "107cba87-20aa-4b5d-8502-6e51cb9e45a4",
            "ffd7edd5-386e-4334-8da9-590c0c546756",
            "c56fd9cb-006c-4800-b968-72245386ff38",
            "a2efd7d9-cf3f-4457-bf66-73daeb367fd5",
            "93b74479-1964-4658-b215-ecc3c2f43ba3",
            "4ec12f09-eee8-4fc8-8961-ed95d08f8ff9",
            "50de50c4-42cf-4484-bb6b-d2251116eb46",
            "0cbfee2a-d268-4d47-9f17-b66e50c76865",
            "d13c5611-1ef6-447e-995d-8f47792f047a",
            "301bedec-4484-4bd7-8b1b-63b8a500a308",
            "7306cad3-aac7-4ddd-9eec-7b10ec3468d0",
            "3cb1473c-2759-4af0-8885-ba1f23ef3245",
            "5ff041e3-97ce-4277-b753-1a085312c8bc",
            "11796f58-e58d-4f70-9ec0-cf680f887852",
            "39948d23-14fa-4599-8434-4b3f9a32f15c",
            "59b64d3c-6f53-4eb0-99f3-65c74d9e9aa1",
            "3df93f3c-e8d8-446b-a5aa-1741f34fa6ce",
            "4426d872-8675-457d-9bc3-1f65f1f7c913"
          ],
          "failures": [
            "67793328-8dcc-4d0b-a77c-972817a07b6f",
            "71afa8ce-cdd6-4da2-ab16-582fb20ca234"
          ],
          "pending": [],
          "skipped": [],
          "duration": 38234,
          "root": false,
          "rootEmpty": false,
          "_timeout": 2000
        }
      ],
      "passes": [],
      "failures": [],
      "pending": [],
      "skipped": [],
      "duration": 0,
      "root": true,
      "rootEmpty": true,
      "_timeout": 2000
    }
  ],
  "meta": {
    "mocha": {
      "version": "7.0.1"
    },
    "mochawesome": {
      "options": {
        "quiet": false,
        "reportFilename": "mochawesome",
        "saveHtml": false,
        "saveJson": true,
        "consoleReporter": "spec",
        "useInlineDiffs": false,
        "code": true
      },
      "version": "6.3.1"
    },
    "marge": {
      "options": {
        "id": "default",
        "reportDir": "cypress/reports/mocha",
        "quite": true,
        "overwrite": false,
        "html": false,
        "json": true
      },
      "version": "5.2.0"
    }
  }
}