{
  "stats": {
    "suites": 1,
    "tests": 3,
    "passes": 3,
    "pending": 0,
    "failures": 0,
    "start": "2020-08-06T19:12:35.711Z",
    "end": "2020-08-06T19:12:49.978Z",
    "duration": 14267,
    "testsRegistered": 3,
    "passPercent": 100,
    "pendingPercent": 0,
    "other": 0,
    "hasOther": false,
    "skipped": 0,
    "hasSkipped": false
  },
  "results": [
    {
      "uuid": "e5d2fa4f-bdd7-45f7-a0ea-977226264f30",
      "title": "",
      "fullFile": "cypress/integration/specs/search.spec.js",
      "file": "cypress/integration/specs/search.spec.js",
      "beforeHooks": [],
      "afterHooks": [],
      "tests": [],
      "suites": [
        {
          "uuid": "dad35a57-094b-46f4-9647-c789f610beb1",
          "title": "Verify Search feature on the Header",
          "fullFile": "",
          "file": "",
          "beforeHooks": [],
          "afterHooks": [],
          "tests": [
            {
              "title": "Verify Page title",
              "fullTitle": "Verify Search feature on the Header Verify Page title",
              "timedOut": null,
              "duration": 6606,
              "state": "passed",
              "speed": "slow",
              "pass": true,
              "fail": false,
              "pending": false,
              "context": null,
              "code": "cy.title().should('equal', 'Healthcare Technology & Business Solutions Company | Change Healthcare');",
              "err": {},
              "uuid": "bc9b291e-6cac-498d-84cd-be64356f478d",
              "parentUUID": "dad35a57-094b-46f4-9647-c789f610beb1",
              "isHook": false,
              "skipped": false
            },
            {
              "title": "Select 2nd from search suggestions",
              "fullTitle": "Verify Search feature on the Header Select 2nd from search suggestions",
              "timedOut": null,
              "duration": 2673,
              "state": "passed",
              "speed": "slow",
              "pass": true,
              "fail": false,
              "pending": false,
              "context": null,
              "code": "cy.iframe().find('.CoveoSearchbox').type('Health').find('#magic-box-suggestion-1').click(); //.find('.coveo-search-button').click()",
              "err": {},
              "uuid": "ac6fc860-489c-4d79-a4d5-22cfe732cd46",
              "parentUUID": "dad35a57-094b-46f4-9647-c789f610beb1",
              "isHook": false,
              "skipped": false
            },
            {
              "title": "Search for \"Health",
              "fullTitle": "Verify Search feature on the Header Search for \"Health",
              "timedOut": null,
              "duration": 4859,
              "state": "passed",
              "speed": "slow",
              "pass": true,
              "fail": false,
              "pending": false,
              "context": null,
              "code": "cy.get('.cmp-header__search-toggle').should('be.visible').click();\ncy.get('.coveo-header-iframe-container > iframe').then(function ($iframe) {\n  var $body = $iframe.contents().find('body');\n  cy.wrap($body).find('.CoveoSearchbox').type('Health').find('.coveo-search-button').click();\n});",
              "err": {},
              "uuid": "c8aa306e-b466-488a-9b6e-49a4bfaa5313",
              "parentUUID": "dad35a57-094b-46f4-9647-c789f610beb1",
              "isHook": false,
              "skipped": false
            }
          ],
          "suites": [],
          "passes": [
            "bc9b291e-6cac-498d-84cd-be64356f478d",
            "ac6fc860-489c-4d79-a4d5-22cfe732cd46",
            "c8aa306e-b466-488a-9b6e-49a4bfaa5313"
          ],
          "failures": [],
          "pending": [],
          "skipped": [],
          "duration": 14138,
          "root": false,
          "rootEmpty": false,
          "_timeout": 2000
        }
      ],
      "passes": [],
      "failures": [],
      "pending": [],
      "skipped": [],
      "duration": 0,
      "root": true,
      "rootEmpty": true,
      "_timeout": 2000
    }
  ],
  "meta": {
    "mocha": {
      "version": "7.0.1"
    },
    "mochawesome": {
      "options": {
        "quiet": false,
        "reportFilename": "mochawesome",
        "saveHtml": false,
        "saveJson": true,
        "consoleReporter": "spec",
        "useInlineDiffs": false,
        "code": true
      },
      "version": "6.1.1"
    },
    "marge": {
      "options": {
        "id": "default",
        "reportDir": "cypress/reports/mocha",
        "quite": true,
        "overwrite": false,
        "html": false,
        "json": true
      },
      "version": "5.1.0"
    }
  }
}