{
  "stats": {
    "suites": 1,
    "tests": 39,
    "passes": 39,
    "pending": 0,
    "failures": 0,
    "start": "2022-11-22T20:47:47.815Z",
    "end": "2022-11-22T20:49:52.750Z",
    "duration": 124935,
    "testsRegistered": 39,
    "passPercent": 100,
    "pendingPercent": 0,
    "other": 0,
    "hasOther": false,
    "skipped": 0,
    "hasSkipped": false
  },
  "results": [
    {
      "uuid": "ba2cb97d-97c1-4825-906e-21eb4c1093cf",
      "title": "",
      "fullFile": "cypress/e2e/specs/home.spec.js",
      "file": "cypress/e2e/specs/home.spec.js",
      "beforeHooks": [],
      "afterHooks": [],
      "tests": [],
      "suites": [
        {
          "uuid": "f2f1d0b4-a512-4b5a-90d5-9a270c026230",
          "title": "Verify Home page",
          "fullFile": "",
          "file": "",
          "beforeHooks": [],
          "afterHooks": [],
          "tests": [
            {
              "title": "Verify Top Menu section is displayed",
              "fullTitle": "Verify Home page Verify Top Menu section is displayed",
              "timedOut": null,
              "duration": 7616,
              "state": "passed",
              "speed": "medium",
              "pass": true,
              "fail": false,
              "pending": false,
              "context": null,
              "code": "_home.default.topMenuList().should('be.visible');",
              "err": {},
              "uuid": "a9069825-bcbc-442a-b8a8-d73a5d5dc586",
              "parentUUID": "f2f1d0b4-a512-4b5a-90d5-9a270c026230",
              "isHook": false,
              "skipped": false
            },
            {
              "title": "Verify Top Menu section has Four links",
              "fullTitle": "Verify Home page Verify Top Menu section has Four links",
              "timedOut": null,
              "duration": 2864,
              "state": "passed",
              "speed": "fast",
              "pass": true,
              "fail": false,
              "pending": false,
              "context": null,
              "code": "_home.default.topMenuList().children().should('have.length', 4);",
              "err": {},
              "uuid": "bb665c33-d245-463e-b5d0-8a5ee0ab6c0f",
              "parentUUID": "f2f1d0b4-a512-4b5a-90d5-9a270c026230",
              "isHook": false,
              "skipped": false
            },
            {
              "title": "Verify Rates link is displayed on Top Menu",
              "fullTitle": "Verify Home page Verify Rates link is displayed on Top Menu",
              "timedOut": null,
              "duration": 3067,
              "state": "passed",
              "speed": "fast",
              "pass": true,
              "fail": false,
              "pending": false,
              "context": null,
              "code": "_home.default.topMenuList().children().contains('Rates').should('be.visible');",
              "err": {},
              "uuid": "e1f1398d-c40c-49f7-96fc-a85329077d11",
              "parentUUID": "f2f1d0b4-a512-4b5a-90d5-9a270c026230",
              "isHook": false,
              "skipped": false
            },
            {
              "title": "Verify About link is displayed on Top Menu",
              "fullTitle": "Verify Home page Verify About link is displayed on Top Menu",
              "timedOut": null,
              "duration": 1563,
              "state": "passed",
              "speed": "fast",
              "pass": true,
              "fail": false,
              "pending": false,
              "context": null,
              "code": "_home.default.topMenuList().children().contains('About').should('be.visible');",
              "err": {},
              "uuid": "c3fc0e7a-254f-48a6-a628-433885407639",
              "parentUUID": "f2f1d0b4-a512-4b5a-90d5-9a270c026230",
              "isHook": false,
              "skipped": false
            },
            {
              "title": "Verify Contact link is displayed on Top Menu",
              "fullTitle": "Verify Home page Verify Contact link is displayed on Top Menu",
              "timedOut": null,
              "duration": 1793,
              "state": "passed",
              "speed": "fast",
              "pass": true,
              "fail": false,
              "pending": false,
              "context": null,
              "code": "_home.default.topMenuList().children().contains('Contact').should('be.visible');",
              "err": {},
              "uuid": "9b488dcc-d9e0-4353-82c2-6de9ce26820f",
              "parentUUID": "f2f1d0b4-a512-4b5a-90d5-9a270c026230",
              "isHook": false,
              "skipped": false
            },
            {
              "title": "Verify Careers link is displayed on Top Menu",
              "fullTitle": "Verify Home page Verify Careers link is displayed on Top Menu",
              "timedOut": null,
              "duration": 6204,
              "state": "passed",
              "speed": "medium",
              "pass": true,
              "fail": false,
              "pending": false,
              "context": null,
              "code": "_home.default.topMenuList().children().contains('Careers').should('be.visible').click();\ncy.title().should('be.eq', 'Careers with Arvest & Family of Companies');",
              "err": {},
              "uuid": "6d759795-9b07-4c6b-9fbf-bb5c8600dc29",
              "parentUUID": "f2f1d0b4-a512-4b5a-90d5-9a270c026230",
              "isHook": false,
              "skipped": false
            },
            {
              "title": "Verify Ask Everest field is displayed on Top Menu",
              "fullTitle": "Verify Home page Verify Ask Everest field is displayed on Top Menu",
              "timedOut": null,
              "duration": 1912,
              "state": "passed",
              "speed": "fast",
              "pass": true,
              "fail": false,
              "pending": false,
              "context": null,
              "code": "_home.default.askArvest().children().contains('Ask Arvest').should('be.visible');",
              "err": {},
              "uuid": "20b0200f-d779-4131-a105-3e6c8079c075",
              "parentUUID": "f2f1d0b4-a512-4b5a-90d5-9a270c026230",
              "isHook": false,
              "skipped": false
            },
            {
              "title": "Verify \"Enter a Question or Keyword\" place holder text displayed on Top Menu",
              "fullTitle": "Verify Home page Verify \"Enter a Question or Keyword\" place holder text displayed on Top Menu",
              "timedOut": null,
              "duration": 4018,
              "state": "passed",
              "speed": "fast",
              "pass": true,
              "fail": false,
              "pending": false,
              "context": null,
              "code": "_home.default.askArvestInput().should('have.attr', 'placeholder', 'Enter a Question or Keyword');",
              "err": {},
              "uuid": "fd0242d2-edf1-49a6-b9cd-fb623dd824e0",
              "parentUUID": "f2f1d0b4-a512-4b5a-90d5-9a270c026230",
              "isHook": false,
              "skipped": false
            },
            {
              "title": "Verify \"ASK\" button is displayed on Top Menu",
              "fullTitle": "Verify Home page Verify \"ASK\" button is displayed on Top Menu",
              "timedOut": null,
              "duration": 2671,
              "state": "passed",
              "speed": "fast",
              "pass": true,
              "fail": false,
              "pending": false,
              "context": null,
              "code": "_home.default.askButton().should('have.attr', 'value', 'Ask').should('be.visible');",
              "err": {},
              "uuid": "c1a80046-c92d-4b5a-a759-e02a9d11479b",
              "parentUUID": "f2f1d0b4-a512-4b5a-90d5-9a270c026230",
              "isHook": false,
              "skipped": false
            },
            {
              "title": "Verify \"Arvest\" logo is displayed on Top left corner",
              "fullTitle": "Verify Home page Verify \"Arvest\" logo is displayed on Top left corner",
              "timedOut": null,
              "duration": 4618,
              "state": "passed",
              "speed": "fast",
              "pass": true,
              "fail": false,
              "pending": false,
              "context": null,
              "code": "_home.default.arvestLogo().children().should('have.attr', 'href', '/').should('be.visible');",
              "err": {},
              "uuid": "5cd31251-8857-477f-acb4-7d6fc97c9425",
              "parentUUID": "f2f1d0b4-a512-4b5a-90d5-9a270c026230",
              "isHook": false,
              "skipped": false
            },
            {
              "title": "Verify ATM & Branch locations label being displayed",
              "fullTitle": "Verify Home page Verify ATM & Branch locations label being displayed",
              "timedOut": null,
              "duration": 1652,
              "state": "passed",
              "speed": "fast",
              "pass": true,
              "fail": false,
              "pending": false,
              "context": null,
              "code": "_home.default.atmBranchLabel().contains('Atm & Branch Locations').should('be.visible');",
              "err": {},
              "uuid": "9e36b70e-424d-48a0-a0c9-9313392d229f",
              "parentUUID": "f2f1d0b4-a512-4b5a-90d5-9a270c026230",
              "isHook": false,
              "skipped": false
            },
            {
              "title": "Verify ATM & Branch field being displayed",
              "fullTitle": "Verify Home page Verify ATM & Branch field being displayed",
              "timedOut": null,
              "duration": 1897,
              "state": "passed",
              "speed": "fast",
              "pass": true,
              "fail": false,
              "pending": false,
              "context": null,
              "code": "_home.default.atmBranchField().should('have.attr', 'placeholder', 'City, State or Zip');",
              "err": {},
              "uuid": "9b0b93b9-3882-4bee-a868-36719dac1505",
              "parentUUID": "f2f1d0b4-a512-4b5a-90d5-9a270c026230",
              "isHook": false,
              "skipped": false
            },
            {
              "title": "Verify \"Go\" button is displayed for ATM branch",
              "fullTitle": "Verify Home page Verify \"Go\" button is displayed for ATM branch",
              "timedOut": null,
              "duration": 2386,
              "state": "passed",
              "speed": "fast",
              "pass": true,
              "fail": false,
              "pending": false,
              "context": null,
              "code": "_home.default.atmBranchButton().should('have.attr', 'value', 'Go').should('be.visible');",
              "err": {},
              "uuid": "4b34145c-2a0e-4d7c-b0e2-30dc0b931497",
              "parentUUID": "f2f1d0b4-a512-4b5a-90d5-9a270c026230",
              "isHook": false,
              "skipped": false
            },
            {
              "title": "Verify Main Nav is displayed",
              "fullTitle": "Verify Home page Verify Main Nav is displayed",
              "timedOut": null,
              "duration": 1942,
              "state": "passed",
              "speed": "fast",
              "pass": true,
              "fail": false,
              "pending": false,
              "context": null,
              "code": "_home.default.mainNav().should('be.visible');",
              "err": {},
              "uuid": "fdfc4163-e457-4a6a-9841-bd87b108a1e1",
              "parentUUID": "f2f1d0b4-a512-4b5a-90d5-9a270c026230",
              "isHook": false,
              "skipped": false
            },
            {
              "title": "Verify Personal is displayed in Main Nav",
              "fullTitle": "Verify Home page Verify Personal is displayed in Main Nav",
              "timedOut": null,
              "duration": 2469,
              "state": "passed",
              "speed": "fast",
              "pass": true,
              "fail": false,
              "pending": false,
              "context": null,
              "code": "_home.default.mainNav().children().contains(\"Personal\").trigger('mouseover').click();",
              "err": {},
              "uuid": "8dde70f5-d111-49f6-94ff-7dabe4b962ee",
              "parentUUID": "f2f1d0b4-a512-4b5a-90d5-9a270c026230",
              "isHook": false,
              "skipped": false
            },
            {
              "title": "Verify Business is displayed in Main Nav",
              "fullTitle": "Verify Home page Verify Business is displayed in Main Nav",
              "timedOut": null,
              "duration": 1703,
              "state": "passed",
              "speed": "fast",
              "pass": true,
              "fail": false,
              "pending": false,
              "context": null,
              "code": "_home.default.mainNav().children().contains(\"Business\");",
              "err": {},
              "uuid": "18030124-dc5a-48c5-aa5b-46baf84787fa",
              "parentUUID": "f2f1d0b4-a512-4b5a-90d5-9a270c026230",
              "isHook": false,
              "skipped": false
            },
            {
              "title": "Verify Personal is displayed in Main Nav",
              "fullTitle": "Verify Home page Verify Personal is displayed in Main Nav",
              "timedOut": null,
              "duration": 2924,
              "state": "passed",
              "speed": "fast",
              "pass": true,
              "fail": false,
              "pending": false,
              "context": null,
              "code": "_home.default.mainNav().children().contains(\"Credit Cards\");",
              "err": {},
              "uuid": "42ee1aa2-fba8-4eae-a14b-f4bfd78a7c9a",
              "parentUUID": "f2f1d0b4-a512-4b5a-90d5-9a270c026230",
              "isHook": false,
              "skipped": false
            },
            {
              "title": "Verify Credit Cards is displayed in Main Nav",
              "fullTitle": "Verify Home page Verify Credit Cards is displayed in Main Nav",
              "timedOut": null,
              "duration": 1772,
              "state": "passed",
              "speed": "fast",
              "pass": true,
              "fail": false,
              "pending": false,
              "context": null,
              "code": "_home.default.mainNav().children().contains(\"Home Loans\");",
              "err": {},
              "uuid": "b47efbe0-0439-44a8-8d58-6d874c171fe6",
              "parentUUID": "f2f1d0b4-a512-4b5a-90d5-9a270c026230",
              "isHook": false,
              "skipped": false
            },
            {
              "title": "Verify Investments & Trusts is displayed in Main Nav",
              "fullTitle": "Verify Home page Verify Investments & Trusts is displayed in Main Nav",
              "timedOut": null,
              "duration": 1653,
              "state": "passed",
              "speed": "fast",
              "pass": true,
              "fail": false,
              "pending": false,
              "context": null,
              "code": "_home.default.mainNav().children().contains(\"Investments & Trusts\");",
              "err": {},
              "uuid": "0deb06ae-f1bf-4783-ad93-a66e47faa4a0",
              "parentUUID": "f2f1d0b4-a512-4b5a-90d5-9a270c026230",
              "isHook": false,
              "skipped": false
            },
            {
              "title": "Verify Log In To link displayed on Main Nav",
              "fullTitle": "Verify Home page Verify Log In To link displayed on Main Nav",
              "timedOut": null,
              "duration": 2080,
              "state": "passed",
              "speed": "fast",
              "pass": true,
              "fail": false,
              "pending": false,
              "context": null,
              "code": "_home.default.logInTo_Main_Nav().contains(\"LOG IN TO...\");",
              "err": {},
              "uuid": "2ccb88bc-ae9a-4bb1-a7b2-2814ca879f37",
              "parentUUID": "f2f1d0b4-a512-4b5a-90d5-9a270c026230",
              "isHook": false,
              "skipped": false
            },
            {
              "title": "Verify \"Enter your Login Id\" section is displayed",
              "fullTitle": "Verify Home page Verify \"Enter your Login Id\" section is displayed",
              "timedOut": null,
              "duration": 3296,
              "state": "passed",
              "speed": "fast",
              "pass": true,
              "fail": false,
              "pending": false,
              "context": null,
              "code": "_home.default.logInId().should(\"be.visible\");",
              "err": {},
              "uuid": "dc6b4cbe-0c77-4134-85f6-afbc75aa10f7",
              "parentUUID": "f2f1d0b4-a512-4b5a-90d5-9a270c026230",
              "isHook": false,
              "skipped": false
            },
            {
              "title": "Verify \"Enter your Login Id\" Placeholder text is displayed",
              "fullTitle": "Verify Home page Verify \"Enter your Login Id\" Placeholder text is displayed",
              "timedOut": null,
              "duration": 3248,
              "state": "passed",
              "speed": "fast",
              "pass": true,
              "fail": false,
              "pending": false,
              "context": null,
              "code": "_home.default.logInIdInputFieldLeftNav().should('have.attr', 'placeholder', 'Enter Your Login ID');",
              "err": {},
              "uuid": "fe1f0ac4-9e8f-4439-b928-3eba41d90c1b",
              "parentUUID": "f2f1d0b4-a512-4b5a-90d5-9a270c026230",
              "isHook": false,
              "skipped": false
            },
            {
              "title": "Verify \"LOG IN\" button is displayed",
              "fullTitle": "Verify Home page Verify \"LOG IN\" button is displayed",
              "timedOut": null,
              "duration": 2316,
              "state": "passed",
              "speed": "fast",
              "pass": true,
              "fail": false,
              "pending": false,
              "context": null,
              "code": "_home.default.logInButtonLeftNav().should('have.attr', 'value', 'LOG IN');",
              "err": {},
              "uuid": "013a53a9-b9ff-4a35-96ae-bb11e5a99bbb",
              "parentUUID": "f2f1d0b4-a512-4b5a-90d5-9a270c026230",
              "isHook": false,
              "skipped": false
            },
            {
              "title": "Glide is displayed",
              "fullTitle": "Verify Home page Glide is displayed",
              "timedOut": null,
              "duration": 2475,
              "state": "passed",
              "speed": "fast",
              "pass": true,
              "fail": false,
              "pending": false,
              "context": null,
              "code": "_home.default.glideHome().should('be.visible');",
              "err": {},
              "uuid": "5992e9b0-c970-43cc-9539-0596f9758585",
              "parentUUID": "f2f1d0b4-a512-4b5a-90d5-9a270c026230",
              "isHook": false,
              "skipped": false
            },
            {
              "title": " 1st slider is displayed in the Glide",
              "fullTitle": "Verify Home page  1st slider is displayed in the Glide",
              "timedOut": null,
              "duration": 2740,
              "state": "passed",
              "speed": "fast",
              "pass": true,
              "fail": false,
              "pending": false,
              "context": null,
              "code": "_home.default.glideHome().contains('CD Rate Special');",
              "err": {},
              "uuid": "1b9cafab-7e4c-4b5b-988a-07e48e71e414",
              "parentUUID": "f2f1d0b4-a512-4b5a-90d5-9a270c026230",
              "isHook": false,
              "skipped": false
            },
            {
              "title": " 2nd slider is displayed in the Glide",
              "fullTitle": "Verify Home page  2nd slider is displayed in the Glide",
              "timedOut": null,
              "duration": 1816,
              "state": "passed",
              "speed": "fast",
              "pass": true,
              "fail": false,
              "pending": false,
              "context": null,
              "code": "_home.default.glideHome().contains('Consumer Loans');",
              "err": {},
              "uuid": "f0905166-4816-4901-98d8-0dad806a9479",
              "parentUUID": "f2f1d0b4-a512-4b5a-90d5-9a270c026230",
              "isHook": false,
              "skipped": false
            },
            {
              "title": " 3rd slider is displayed in the Glide",
              "fullTitle": "Verify Home page  3rd slider is displayed in the Glide",
              "timedOut": null,
              "duration": 1796,
              "state": "passed",
              "speed": "fast",
              "pass": true,
              "fail": false,
              "pending": false,
              "context": null,
              "code": "_home.default.glideHome().contains('Corporate Card');",
              "err": {},
              "uuid": "01718e6e-9ee3-4606-9741-308c1673ab5b",
              "parentUUID": "f2f1d0b4-a512-4b5a-90d5-9a270c026230",
              "isHook": false,
              "skipped": false
            },
            {
              "title": " 4th slider is displayed in the Glide",
              "fullTitle": "Verify Home page  4th slider is displayed in the Glide",
              "timedOut": null,
              "duration": 1644,
              "state": "passed",
              "speed": "fast",
              "pass": true,
              "fail": false,
              "pending": false,
              "context": null,
              "code": "_home.default.glideHome().contains('Home Equity Lines');",
              "err": {},
              "uuid": "6a7de03b-773c-4cff-83af-361d8cac27f5",
              "parentUUID": "f2f1d0b4-a512-4b5a-90d5-9a270c026230",
              "isHook": false,
              "skipped": false
            },
            {
              "title": " \"Social Media\" section is displayed in the footer",
              "fullTitle": "Verify Home page  \"Social Media\" section is displayed in the footer",
              "timedOut": null,
              "duration": 2754,
              "state": "passed",
              "speed": "fast",
              "pass": true,
              "fail": false,
              "pending": false,
              "context": null,
              "code": "_home.default.socialMedia().should('is.visible');",
              "err": {},
              "uuid": "276347da-57b9-45e7-ba05-ffc737cb4dc3",
              "parentUUID": "f2f1d0b4-a512-4b5a-90d5-9a270c026230",
              "isHook": false,
              "skipped": false
            },
            {
              "title": " \"Share\" icon is displayed first in Social Media Section",
              "fullTitle": "Verify Home page  \"Share\" icon is displayed first in Social Media Section",
              "timedOut": null,
              "duration": 2516,
              "state": "passed",
              "speed": "fast",
              "pass": true,
              "fail": false,
              "pending": false,
              "context": null,
              "code": "_home.default.socialMedia().find('ul > li:nth-child(1)').children().should('have.attr', 'data-icon', 'social').click();",
              "err": {},
              "uuid": "e037febf-068d-4b0e-bb1a-8ac307499b11",
              "parentUUID": "f2f1d0b4-a512-4b5a-90d5-9a270c026230",
              "isHook": false,
              "skipped": false
            },
            {
              "title": " \"Facebook\" icon is displayed first in Social Media Section",
              "fullTitle": "Verify Home page  \"Facebook\" icon is displayed first in Social Media Section",
              "timedOut": null,
              "duration": 14859,
              "state": "passed",
              "speed": "slow",
              "pass": true,
              "fail": false,
              "pending": false,
              "context": null,
              "code": "_home.default.socialMedia().find('ul > li:nth-child(2)').children().should('have.attr', 'data-icon', 'facebook').click();",
              "err": {},
              "uuid": "4669a597-9576-41e0-97ad-0ea13d83c9d3",
              "parentUUID": "f2f1d0b4-a512-4b5a-90d5-9a270c026230",
              "isHook": false,
              "skipped": false
            },
            {
              "title": " \"Twitter\" icon is displayed first in Social Media Section",
              "fullTitle": "Verify Home page  \"Twitter\" icon is displayed first in Social Media Section",
              "timedOut": null,
              "duration": 2394,
              "state": "passed",
              "speed": "fast",
              "pass": true,
              "fail": false,
              "pending": false,
              "context": null,
              "code": "_home.default.socialMedia().find('ul > li:nth-child(3)').children().should('have.attr', 'data-icon', 'twitter').click();",
              "err": {},
              "uuid": "3f47b342-2ec1-4190-8a9a-65a7c53ac101",
              "parentUUID": "f2f1d0b4-a512-4b5a-90d5-9a270c026230",
              "isHook": false,
              "skipped": false
            },
            {
              "title": " \"Instagrm\" icon is displayed first in Social Media Section",
              "fullTitle": "Verify Home page  \"Instagrm\" icon is displayed first in Social Media Section",
              "timedOut": null,
              "duration": 2166,
              "state": "passed",
              "speed": "fast",
              "pass": true,
              "fail": false,
              "pending": false,
              "context": null,
              "code": "_home.default.socialMedia().find('ul > li:nth-child(4)').children().should('have.attr', 'data-icon', 'instagram').click();",
              "err": {},
              "uuid": "afb4c680-8e65-4c2e-9c68-55399d31d1a3",
              "parentUUID": "f2f1d0b4-a512-4b5a-90d5-9a270c026230",
              "isHook": false,
              "skipped": false
            },
            {
              "title": " \"Youtube\" icon is displayed first in Social Media Section",
              "fullTitle": "Verify Home page  \"Youtube\" icon is displayed first in Social Media Section",
              "timedOut": null,
              "duration": 2836,
              "state": "passed",
              "speed": "fast",
              "pass": true,
              "fail": false,
              "pending": false,
              "context": null,
              "code": "_home.default.socialMedia().find('ul > li:nth-child(5)').children().should('have.attr', 'data-icon', 'youtube').click();",
              "err": {},
              "uuid": "e99e534a-68f5-4789-b998-e8ffe4b16189",
              "parentUUID": "f2f1d0b4-a512-4b5a-90d5-9a270c026230",
              "isHook": false,
              "skipped": false
            },
            {
              "title": " \"Privacy & Security\" link is displayed on the footer",
              "fullTitle": "Verify Home page  \"Privacy & Security\" link is displayed on the footer",
              "timedOut": null,
              "duration": 2701,
              "state": "passed",
              "speed": "fast",
              "pass": true,
              "fail": false,
              "pending": false,
              "context": null,
              "code": "_home.default.privacyLinks().find('ul > li:nth-child(1)').contains('Privacy & Security');",
              "err": {},
              "uuid": "8dfb0984-3250-4d56-9f86-6a3258e4e7f3",
              "parentUUID": "f2f1d0b4-a512-4b5a-90d5-9a270c026230",
              "isHook": false,
              "skipped": false
            },
            {
              "title": " \"Available Properties\" link is displayed on the footer",
              "fullTitle": "Verify Home page  \"Available Properties\" link is displayed on the footer",
              "timedOut": null,
              "duration": 2514,
              "state": "passed",
              "speed": "fast",
              "pass": true,
              "fail": false,
              "pending": false,
              "context": null,
              "code": "_home.default.privacyLinks().find('ul > li:nth-child(2)').contains('Available Properties');",
              "err": {},
              "uuid": "1f635353-c928-4c84-8cf7-a7d6340709fb",
              "parentUUID": "f2f1d0b4-a512-4b5a-90d5-9a270c026230",
              "isHook": false,
              "skipped": false
            },
            {
              "title": " \"Education Center\" link is displayed on the footer",
              "fullTitle": "Verify Home page  \"Education Center\" link is displayed on the footer",
              "timedOut": null,
              "duration": 3095,
              "state": "passed",
              "speed": "fast",
              "pass": true,
              "fail": false,
              "pending": false,
              "context": null,
              "code": "_home.default.privacyLinks().find('ul > li:nth-child(3)').contains('Education Center');",
              "err": {},
              "uuid": "75cb335d-532e-49e0-bd5f-39b8ce089017",
              "parentUUID": "f2f1d0b4-a512-4b5a-90d5-9a270c026230",
              "isHook": false,
              "skipped": false
            },
            {
              "title": " \"Documents & Resources\" link is displayed on the footer",
              "fullTitle": "Verify Home page  \"Documents & Resources\" link is displayed on the footer",
              "timedOut": null,
              "duration": 2294,
              "state": "passed",
              "speed": "fast",
              "pass": true,
              "fail": false,
              "pending": false,
              "context": null,
              "code": "_home.default.privacyLinks().find('ul > li:nth-child(4)').contains('Documents & Resources');",
              "err": {},
              "uuid": "40169968-56dd-4f7e-a920-58d448502879",
              "parentUUID": "f2f1d0b4-a512-4b5a-90d5-9a270c026230",
              "isHook": false,
              "skipped": false
            },
            {
              "title": " \"Site Map\" link is displayed on the footer",
              "fullTitle": "Verify Home page  \"Site Map\" link is displayed on the footer",
              "timedOut": null,
              "duration": 7670,
              "state": "passed",
              "speed": "medium",
              "pass": true,
              "fail": false,
              "pending": false,
              "context": null,
              "code": "_home.default.privacyLinks().find('ul > li:nth-child(5)').contains('Site Map').click();\ncy.title().should('eq', 'Sitemap | Arvest Bank');",
              "err": {},
              "uuid": "4c92358a-cf91-4ae9-811c-5b3ad292ddb3",
              "parentUUID": "f2f1d0b4-a512-4b5a-90d5-9a270c026230",
              "isHook": false,
              "skipped": false
            }
          ],
          "suites": [],
          "passes": [
            "a9069825-bcbc-442a-b8a8-d73a5d5dc586",
            "bb665c33-d245-463e-b5d0-8a5ee0ab6c0f",
            "e1f1398d-c40c-49f7-96fc-a85329077d11",
            "c3fc0e7a-254f-48a6-a628-433885407639",
            "9b488dcc-d9e0-4353-82c2-6de9ce26820f",
            "6d759795-9b07-4c6b-9fbf-bb5c8600dc29",
            "20b0200f-d779-4131-a105-3e6c8079c075",
            "fd0242d2-edf1-49a6-b9cd-fb623dd824e0",
            "c1a80046-c92d-4b5a-a759-e02a9d11479b",
            "5cd31251-8857-477f-acb4-7d6fc97c9425",
            "9e36b70e-424d-48a0-a0c9-9313392d229f",
            "9b0b93b9-3882-4bee-a868-36719dac1505",
            "4b34145c-2a0e-4d7c-b0e2-30dc0b931497",
            "fdfc4163-e457-4a6a-9841-bd87b108a1e1",
            "8dde70f5-d111-49f6-94ff-7dabe4b962ee",
            "18030124-dc5a-48c5-aa5b-46baf84787fa",
            "42ee1aa2-fba8-4eae-a14b-f4bfd78a7c9a",
            "b47efbe0-0439-44a8-8d58-6d874c171fe6",
            "0deb06ae-f1bf-4783-ad93-a66e47faa4a0",
            "2ccb88bc-ae9a-4bb1-a7b2-2814ca879f37",
            "dc6b4cbe-0c77-4134-85f6-afbc75aa10f7",
            "fe1f0ac4-9e8f-4439-b928-3eba41d90c1b",
            "013a53a9-b9ff-4a35-96ae-bb11e5a99bbb",
            "5992e9b0-c970-43cc-9539-0596f9758585",
            "1b9cafab-7e4c-4b5b-988a-07e48e71e414",
            "f0905166-4816-4901-98d8-0dad806a9479",
            "01718e6e-9ee3-4606-9741-308c1673ab5b",
            "6a7de03b-773c-4cff-83af-361d8cac27f5",
            "276347da-57b9-45e7-ba05-ffc737cb4dc3",
            "e037febf-068d-4b0e-bb1a-8ac307499b11",
            "4669a597-9576-41e0-97ad-0ea13d83c9d3",
            "3f47b342-2ec1-4190-8a9a-65a7c53ac101",
            "afb4c680-8e65-4c2e-9c68-55399d31d1a3",
            "e99e534a-68f5-4789-b998-e8ffe4b16189",
            "8dfb0984-3250-4d56-9f86-6a3258e4e7f3",
            "1f635353-c928-4c84-8cf7-a7d6340709fb",
            "75cb335d-532e-49e0-bd5f-39b8ce089017",
            "40169968-56dd-4f7e-a920-58d448502879",
            "4c92358a-cf91-4ae9-811c-5b3ad292ddb3"
          ],
          "failures": [],
          "pending": [],
          "skipped": [],
          "duration": 121934,
          "root": false,
          "rootEmpty": false,
          "_timeout": 2000
        }
      ],
      "passes": [],
      "failures": [],
      "pending": [],
      "skipped": [],
      "duration": 0,
      "root": true,
      "rootEmpty": true,
      "_timeout": 2000
    }
  ],
  "meta": {
    "mocha": {
      "version": "7.0.1"
    },
    "mochawesome": {
      "options": {
        "quiet": false,
        "reportFilename": "mochawesome",
        "saveHtml": false,
        "saveJson": true,
        "consoleReporter": "spec",
        "useInlineDiffs": false,
        "code": true
      },
      "version": "6.3.1"
    },
    "marge": {
      "options": {
        "id": "default",
        "reportDir": "cypress/reports/mocha",
        "quite": true,
        "overwrite": false,
        "html": false,
        "json": true
      },
      "version": "5.2.0"
    }
  }
}