{
  "stats": {
    "suites": 1,
    "tests": 7,
    "passes": 7,
    "pending": 0,
    "failures": 0,
    "start": "2022-11-10T06:29:34.324Z",
    "end": "2022-11-10T06:29:42.011Z",
    "duration": 7687,
    "testsRegistered": 7,
    "passPercent": 100,
    "pendingPercent": 0,
    "other": 0,
    "hasOther": false,
    "skipped": 0,
    "hasSkipped": false
  },
  "results": [
    {
      "uuid": "cb291ad3-4580-4e8d-80c3-e557cdc2d7a1",
      "title": "",
      "fullFile": "cypress/e2e/specs/home_mobile.spec.js",
      "file": "cypress/e2e/specs/home_mobile.spec.js",
      "beforeHooks": [],
      "afterHooks": [],
      "tests": [],
      "suites": [
        {
          "uuid": "daf8b1be-23f8-42f3-b2dc-72474d436427",
          "title": "Verify Arvest Home page on iPhone Pro Max 11",
          "fullFile": "",
          "file": "",
          "beforeHooks": [],
          "afterHooks": [],
          "tests": [
            {
              "title": "Verify Hamburger Menu is displayed on Mobile",
              "fullTitle": "Verify Arvest Home page on iPhone Pro Max 11 Verify Hamburger Menu is displayed on Mobile",
              "timedOut": null,
              "duration": 1763,
              "state": "passed",
              "speed": "fast",
              "pass": true,
              "fail": false,
              "pending": false,
              "context": null,
              "code": "_home.default.mobileBranding().should('be.visible');\n_home.default.mobileBranding().find('[type=button]').should('be.visible');",
              "err": {},
              "uuid": "bd17318c-be9c-4db2-b7a6-a06c64833058",
              "parentUUID": "daf8b1be-23f8-42f3-b2dc-72474d436427",
              "isHook": false,
              "skipped": false
            },
            {
              "title": "Verify Seven Menu ilinks displayed under Hamburger menu",
              "fullTitle": "Verify Arvest Home page on iPhone Pro Max 11 Verify Seven Menu ilinks displayed under Hamburger menu",
              "timedOut": null,
              "duration": 999,
              "state": "passed",
              "speed": "fast",
              "pass": true,
              "fail": false,
              "pending": false,
              "context": null,
              "code": "_home.default.mobileBranding().should('be.visible');\n_home.default.mobileBranding().find('[type=button]').should('be.visible').click();\n_home.default.mobileMenulinks().should('have.length', 7);",
              "err": {},
              "uuid": "19f9f252-6872-4e2c-94d1-87c4a444b114",
              "parentUUID": "daf8b1be-23f8-42f3-b2dc-72474d436427",
              "isHook": false,
              "skipped": false
            },
            {
              "title": "Verify \"Personal\" menu link is displayed under Hamburger menu",
              "fullTitle": "Verify Arvest Home page on iPhone Pro Max 11 Verify \"Personal\" menu link is displayed under Hamburger menu",
              "timedOut": null,
              "duration": 1001,
              "state": "passed",
              "speed": "fast",
              "pass": true,
              "fail": false,
              "pending": false,
              "context": null,
              "code": "_home.default.mobileBranding().should('be.visible');\n_home.default.mobileBranding().find('[type=button]').click();\n_home.default.mobileMenulinks().contains('Personal').should('have.attr', 'aria-expanded', 'false').should('be.visible').click();\n_home.default.mobileMenulinks().contains('Personal').should('have.attr', 'aria-expanded', 'true').should('be.visible');",
              "err": {},
              "uuid": "cc29e378-e839-4ea4-8047-6ba76de4cba1",
              "parentUUID": "daf8b1be-23f8-42f3-b2dc-72474d436427",
              "isHook": false,
              "skipped": false
            },
            {
              "title": "Verify \"Business\"  menu link  is displayed under Hamburger menu",
              "fullTitle": "Verify Arvest Home page on iPhone Pro Max 11 Verify \"Business\"  menu link  is displayed under Hamburger menu",
              "timedOut": null,
              "duration": 1067,
              "state": "passed",
              "speed": "fast",
              "pass": true,
              "fail": false,
              "pending": false,
              "context": null,
              "code": "_home.default.mobileBranding().should('be.visible');\n_home.default.mobileBranding().find('[type=button]').click();\n_home.default.mobileMenulinks().contains('Business').should('have.attr', 'aria-expanded', 'false').should('be.visible').click();\n_home.default.mobileMenulinks().contains('Business').should('have.attr', 'aria-expanded', 'true').should('be.visible');\n_home.default.mobileMenulinks().contains('Small Business Deposits').should('be.visible');\n_home.default.mobileMenulinks().contains('Apply for Loan or Line').should('be.visible');",
              "err": {},
              "uuid": "54c5a2c9-2077-4456-9a1d-e38112944d45",
              "parentUUID": "daf8b1be-23f8-42f3-b2dc-72474d436427",
              "isHook": false,
              "skipped": false
            },
            {
              "title": "Verify \"Credit Cards\"  menu link  is displayed under Hamburger menu",
              "fullTitle": "Verify Arvest Home page on iPhone Pro Max 11 Verify \"Credit Cards\"  menu link  is displayed under Hamburger menu",
              "timedOut": null,
              "duration": 998,
              "state": "passed",
              "speed": "fast",
              "pass": true,
              "fail": false,
              "pending": false,
              "context": null,
              "code": "_home.default.mobileBranding().should('be.visible');\n_home.default.mobileBranding().find('[type=button]').click();\ncy.get('nav.coh-container.main-menu> ul > li:nth-child(3)>span').should('have.attr', 'aria-expanded', 'false').click(); //HomePage.mobileMenulinks().select(3).contains('Credit Cards').click()\n//.should('have.attr', 'aria-expanded', 'false').click()\n// HomePage.mobileMenulinks().contains('Credit Cards').should('have.attr', 'aria-expanded', 'true').should('be.visible')\n_home.default.mobileMenulinks().contains('Credit Card Options').should('be.visible');\n_home.default.mobileMenulinks().contains('Log In to Your Personal Account').should('be.visible');\n_home.default.mobileMenulinks().contains('Log In to Your Business Account').should('be.visible');",
              "err": {},
              "uuid": "d3c41806-ca32-4b0c-9f5f-7e84ce807345",
              "parentUUID": "daf8b1be-23f8-42f3-b2dc-72474d436427",
              "isHook": false,
              "skipped": false
            },
            {
              "title": "Verify \"Home Loans\" menu link is displayed under Hamburger menu",
              "fullTitle": "Verify Arvest Home page on iPhone Pro Max 11 Verify \"Home Loans\" menu link is displayed under Hamburger menu",
              "timedOut": null,
              "duration": 884,
              "state": "passed",
              "speed": "fast",
              "pass": true,
              "fail": false,
              "pending": false,
              "context": null,
              "code": "_home.default.mobileBranding().should('be.visible');\n_home.default.mobileBranding().find('[type=button]').click();\n_home.default.mobileMenulinks().contains('Personal').should('be.visible').click();\n_home.default.mobileMenulinks().contains('Bank').should('be.visible');",
              "err": {},
              "uuid": "5a1fe373-b2a7-493a-a549-27a84406c4c4",
              "parentUUID": "daf8b1be-23f8-42f3-b2dc-72474d436427",
              "isHook": false,
              "skipped": false
            },
            {
              "title": "Verify \"Investments & Trusts\"  menu link is displayed under Hamburger menu",
              "fullTitle": "Verify Arvest Home page on iPhone Pro Max 11 Verify \"Investments & Trusts\"  menu link is displayed under Hamburger menu",
              "timedOut": null,
              "duration": 856,
              "state": "passed",
              "speed": "fast",
              "pass": true,
              "fail": false,
              "pending": false,
              "context": null,
              "code": "_home.default.mobileBranding().should('be.visible');\n_home.default.mobileBranding().find('[type=button]').click();\n_home.default.mobileMenulinks().contains('Personal').should('be.visible').click();\n_home.default.mobileMenulinks().contains('Bank').should('be.visible');",
              "err": {},
              "uuid": "976a5271-4ffc-42e5-9961-06311a4848b6",
              "parentUUID": "daf8b1be-23f8-42f3-b2dc-72474d436427",
              "isHook": false,
              "skipped": false
            }
          ],
          "suites": [],
          "passes": [
            "bd17318c-be9c-4db2-b7a6-a06c64833058",
            "19f9f252-6872-4e2c-94d1-87c4a444b114",
            "cc29e378-e839-4ea4-8047-6ba76de4cba1",
            "54c5a2c9-2077-4456-9a1d-e38112944d45",
            "d3c41806-ca32-4b0c-9f5f-7e84ce807345",
            "5a1fe373-b2a7-493a-a549-27a84406c4c4",
            "976a5271-4ffc-42e5-9961-06311a4848b6"
          ],
          "failures": [],
          "pending": [],
          "skipped": [],
          "duration": 7568,
          "root": false,
          "rootEmpty": false,
          "_timeout": 2000
        }
      ],
      "passes": [],
      "failures": [],
      "pending": [],
      "skipped": [],
      "duration": 0,
      "root": true,
      "rootEmpty": true,
      "_timeout": 2000
    }
  ],
  "meta": {
    "mocha": {
      "version": "7.0.1"
    },
    "mochawesome": {
      "options": {
        "quiet": false,
        "reportFilename": "mochawesome",
        "saveHtml": false,
        "saveJson": true,
        "consoleReporter": "spec",
        "useInlineDiffs": false,
        "code": true
      },
      "version": "6.3.1"
    },
    "marge": {
      "options": {
        "id": "default",
        "reportDir": "cypress/reports/mocha",
        "quite": true,
        "overwrite": false,
        "html": false,
        "json": true
      },
      "version": "5.2.0"
    }
  }
}