{
  "stats": {
    "suites": 1,
    "tests": 4,
    "passes": 4,
    "pending": 0,
    "failures": 0,
    "start": "2020-08-06T19:10:23.168Z",
    "end": "2020-08-06T19:11:08.476Z",
    "duration": 45308,
    "testsRegistered": 4,
    "passPercent": 100,
    "pendingPercent": 0,
    "other": 0,
    "hasOther": false,
    "skipped": 0,
    "hasSkipped": false
  },
  "results": [
    {
      "uuid": "e5fb2d01-ef88-4904-b076-29b03d384063",
      "title": "",
      "fullFile": "cypress/integration/specs/gated_asset.spec.js",
      "file": "cypress/integration/specs/gated_asset.spec.js",
      "beforeHooks": [],
      "afterHooks": [],
      "tests": [],
      "suites": [
        {
          "uuid": "72c3fd17-f369-4edc-ad1b-b1534b22af35",
          "title": "Verify Gated Asset page",
          "fullFile": "",
          "file": "",
          "beforeHooks": [],
          "afterHooks": [],
          "tests": [
            {
              "title": "Verify Gated form being displayed",
              "fullTitle": "Verify Gated Asset page Verify Gated form being displayed",
              "timedOut": null,
              "duration": 14057,
              "state": "passed",
              "speed": "slow",
              "pass": true,
              "fail": false,
              "pending": false,
              "context": null,
              "code": "cy.contains('Watch Video').first().click();\ncy.url().should('contains', '/insights');\ncy.title().should('contains', 'Change Healthcare');\ncy.wait(5000);\ncy.get('.cmp-asset-embed__modal-inner-contents').should('be.visible');",
              "err": {},
              "uuid": "4ba508f7-3d08-4059-ae2b-01dba6e00a7e",
              "parentUUID": "72c3fd17-f369-4edc-ad1b-b1534b22af35",
              "isHook": false,
              "skipped": false
            },
            {
              "title": "Verify Go Back link being displayed",
              "fullTitle": "Verify Gated Asset page Verify Go Back link being displayed",
              "timedOut": null,
              "duration": 9783,
              "state": "passed",
              "speed": "slow",
              "pass": true,
              "fail": false,
              "pending": false,
              "context": null,
              "code": "cy.contains('Watch Video').first().click();\ncy.url().should('contains', '/insights');\ncy.title().should('contains', 'Change Healthcare');\ncy.wait(5000);\ncy.get('.cmp-asset-embed__modal-inner-contents').should('be.visible').contains('Go Back >>').should('be.visible').click();\ncy.url().should('contains', '/insights');",
              "err": {},
              "uuid": "15ff0368-b0e3-4d8b-8574-dab030bafd85",
              "parentUUID": "72c3fd17-f369-4edc-ad1b-b1534b22af35",
              "isHook": false,
              "skipped": false
            },
            {
              "title": "Verify Error message being displayed for required fields",
              "fullTitle": "Verify Gated Asset page Verify Error message being displayed for required fields",
              "timedOut": null,
              "duration": 10414,
              "state": "passed",
              "speed": "slow",
              "pass": true,
              "fail": false,
              "pending": false,
              "context": null,
              "code": "cy.contains('Watch Video').first().click();\ncy.url().should('contains', '/insights');\ncy.title().should('contains', 'Change Healthcare');\ncy.wait(5000);\ncy.get('.cmp-asset-embed__modal-inner-contents').should('be.visible').contains('Submit').click();\ncy.get('#field0-error').should('be.visible').should('have.text', 'This field is required.');\ncy.get('#field1-error').should('be.visible').should('have.text', 'This field is required.');\ncy.get('#field2-error').should('be.visible').should('have.text', 'This field is required.');\ncy.get('#field4-error').should('be.visible').should('have.text', 'This field is required.');\ncy.get('#field5-error').should('be.visible').should('have.text', 'This field is required.');\ncy.get('#field8-error').should('be.visible').should('have.text', 'This field is required.');",
              "err": {},
              "uuid": "85fa949e-d448-4b1d-b493-9a5b02ee57c1",
              "parentUUID": "72c3fd17-f369-4edc-ad1b-b1534b22af35",
              "isHook": false,
              "skipped": false
            },
            {
              "title": "Verify Gated asset being displayed on successful form Submission",
              "fullTitle": "Verify Gated Asset page Verify Gated asset being displayed on successful form Submission",
              "timedOut": null,
              "duration": 10824,
              "state": "passed",
              "speed": "slow",
              "pass": true,
              "fail": false,
              "pending": false,
              "context": null,
              "code": "cy.contains('Watch Video').first().click();\ncy.url().should('contains', '/insights');\ncy.title().should('contains', 'Change Healthcare');\ncy.wait(5000);\ncy.get('.cmp-asset-embed__modal-inner-contents').should('be.visible').contains(\"First Name\").type('Test');\ncy.get('#field1').type('Last Name');\ncy.get(\"[name='emailAddress']\").type('anowar.hossain@bounteous.com');\ncy.get(\"[name='company']\").type('Bounteous');\ncy.get(\"[name='organizationType1']\").select('Software Vendor');\ncy.get(\"[name='stateProv']\").select('IL');\ncy.get('.submit-button').click();\ncy.get('.cmp-article-header__title').should('be.visible');",
              "err": {},
              "uuid": "ef2e8a60-252b-48ba-a245-ed9d30e7be12",
              "parentUUID": "72c3fd17-f369-4edc-ad1b-b1534b22af35",
              "isHook": false,
              "skipped": false
            }
          ],
          "suites": [],
          "passes": [
            "4ba508f7-3d08-4059-ae2b-01dba6e00a7e",
            "15ff0368-b0e3-4d8b-8574-dab030bafd85",
            "85fa949e-d448-4b1d-b493-9a5b02ee57c1",
            "ef2e8a60-252b-48ba-a245-ed9d30e7be12"
          ],
          "failures": [],
          "pending": [],
          "skipped": [],
          "duration": 45078,
          "root": false,
          "rootEmpty": false,
          "_timeout": 2000
        }
      ],
      "passes": [],
      "failures": [],
      "pending": [],
      "skipped": [],
      "duration": 0,
      "root": true,
      "rootEmpty": true,
      "_timeout": 2000
    }
  ],
  "meta": {
    "mocha": {
      "version": "7.0.1"
    },
    "mochawesome": {
      "options": {
        "quiet": false,
        "reportFilename": "mochawesome",
        "saveHtml": false,
        "saveJson": true,
        "consoleReporter": "spec",
        "useInlineDiffs": false,
        "code": true
      },
      "version": "6.1.1"
    },
    "marge": {
      "options": {
        "id": "default",
        "reportDir": "cypress/reports/mocha",
        "quite": true,
        "overwrite": false,
        "html": false,
        "json": true
      },
      "version": "5.1.0"
    }
  }
}