{
  "stats": {
    "suites": 1,
    "tests": 2,
    "passes": 0,
    "pending": 0,
    "failures": 2,
    "start": "2022-11-10T06:28:06.744Z",
    "end": "2022-11-10T06:28:21.316Z",
    "duration": 14572,
    "testsRegistered": 2,
    "passPercent": 0,
    "pendingPercent": 0,
    "other": 0,
    "hasOther": false,
    "skipped": 0,
    "hasSkipped": false
  },
  "results": [
    {
      "uuid": "fcf54f80-c353-42c8-88a3-b6d403077a34",
      "title": "",
      "fullFile": "cypress/e2e/specs/find_private_banker.spec.js",
      "file": "cypress/e2e/specs/find_private_banker.spec.js",
      "beforeHooks": [],
      "afterHooks": [],
      "tests": [],
      "suites": [
        {
          "uuid": "279539ee-b83c-4b05-8d46-5ecfe3fce095",
          "title": "Verify \"FIND Private Banker\" page",
          "fullFile": "",
          "file": "",
          "beforeHooks": [],
          "afterHooks": [],
          "tests": [
            {
              "title": "Verify Find a Privae Banker page is displayed",
              "fullTitle": "Verify \"FIND Private Banker\" page Verify Find a Privae Banker page is displayed",
              "timedOut": null,
              "duration": 8853,
              "state": "failed",
              "speed": null,
              "pass": false,
              "fail": true,
              "pending": false,
              "context": null,
              "code": "cy.get('h1').contains(' Private Banking ').should('be.visible');\ncy.contains('SELECT YOUR LOCATION').should('be.visible');\n_find.default.location().should('be.visible');\ncy.contains('h2', \"SIMPLIFY YOUR LIFE WITH ONE PHONE CALL\").should('be.visible');",
              "err": {
                "message": "AssertionError: Timed out retrying after 4000ms: Expected to find element: `#edit-location--2`, but never found it.",
                "estack": "AssertionError: Timed out retrying after 4000ms: Expected to find element: `#edit-location--2`, but never found it.\n    at Context.eval (https://www.arvest.com/__cypress/tests?p=cypress/e2e/specs/find_private_banker.spec.js:290:30)",
                "diff": null
              },
              "uuid": "36c957f9-df8c-4d9f-925c-26a13e9f7d62",
              "parentUUID": "279539ee-b83c-4b05-8d46-5ecfe3fce095",
              "isHook": false,
              "skipped": false
            },
            {
              "title": "Verify Find a Advisor By Location Search",
              "fullTitle": "Verify \"FIND Private Banker\" page Verify Find a Advisor By Location Search",
              "timedOut": null,
              "duration": 5640,
              "state": "failed",
              "speed": null,
              "pass": false,
              "fail": true,
              "pending": false,
              "context": null,
              "code": "//FindOfficer.location().select('Little Rock, AR')\ncy.get('#edit-location--2').select('Little Rock, AR', {\n  force: true\n}); //cy.get('#edit-submit-private-banker-block--2').click()\ncy.get('.coh-blockquote').scrollIntoView();\ncy.contains('h3', \"Alicia Dewees\").should('be.visible');\n_find.default.privateBankerList().first().contains('Vice President / Private Banking Advisor').should('be.visible');\n_find.default.privateBankerList().contains('(501) 513-4577');\n_find.default.privateBankerList().contains('a', 'adewees@arvest.com');\n_find.default.privateBankerList().contains('69256');",
              "err": {
                "message": "AssertionError: Timed out retrying after 4000ms: Expected to find element: `#edit-location--2`, but never found it.",
                "estack": "AssertionError: Timed out retrying after 4000ms: Expected to find element: `#edit-location--2`, but never found it.\n    at Context.eval (https://www.arvest.com/__cypress/tests?p=cypress/e2e/specs/find_private_banker.spec.js:296:8)",
                "diff": null
              },
              "uuid": "b2576a71-95ca-4953-af76-03ade10fae5e",
              "parentUUID": "279539ee-b83c-4b05-8d46-5ecfe3fce095",
              "isHook": false,
              "skipped": false
            }
          ],
          "suites": [],
          "passes": [],
          "failures": [
            "36c957f9-df8c-4d9f-925c-26a13e9f7d62",
            "b2576a71-95ca-4953-af76-03ade10fae5e"
          ],
          "pending": [],
          "skipped": [],
          "duration": 14493,
          "root": false,
          "rootEmpty": false,
          "_timeout": 2000
        }
      ],
      "passes": [],
      "failures": [],
      "pending": [],
      "skipped": [],
      "duration": 0,
      "root": true,
      "rootEmpty": true,
      "_timeout": 2000
    }
  ],
  "meta": {
    "mocha": {
      "version": "7.0.1"
    },
    "mochawesome": {
      "options": {
        "quiet": false,
        "reportFilename": "mochawesome",
        "saveHtml": false,
        "saveJson": true,
        "consoleReporter": "spec",
        "useInlineDiffs": false,
        "code": true
      },
      "version": "6.3.1"
    },
    "marge": {
      "options": {
        "id": "default",
        "reportDir": "cypress/reports/mocha",
        "quite": true,
        "overwrite": false,
        "html": false,
        "json": true
      },
      "version": "5.2.0"
    }
  }
}