{
  "stats": {
    "suites": 1,
    "tests": 32,
    "passes": 31,
    "pending": 0,
    "failures": 1,
    "start": "2022-11-10T06:29:45.693Z",
    "end": "2022-11-10T06:31:43.643Z",
    "duration": 117950,
    "testsRegistered": 32,
    "passPercent": 96.875,
    "pendingPercent": 0,
    "other": 0,
    "hasOther": false,
    "skipped": 0,
    "hasSkipped": false
  },
  "results": [
    {
      "uuid": "32cbb2e9-c040-4642-8d11-39167a46bfc0",
      "title": "",
      "fullFile": "cypress/e2e/specs/pages.spec.js",
      "file": "cypress/e2e/specs/pages.spec.js",
      "beforeHooks": [],
      "afterHooks": [],
      "tests": [],
      "suites": [
        {
          "uuid": "3afafece-eaca-4380-9085-2c9dd2f47d1f",
          "title": "Verify Arvest Sanity tests",
          "fullFile": "",
          "file": "",
          "beforeHooks": [],
          "afterHooks": [],
          "tests": [
            {
              "title": " \"Career\" page is displayed",
              "fullTitle": "Verify Arvest Sanity tests  \"Career\" page is displayed",
              "timedOut": null,
              "duration": 2406,
              "state": "passed",
              "speed": "fast",
              "pass": true,
              "fail": false,
              "pending": false,
              "context": null,
              "code": "_home.default.topMenuList().children().contains('Careers').should('be.visible').click();\ncy.title().should('be.eq', 'Careers with Arvest & Family of Companies');",
              "err": {},
              "uuid": "1f35f480-a495-4c10-829e-7dd16b785f45",
              "parentUUID": "3afafece-eaca-4380-9085-2c9dd2f47d1f",
              "isHook": false,
              "skipped": false
            },
            {
              "title": " \"Verify Federated login",
              "fullTitle": "Verify Arvest Sanity tests  \"Verify Federated login",
              "timedOut": null,
              "duration": 3848,
              "state": "passed",
              "speed": "fast",
              "pass": true,
              "fail": false,
              "pending": false,
              "context": null,
              "code": "cy.visit('/user');\ncy.url().should('include', '/user/login');\ncy.title().should('be.eq', 'Log in | Arvest Bank');\n_links.default.federatedLoginScreen().contains(\"Username\").type('test@test.com');\n_links.default.federatedLoginScreen().contains(\"Password\").type('test@test.com'); //LinkPage.federatedLoginScreen().contains('Log in').click()\n//cy.contains('Unrecognized username or password')\n//cy.title().should('be.eq','Log in | Arvest Bank')\n//LinkPage.federatedLoginScreen().contains('Federated login').click()\n//cy.title().should('be.eq', 'Sign in to your account')",
              "err": {},
              "uuid": "0f9f65e9-0b17-425f-943e-24c9fd087f5d",
              "parentUUID": "3afafece-eaca-4380-9085-2c9dd2f47d1f",
              "isHook": false,
              "skipped": false
            },
            {
              "title": " \"Blueiq\" page is displayed",
              "fullTitle": "Verify Arvest Sanity tests  \"Blueiq\" page is displayed",
              "timedOut": null,
              "duration": 2896,
              "state": "passed",
              "speed": "fast",
              "pass": true,
              "fail": false,
              "pending": false,
              "context": null,
              "code": "cy.visit('/personal/bank/online/blueiq ');\ncy.title().should('be.eq', 'Online Banking with BlueIQ™ | Arvest Bank');",
              "err": {},
              "uuid": "405dbc45-1416-4761-a63d-88d52b6a1477",
              "parentUUID": "3afafece-eaca-4380-9085-2c9dd2f47d1f",
              "isHook": false,
              "skipped": false
            },
            {
              "title": " \"Wealth\" page is displayed",
              "fullTitle": "Verify Arvest Sanity tests  \"Wealth\" page is displayed",
              "timedOut": null,
              "duration": 2487,
              "state": "passed",
              "speed": "fast",
              "pass": true,
              "fail": false,
              "pending": false,
              "context": null,
              "code": "cy.visit('/wealth ');\ncy.title().should('be.eq', 'Wealth | Arvest Bank');",
              "err": {},
              "uuid": "403c9b4f-95e5-433c-abb4-2e1f31de36c2",
              "parentUUID": "3afafece-eaca-4380-9085-2c9dd2f47d1f",
              "isHook": false,
              "skipped": false
            },
            {
              "title": " \"Mortage Programs\" page is displayed",
              "fullTitle": "Verify Arvest Sanity tests  \"Mortage Programs\" page is displayed",
              "timedOut": null,
              "duration": 9990,
              "state": "passed",
              "speed": "medium",
              "pass": true,
              "fail": false,
              "pending": false,
              "context": null,
              "code": "cy.visit('/personal/borrow/home-loans/mortgage-programs');\ncy.title().should('be.eq', 'Mortgage Loan Programs for Homeowners | Arvest Bank');\ncy.contains('Conventional').click({\n  force: true\n});\ncy.title().should('be.eq', 'Conventional Mortgage Loans | Arvest Bank');\ncy.contains('Start Application Online').click();\ncy.wait(4000);\ncy.url().should('include', 'homehub/signup/MORTGAGELENDER@ARVEST.COM');",
              "err": {},
              "uuid": "ca551271-1edb-4ea0-8983-ba38c7b793e2",
              "parentUUID": "3afafece-eaca-4380-9085-2c9dd2f47d1f",
              "isHook": false,
              "skipped": false
            },
            {
              "title": " \"Checking\" page is displayed",
              "fullTitle": "Verify Arvest Sanity tests  \"Checking\" page is displayed",
              "timedOut": null,
              "duration": 1172,
              "state": "passed",
              "speed": "fast",
              "pass": true,
              "fail": false,
              "pending": false,
              "context": null,
              "code": "cy.visit('/personal/bank/checking');\ncy.title().should('be.eq', 'Explore Checking Account Options & Apply Today | Arvest Bank');",
              "err": {},
              "uuid": "d7853a8c-c069-46f1-abeb-2e6066220907",
              "parentUUID": "3afafece-eaca-4380-9085-2c9dd2f47d1f",
              "isHook": false,
              "skipped": false
            },
            {
              "title": " \"Free Blue Checking\" page is displayed",
              "fullTitle": "Verify Arvest Sanity tests  \"Free Blue Checking\" page is displayed",
              "timedOut": null,
              "duration": 1176,
              "state": "passed",
              "speed": "fast",
              "pass": true,
              "fail": false,
              "pending": false,
              "context": null,
              "code": "cy.visit('/personal/bank/checking/free-blue');\ncy.title().should('be.eq', 'Free Blue™ Checking from Arvest Bank');",
              "err": {},
              "uuid": "13445007-f22d-4603-8ed2-d0bf41a3ee8e",
              "parentUUID": "3afafece-eaca-4380-9085-2c9dd2f47d1f",
              "isHook": false,
              "skipped": false
            },
            {
              "title": " \"Basic Blue Checking\" page is displayed",
              "fullTitle": "Verify Arvest Sanity tests  \"Basic Blue Checking\" page is displayed",
              "timedOut": null,
              "duration": 1011,
              "state": "passed",
              "speed": "fast",
              "pass": true,
              "fail": false,
              "pending": false,
              "context": null,
              "code": "cy.visit('/personal/bank/checking/basic-blue');\ncy.title().should('be.eq', 'Basic Blue™ Checking from Arvest Bank');",
              "err": {},
              "uuid": "607363af-308e-43a0-b6e8-92533d80481b",
              "parentUUID": "3afafece-eaca-4380-9085-2c9dd2f47d1f",
              "isHook": false,
              "skipped": false
            },
            {
              "title": " \"MyBlue\" page is displayed",
              "fullTitle": "Verify Arvest Sanity tests  \"MyBlue\" page is displayed",
              "timedOut": null,
              "duration": 8735,
              "state": "passed",
              "speed": "medium",
              "pass": true,
              "fail": false,
              "pending": false,
              "context": null,
              "code": "cy.visit('/personal/bank/checking/myblue');\ncy.title().should('be.eq', 'MyBlue® Checking | Arvest Bank');\ncy.contains('Apply Now').click();\ncy.wait(7000);\ncy.url().should('include', 'secure.arvest.com/apply'); //cy.title().should('be.eq', 'Product Selector')",
              "err": {},
              "uuid": "cf766018-c3f6-4826-befc-1a81ab480123",
              "parentUUID": "3afafece-eaca-4380-9085-2c9dd2f47d1f",
              "isHook": false,
              "skipped": false
            },
            {
              "title": " \"Checking Club\" page is displayed",
              "fullTitle": "Verify Arvest Sanity tests  \"Checking Club\" page is displayed",
              "timedOut": null,
              "duration": 1493,
              "state": "passed",
              "speed": "fast",
              "pass": true,
              "fail": false,
              "pending": false,
              "context": null,
              "code": "cy.visit('/personal/bank/checking/club');\ncy.title().should('be.eq', 'Arvest Club Checking from Arvest Bank');",
              "err": {},
              "uuid": "e358303b-0df5-41a6-acd5-8e09406c6097",
              "parentUUID": "3afafece-eaca-4380-9085-2c9dd2f47d1f",
              "isHook": false,
              "skipped": false
            },
            {
              "title": " \"Preferred Club\" page is displayed",
              "fullTitle": "Verify Arvest Sanity tests  \"Preferred Club\" page is displayed",
              "timedOut": null,
              "duration": 1679,
              "state": "passed",
              "speed": "fast",
              "pass": true,
              "fail": false,
              "pending": false,
              "context": null,
              "code": "cy.visit('/personal/bank/checking/preferred-club');\ncy.title().should('be.eq', 'Preferred Club Checking from Arvest Bank');",
              "err": {},
              "uuid": "e4733392-aa41-479f-a262-0990c4dfcb9a",
              "parentUUID": "3afafece-eaca-4380-9085-2c9dd2f47d1f",
              "isHook": false,
              "skipped": false
            },
            {
              "title": " \"Bright Solutions Club\" page is displayed",
              "fullTitle": "Verify Arvest Sanity tests  \"Bright Solutions Club\" page is displayed",
              "timedOut": null,
              "duration": 1055,
              "state": "passed",
              "speed": "fast",
              "pass": true,
              "fail": false,
              "pending": false,
              "context": null,
              "code": "cy.visit('/personal/bank/checking/bright-solutions');\ncy.title().should('be.eq', 'Arvest Bright Solutions™ Banking | Arvest Bank');",
              "err": {},
              "uuid": "ab648854-69eb-4609-9d20-e61ccce2401a",
              "parentUUID": "3afafece-eaca-4380-9085-2c9dd2f47d1f",
              "isHook": false,
              "skipped": false
            },
            {
              "title": " \"Overdraft Coverage\" page is displayed",
              "fullTitle": "Verify Arvest Sanity tests  \"Overdraft Coverage\" page is displayed",
              "timedOut": null,
              "duration": 3531,
              "state": "passed",
              "speed": "fast",
              "pass": true,
              "fail": false,
              "pending": false,
              "context": null,
              "code": "cy.visit('/personal/bank/checking/overdraft-coverage-options ');\ncy.title().should('be.eq', 'Overdraft Coverage Options | Arvest Bank');",
              "err": {},
              "uuid": "78872b62-e020-4a06-aef2-98d56216f30b",
              "parentUUID": "3afafece-eaca-4380-9085-2c9dd2f47d1f",
              "isHook": false,
              "skipped": false
            },
            {
              "title": " \"Apply Online\" page is displayed",
              "fullTitle": "Verify Arvest Sanity tests  \"Apply Online\" page is displayed",
              "timedOut": null,
              "duration": 3295,
              "state": "passed",
              "speed": "fast",
              "pass": true,
              "fail": false,
              "pending": false,
              "context": null,
              "code": "cy.visit('/personal/bank/checking');\n_links.default.checkingLeftNavBar().contains('Apply Online').click({\n  force: true\n}).wait(1000); //cy.title().should('be.eq', 'Product Selector')",
              "err": {},
              "uuid": "f552da63-fe3d-4048-9f4e-3362c5474431",
              "parentUUID": "3afafece-eaca-4380-9085-2c9dd2f47d1f",
              "isHook": false,
              "skipped": false
            },
            {
              "title": " \"Order Checks\" page is displayed",
              "fullTitle": "Verify Arvest Sanity tests  \"Order Checks\" page is displayed",
              "timedOut": null,
              "duration": 5738,
              "state": "passed",
              "speed": "medium",
              "pass": true,
              "fail": false,
              "pending": false,
              "context": null,
              "code": "cy.visit('/personal/bank/checking');\n_links.default.checkingLeftNavBar().contains('Order Checks').click({\n  force: true\n});\ncy.title().should('be.eq', 'Personal Checks - Order Deluxe Checks');\ncy.go('back');",
              "err": {},
              "uuid": "7b9e50b3-b701-4ca6-b374-b89e50fc3a73",
              "parentUUID": "3afafece-eaca-4380-9085-2c9dd2f47d1f",
              "isHook": false,
              "skipped": false
            },
            {
              "title": " \"Debit Card Designs\" page is displayed",
              "fullTitle": "Verify Arvest Sanity tests  \"Debit Card Designs\" page is displayed",
              "timedOut": null,
              "duration": 8439,
              "state": "failed",
              "speed": null,
              "pass": false,
              "fail": true,
              "pending": false,
              "context": null,
              "code": "cy.visit('/personal/bank/checking');\n_links.default.checkingLeftNavBar().contains('Debit Card Designs').click({\n  force: true\n});\ncy.title().should('be.eq', 'Specialty Debit Card Designs | Arvest Bank'); //cy.get('.edit-field-geolocation-proximity-center-coordinates--5').should('not.exist')\ncy.contains('Coordinates').should('not.exist');\ncy.contains('Latitude').should('not.exist');\ncy.contains('Longitude').should('not.exist');",
              "err": {
                "message": "AssertionError: Timed out retrying after 4000ms: Expected not to find content: 'Coordinates' but continuously found it.",
                "estack": "AssertionError: Timed out retrying after 4000ms: Expected not to find content: 'Coordinates' but continuously found it.\n    at Context.eval (https://www.arvest.com/__cypress/tests?p=cypress/e2e/specs/pages.spec.js:398:32)",
                "diff": null
              },
              "uuid": "3ec7d082-b951-46fb-aa0d-58ca4cc6afea",
              "parentUUID": "3afafece-eaca-4380-9085-2c9dd2f47d1f",
              "isHook": false,
              "skipped": false
            },
            {
              "title": " \"Home Loans Hub\" page is displayed",
              "fullTitle": "Verify Arvest Sanity tests  \"Home Loans Hub\" page is displayed",
              "timedOut": null,
              "duration": 2608,
              "state": "passed",
              "speed": "fast",
              "pass": true,
              "fail": false,
              "pending": false,
              "context": null,
              "code": "cy.visit('/personal/borrow/home-loans');\ncy.title().should('be.eq', 'Home Loans with Local Service | Arvest Bank');",
              "err": {},
              "uuid": "ce8afbe8-ba4c-4796-9199-e9ae09dc7d8a",
              "parentUUID": "3afafece-eaca-4380-9085-2c9dd2f47d1f",
              "isHook": false,
              "skipped": false
            },
            {
              "title": " \"Documents and Resources\" page is displayed",
              "fullTitle": "Verify Arvest Sanity tests  \"Documents and Resources\" page is displayed",
              "timedOut": null,
              "duration": 1075,
              "state": "passed",
              "speed": "fast",
              "pass": true,
              "fail": false,
              "pending": false,
              "context": null,
              "code": "_home.default.privacyLinks().find('ul > li:nth-child(4)').contains('Documents & Resources').click();\ncy.title().should('be.eq', 'Documents & Resources | Arvest Bank');",
              "err": {},
              "uuid": "6e39925a-1748-4eda-be38-5a7d042ed66e",
              "parentUUID": "3afafece-eaca-4380-9085-2c9dd2f47d1f",
              "isHook": false,
              "skipped": false
            },
            {
              "title": "\"Contact Us\" Page is displayed",
              "fullTitle": "Verify Arvest Sanity tests \"Contact Us\" Page is displayed",
              "timedOut": null,
              "duration": 3258,
              "state": "passed",
              "speed": "fast",
              "pass": true,
              "fail": false,
              "pending": false,
              "context": null,
              "code": "_home.default.topMenuList().children().contains('Contact').should('be.visible').click();\ncy.title().should('be.eq', 'Contact Arvest Bank | Arvest Bank');",
              "err": {},
              "uuid": "cc7c7c50-dda3-42b9-bf23-0fb0a2324394",
              "parentUUID": "3afafece-eaca-4380-9085-2c9dd2f47d1f",
              "isHook": false,
              "skipped": false
            },
            {
              "title": "\"Schedule an appointment\" Page is displayed",
              "fullTitle": "Verify Arvest Sanity tests \"Schedule an appointment\" Page is displayed",
              "timedOut": null,
              "duration": 1269,
              "state": "passed",
              "speed": "fast",
              "pass": true,
              "fail": false,
              "pending": false,
              "context": null,
              "code": "_home.default.topMenuList().children().contains('Contact').should('be.visible').click();\ncy.title().should('be.eq', 'Contact Arvest Bank | Arvest Bank'); // delete target attribute with invoke for link\ncy.contains('Schedule an appointment').invoke('removeAttr', 'target').click();",
              "err": {},
              "uuid": "061651c4-fb68-406c-b60c-71e870285750",
              "parentUUID": "3afafece-eaca-4380-9085-2c9dd2f47d1f",
              "isHook": false,
              "skipped": false
            },
            {
              "title": "\"Customer Service Email\" Page is displayed",
              "fullTitle": "Verify Arvest Sanity tests \"Customer Service Email\" Page is displayed",
              "timedOut": null,
              "duration": 3754,
              "state": "passed",
              "speed": "fast",
              "pass": true,
              "fail": false,
              "pending": false,
              "context": null,
              "code": "_home.default.topMenuList().children().contains('Contact').should('be.visible').click();\ncy.title().should('be.eq', 'Contact Arvest Bank | Arvest Bank');\ncy.contains('Customer Service Email').click();\ncy.title().should('be.eq', 'Email Arvest Bank');\ncy.get('select#edit-subject').select(1, {\n  force: true\n}); // delete target attribute with invoke for link\n//cy.get('div>em').should(\"be.visible\")\n//cy.get('#select2-edit-subject-container').should('have.title', 'Online Banking Password Reset or Enrollment')",
              "err": {},
              "uuid": "e2701977-9606-4d14-933d-40ebbaffa6a3",
              "parentUUID": "3afafece-eaca-4380-9085-2c9dd2f47d1f",
              "isHook": false,
              "skipped": false
            },
            {
              "title": "\"Contact Arvest Mortgage Division\" Page is displayed",
              "fullTitle": "Verify Arvest Sanity tests \"Contact Arvest Mortgage Division\" Page is displayed",
              "timedOut": null,
              "duration": 4367,
              "state": "passed",
              "speed": "fast",
              "pass": true,
              "fail": false,
              "pending": false,
              "context": null,
              "code": "_home.default.topMenuList().children().contains('Contact').should('be.visible').click();\ncy.title().should('be.eq', 'Contact Arvest Bank | Arvest Bank');\n_links.default.leftSideNav().contains('Mortgage').click({\n  force: true\n});\ncy.title().should('be.eq', 'Contact Arvest Mortgage, Arvest Bank');\ncy.contains(\"Mortgage Servicing Email\").click();\ncy.title().should(\"be.eq\", 'Arvest Bank contact form, email Arvest Mortgage Customer Service'); //LinkPage.h1PageHeader().should('be.eq', ' Contact Arvest Bank - Mortgage Division ')",
              "err": {},
              "uuid": "5793c678-fb82-44a1-8b6e-feca4761ab87",
              "parentUUID": "3afafece-eaca-4380-9085-2c9dd2f47d1f",
              "isHook": false,
              "skipped": false
            },
            {
              "title": "\"Calculator\" page is displayed",
              "fullTitle": "Verify Arvest Sanity tests \"Calculator\" page is displayed",
              "timedOut": null,
              "duration": 3395,
              "state": "passed",
              "speed": "fast",
              "pass": true,
              "fail": false,
              "pending": false,
              "context": null,
              "code": "_home.default.mainNav().children().contains(\"Personal\").trigger('mouseover').click();\ncy.get('.is-expanded > .coh-container >').should('be.visible').contains('Calculators').click();\ncy.title().should('be.eq', 'Financial Calculators | Arvest Bank');",
              "err": {},
              "uuid": "b25ee11a-6892-4c4f-8ec9-5cb9ffc771bb",
              "parentUUID": "3afafece-eaca-4380-9085-2c9dd2f47d1f",
              "isHook": false,
              "skipped": false
            },
            {
              "title": "\"Mortgage Comparison Calculator\" page is displayed",
              "fullTitle": "Verify Arvest Sanity tests \"Mortgage Comparison Calculator\" page is displayed",
              "timedOut": null,
              "duration": 3936,
              "state": "passed",
              "speed": "fast",
              "pass": true,
              "fail": false,
              "pending": false,
              "context": null,
              "code": "_home.default.mainNav().children().contains(\"Personal\").trigger('mouseover').click();\ncy.get('.is-expanded > .coh-container >').should('be.visible').contains('Calculators').click();\ncy.title().should('be.eq', 'Financial Calculators | Arvest Bank');\ncy.contains(\"Which mortgage is better for me?\").click();\ncy.title().should('be.eq', 'Mortgage Comparison Calculator | Arvest Bank');",
              "err": {},
              "uuid": "4d19478d-ccfa-4649-aa4f-5ef207873a0e",
              "parentUUID": "3afafece-eaca-4380-9085-2c9dd2f47d1f",
              "isHook": false,
              "skipped": false
            },
            {
              "title": "\"Zero\" landing page is displayed",
              "fullTitle": "Verify Arvest Sanity tests \"Zero\" landing page is displayed",
              "timedOut": null,
              "duration": 1532,
              "state": "passed",
              "speed": "fast",
              "pass": true,
              "fail": false,
              "pending": false,
              "context": null,
              "code": "cy.visit('/zero');\ncy.title().should('be.eq', 'Zero | Arvest Bank');",
              "err": {},
              "uuid": "a10f15fd-6358-4047-984e-511adbd84f46",
              "parentUUID": "3afafece-eaca-4380-9085-2c9dd2f47d1f",
              "isHook": false,
              "skipped": false
            },
            {
              "title": "\"Switch\" landing page is displayed",
              "fullTitle": "Verify Arvest Sanity tests \"Switch\" landing page is displayed",
              "timedOut": null,
              "duration": 2104,
              "state": "passed",
              "speed": "fast",
              "pass": true,
              "fail": false,
              "pending": false,
              "context": null,
              "code": "cy.visit('/switch');\ncy.title().should('be.eq', 'Switch to Arvest | Arvest Bank');",
              "err": {},
              "uuid": "a79cb8bd-0af2-465f-bc94-f7da6b1c5c89",
              "parentUUID": "3afafece-eaca-4380-9085-2c9dd2f47d1f",
              "isHook": false,
              "skipped": false
            },
            {
              "title": "\"Home4me\" landing page is displayed",
              "fullTitle": "Verify Arvest Sanity tests \"Home4me\" landing page is displayed",
              "timedOut": null,
              "duration": 1033,
              "state": "passed",
              "speed": "fast",
              "pass": true,
              "fail": false,
              "pending": false,
              "context": null,
              "code": "cy.visit('/home4me');\ncy.title().should('be.eq', 'Home4Me | Arvest Bank');",
              "err": {},
              "uuid": "0480f07e-9068-48a9-a266-35b0d6bab7dd",
              "parentUUID": "3afafece-eaca-4380-9085-2c9dd2f47d1f",
              "isHook": false,
              "skipped": false
            },
            {
              "title": "\"Education Center\" landing page is displayed",
              "fullTitle": "Verify Arvest Sanity tests \"Education Center\" landing page is displayed",
              "timedOut": null,
              "duration": 3995,
              "state": "passed",
              "speed": "fast",
              "pass": true,
              "fail": false,
              "pending": false,
              "context": null,
              "code": "_home.default.privacyLinks().find('ul > li:nth-child(3)').contains('Education Center').click();\ncy.title().should('be.eq', 'Education Center | Arvest Bank');",
              "err": {},
              "uuid": "28a65067-c1ea-4b60-9ac0-4a6f84b40048",
              "parentUUID": "3afafece-eaca-4380-9085-2c9dd2f47d1f",
              "isHook": false,
              "skipped": false
            },
            {
              "title": "\"Privacy Opt Out Request form\" page is displayed",
              "fullTitle": "Verify Arvest Sanity tests \"Privacy Opt Out Request form\" page is displayed",
              "timedOut": null,
              "duration": 2009,
              "state": "passed",
              "speed": "fast",
              "pass": true,
              "fail": false,
              "pending": false,
              "context": null,
              "code": "_home.default.privacyLinks().find('ul > li:nth-child(1)').contains('Privacy & Security').click();\ncy.title().should('be.eq', 'Privacy and Security Information from Arvest Bank');\ncy.contains(\"Opt-Out Request\").click({\n  force: true\n});\ncy.title().should('be.eq', 'Opt-Out Request | Arvest Bank');",
              "err": {},
              "uuid": "f96509f7-2695-4a63-9133-a6c509b660c4",
              "parentUUID": "3afafece-eaca-4380-9085-2c9dd2f47d1f",
              "isHook": false,
              "skipped": false
            },
            {
              "title": "\"Online banking\" login page is displayed",
              "fullTitle": "Verify Arvest Sanity tests \"Online banking\" login page is displayed",
              "timedOut": null,
              "duration": 855,
              "state": "passed",
              "speed": "fast",
              "pass": true,
              "fail": false,
              "pending": false,
              "context": null,
              "code": "cy.logIntoLeftBar();",
              "err": {},
              "uuid": "917c7e15-e833-4958-a6d5-70c9544c5389",
              "parentUUID": "3afafece-eaca-4380-9085-2c9dd2f47d1f",
              "isHook": false,
              "skipped": false
            },
            {
              "title": "Verify \"Ask Arvest\" feature by picking a option from suggestion",
              "fullTitle": "Verify Arvest Sanity tests Verify \"Ask Arvest\" feature by picking a option from suggestion",
              "timedOut": null,
              "duration": 13396,
              "state": "passed",
              "speed": "slow",
              "pass": true,
              "fail": false,
              "pending": false,
              "context": null,
              "code": "cy.askArvestByPickingSuggestion();",
              "err": {},
              "uuid": "9cfbd720-54f7-42cb-86d0-62a57b5db51a",
              "parentUUID": "3afafece-eaca-4380-9085-2c9dd2f47d1f",
              "isHook": false,
              "skipped": false
            },
            {
              "title": "Verify \"Ask Arvest\" feature by clicking on the \"Ask\" button",
              "fullTitle": "Verify Arvest Sanity tests Verify \"Ask Arvest\" feature by clicking on the \"Ask\" button",
              "timedOut": null,
              "duration": 9957,
              "state": "passed",
              "speed": "medium",
              "pass": true,
              "fail": false,
              "pending": false,
              "context": null,
              "code": "cy.askArvestByClickingAskButton();",
              "err": {},
              "uuid": "d428f1b4-ef88-45b1-9b78-700570d9c96c",
              "parentUUID": "3afafece-eaca-4380-9085-2c9dd2f47d1f",
              "isHook": false,
              "skipped": false
            }
          ],
          "suites": [],
          "passes": [
            "1f35f480-a495-4c10-829e-7dd16b785f45",
            "0f9f65e9-0b17-425f-943e-24c9fd087f5d",
            "405dbc45-1416-4761-a63d-88d52b6a1477",
            "403c9b4f-95e5-433c-abb4-2e1f31de36c2",
            "ca551271-1edb-4ea0-8983-ba38c7b793e2",
            "d7853a8c-c069-46f1-abeb-2e6066220907",
            "13445007-f22d-4603-8ed2-d0bf41a3ee8e",
            "607363af-308e-43a0-b6e8-92533d80481b",
            "cf766018-c3f6-4826-befc-1a81ab480123",
            "e358303b-0df5-41a6-acd5-8e09406c6097",
            "e4733392-aa41-479f-a262-0990c4dfcb9a",
            "ab648854-69eb-4609-9d20-e61ccce2401a",
            "78872b62-e020-4a06-aef2-98d56216f30b",
            "f552da63-fe3d-4048-9f4e-3362c5474431",
            "7b9e50b3-b701-4ca6-b374-b89e50fc3a73",
            "ce8afbe8-ba4c-4796-9199-e9ae09dc7d8a",
            "6e39925a-1748-4eda-be38-5a7d042ed66e",
            "cc7c7c50-dda3-42b9-bf23-0fb0a2324394",
            "061651c4-fb68-406c-b60c-71e870285750",
            "e2701977-9606-4d14-933d-40ebbaffa6a3",
            "5793c678-fb82-44a1-8b6e-feca4761ab87",
            "b25ee11a-6892-4c4f-8ec9-5cb9ffc771bb",
            "4d19478d-ccfa-4649-aa4f-5ef207873a0e",
            "a10f15fd-6358-4047-984e-511adbd84f46",
            "a79cb8bd-0af2-465f-bc94-f7da6b1c5c89",
            "0480f07e-9068-48a9-a266-35b0d6bab7dd",
            "28a65067-c1ea-4b60-9ac0-4a6f84b40048",
            "f96509f7-2695-4a63-9133-a6c509b660c4",
            "917c7e15-e833-4958-a6d5-70c9544c5389",
            "9cfbd720-54f7-42cb-86d0-62a57b5db51a",
            "d428f1b4-ef88-45b1-9b78-700570d9c96c"
          ],
          "failures": [
            "3ec7d082-b951-46fb-aa0d-58ca4cc6afea"
          ],
          "pending": [],
          "skipped": [],
          "duration": 117494,
          "root": false,
          "rootEmpty": false,
          "_timeout": 2000
        }
      ],
      "passes": [],
      "failures": [],
      "pending": [],
      "skipped": [],
      "duration": 0,
      "root": true,
      "rootEmpty": true,
      "_timeout": 2000
    }
  ],
  "meta": {
    "mocha": {
      "version": "7.0.1"
    },
    "mochawesome": {
      "options": {
        "quiet": false,
        "reportFilename": "mochawesome",
        "saveHtml": false,
        "saveJson": true,
        "consoleReporter": "spec",
        "useInlineDiffs": false,
        "code": true
      },
      "version": "6.3.1"
    },
    "marge": {
      "options": {
        "id": "default",
        "reportDir": "cypress/reports/mocha",
        "quite": true,
        "overwrite": false,
        "html": false,
        "json": true
      },
      "version": "5.2.0"
    }
  }
}