{
  "stats": {
    "suites": 1,
    "tests": 1,
    "passes": 1,
    "pending": 0,
    "failures": 0,
    "start": "2020-08-06T19:10:05.541Z",
    "end": "2020-08-06T19:10:19.575Z",
    "duration": 14034,
    "testsRegistered": 1,
    "passPercent": 100,
    "pendingPercent": 0,
    "other": 0,
    "hasOther": false,
    "skipped": 0,
    "hasSkipped": false
  },
  "results": [
    {
      "uuid": "1c27d780-9f3f-4fe9-bab2-8e0f7e4de9a5",
      "title": "",
      "fullFile": "cypress/integration/specs/enrollment.spec.js",
      "file": "cypress/integration/specs/enrollment.spec.js",
      "beforeHooks": [],
      "afterHooks": [],
      "tests": [],
      "suites": [
        {
          "uuid": "533c18fa-4190-4eef-8127-47c63bd90677",
          "title": "Verify Enrollment form pages being loaded without redirect",
          "fullFile": "",
          "file": "",
          "beforeHooks": [],
          "afterHooks": [],
          "tests": [
            {
              "title": "Verify Medical Claims Enrollment forms Page",
              "fullTitle": "Verify Enrollment form pages being loaded without redirect Verify Medical Claims Enrollment forms Page",
              "timedOut": null,
              "duration": 13968,
              "state": "passed",
              "speed": "slow",
              "pass": true,
              "fail": false,
              "pending": false,
              "context": null,
              "code": "cy.visit(\"https://support.changehealthcare.com/customer-resources/enrollment-services/medical-hospital-claims-enrollment-forms\"); // cy.url().should('contains','enrollment-services')\n// cy.get('[data-link-type=\"claims enrollment forms\"]').first().click()\n// cy.title().should('eq','Medical amp; Hospital Claims Enrollment Forms | Support')\n// cy.url().should('contains','enrollment-services')",
              "err": {},
              "uuid": "3399e6f9-6048-4d58-bd01-74f094a513f4",
              "parentUUID": "533c18fa-4190-4eef-8127-47c63bd90677",
              "isHook": false,
              "skipped": false
            }
          ],
          "suites": [],
          "passes": [
            "3399e6f9-6048-4d58-bd01-74f094a513f4"
          ],
          "failures": [],
          "pending": [],
          "skipped": [],
          "duration": 13968,
          "root": false,
          "rootEmpty": false,
          "_timeout": 2000
        }
      ],
      "passes": [],
      "failures": [],
      "pending": [],
      "skipped": [],
      "duration": 0,
      "root": true,
      "rootEmpty": true,
      "_timeout": 2000
    }
  ],
  "meta": {
    "mocha": {
      "version": "7.0.1"
    },
    "mochawesome": {
      "options": {
        "quiet": false,
        "reportFilename": "mochawesome",
        "saveHtml": false,
        "saveJson": true,
        "consoleReporter": "spec",
        "useInlineDiffs": false,
        "code": true
      },
      "version": "6.1.1"
    },
    "marge": {
      "options": {
        "id": "default",
        "reportDir": "cypress/reports/mocha",
        "quite": true,
        "overwrite": false,
        "html": false,
        "json": true
      },
      "version": "5.1.0"
    }
  }
}