{
  "stats": {
    "suites": 1,
    "tests": 11,
    "passes": 11,
    "pending": 0,
    "failures": 0,
    "start": "2020-08-05T20:15:37.105Z",
    "end": "2020-08-05T20:16:11.369Z",
    "duration": 34264,
    "testsRegistered": 11,
    "passPercent": 100,
    "pendingPercent": 0,
    "other": 0,
    "hasOther": false,
    "skipped": 0,
    "hasSkipped": false
  },
  "results": [
    {
      "uuid": "886cd461-c457-4bfd-8214-48c67eac99aa",
      "title": "",
      "fullFile": "cypress/integration/specs/home_mobile.spec.js",
      "file": "cypress/integration/specs/home_mobile.spec.js",
      "beforeHooks": [],
      "afterHooks": [],
      "tests": [],
      "suites": [
        {
          "uuid": "8598e4a2-6d3a-426b-adf5-da566465ff9e",
          "title": "Verify CHC Home page on iPhone Pro Max 11",
          "fullFile": "",
          "file": "",
          "beforeHooks": [],
          "afterHooks": [],
          "tests": [
            {
              "title": "Verify Covid19 text",
              "fullTitle": "Verify CHC Home page on iPhone Pro Max 11 Verify Covid19 text",
              "timedOut": null,
              "duration": 6964,
              "state": "passed",
              "speed": "slow",
              "pass": true,
              "fail": false,
              "pending": false,
              "context": null,
              "code": "_home[\"default\"].covid19().should('be.visible');",
              "err": {},
              "uuid": "87e1ce3d-6c16-49d5-a403-f1b1eb60a658",
              "parentUUID": "8598e4a2-6d3a-426b-adf5-da566465ff9e",
              "isHook": false,
              "skipped": false
            },
            {
              "title": "Verify Utility nav being displayed",
              "fullTitle": "Verify CHC Home page on iPhone Pro Max 11 Verify Utility nav being displayed",
              "timedOut": null,
              "duration": 7682,
              "state": "passed",
              "speed": "slow",
              "pass": true,
              "fail": false,
              "pending": false,
              "context": null,
              "code": "_home[\"default\"].mobileMenu().should('be.visible').click();\n_home[\"default\"].utilityNav().children().contains('Support').should('be.visible').click();\ncy.url().should('include', 'support');\ncy.contains('Helping you find the answers you need').should('be.visible');",
              "err": {},
              "uuid": "a60162bf-4b9e-490c-a24e-4f0d694fc18e",
              "parentUUID": "8598e4a2-6d3a-426b-adf5-da566465ff9e",
              "isHook": false,
              "skipped": false
            },
            {
              "title": "Verify onclick Country icon displays other options",
              "fullTitle": "Verify CHC Home page on iPhone Pro Max 11 Verify onclick Country icon displays other options",
              "timedOut": null,
              "duration": 2865,
              "state": "passed",
              "speed": "slow",
              "pass": true,
              "fail": false,
              "pending": false,
              "context": null,
              "code": "_home[\"default\"].mobileMenu().should('be.visible').click();\n_home[\"default\"].countryIcon().should('be.visible').click();\n_home[\"default\"].mobileCountryList().children().contains(\"United Kingdom\").click();",
              "err": {},
              "uuid": "6d42c127-9a96-4f21-ab76-8d3346208faf",
              "parentUUID": "8598e4a2-6d3a-426b-adf5-da566465ff9e",
              "isHook": false,
              "skipped": false
            },
            {
              "title": "Verify main navigation menu being displayed",
              "fullTitle": "Verify CHC Home page on iPhone Pro Max 11 Verify main navigation menu being displayed",
              "timedOut": null,
              "duration": 2799,
              "state": "passed",
              "speed": "slow",
              "pass": true,
              "fail": false,
              "pending": false,
              "context": null,
              "code": "_home[\"default\"].mobileMenu().should('be.visible').click();\n_home[\"default\"].mainNav().children().contains(\"About\").click();\ncy.url().should('include', 'about');",
              "err": {},
              "uuid": "8642c52a-4fde-4347-afc3-5dbbc2c7c288",
              "parentUUID": "8598e4a2-6d3a-426b-adf5-da566465ff9e",
              "isHook": false,
              "skipped": false
            },
            {
              "title": "Verify search icon being displayed on the header",
              "fullTitle": "Verify CHC Home page on iPhone Pro Max 11 Verify search icon being displayed on the header",
              "timedOut": null,
              "duration": 2122,
              "state": "passed",
              "speed": "slow",
              "pass": true,
              "fail": false,
              "pending": false,
              "context": null,
              "code": "_home[\"default\"].mobileSearchIcon().should('be.visible').click(); //HomePage.mobileSearchField().should('have.attr','placeholder',\"I need help with...\")\n// cy.get('.cmp-search-box').click()\n//cy.get('#search-header > div.CoveoSearchbox > div').type(\"Health\")\n//HomePage.mobileSearchField().clear().type(data.searchText)\n//HomePage.mobileSearchFieldIcon().should('be.visible')",
              "err": {},
              "uuid": "a36021d9-8cee-4d99-bb7d-e4d637699de1",
              "parentUUID": "8598e4a2-6d3a-426b-adf5-da566465ff9e",
              "isHook": false,
              "skipped": false
            },
            {
              "title": "Verify Social media icons being displayed",
              "fullTitle": "Verify CHC Home page on iPhone Pro Max 11 Verify Social media icons being displayed",
              "timedOut": null,
              "duration": 1824,
              "state": "passed",
              "speed": "slow",
              "pass": true,
              "fail": false,
              "pending": false,
              "context": null,
              "code": "_home[\"default\"].socialMedia().should('be.visible');\n_home[\"default\"].socialMedia().first().should('have.attr', 'title', 'Facebook');",
              "err": {},
              "uuid": "2adbe77d-3772-4932-a53f-e6ae561f014d",
              "parentUUID": "8598e4a2-6d3a-426b-adf5-da566465ff9e",
              "isHook": false,
              "skipped": false
            },
            {
              "title": "Verify footer link \"About Us\" being displayed",
              "fullTitle": "Verify CHC Home page on iPhone Pro Max 11 Verify footer link \"About Us\" being displayed",
              "timedOut": null,
              "duration": 1786,
              "state": "passed",
              "speed": "slow",
              "pass": true,
              "fail": false,
              "pending": false,
              "context": null,
              "code": "//cy.get(':nth-child(1) > .cmp-footer__nav-header')\n_home[\"default\"].footerLinks().should('include.text', \"About Us\");",
              "err": {},
              "uuid": "ed89a2b5-a80a-4f0b-9d1f-6bd287d7da55",
              "parentUUID": "8598e4a2-6d3a-426b-adf5-da566465ff9e",
              "isHook": false,
              "skipped": false
            },
            {
              "title": "Verify footer link \"Careers\" being displayed",
              "fullTitle": "Verify CHC Home page on iPhone Pro Max 11 Verify footer link \"Careers\" being displayed",
              "timedOut": null,
              "duration": 1830,
              "state": "passed",
              "speed": "slow",
              "pass": true,
              "fail": false,
              "pending": false,
              "context": null,
              "code": "_home[\"default\"].footerLinks().should('include.text', \"Careers\");",
              "err": {},
              "uuid": "759bb966-7e95-4eb3-8d1b-cb72f8814013",
              "parentUUID": "8598e4a2-6d3a-426b-adf5-da566465ff9e",
              "isHook": false,
              "skipped": false
            },
            {
              "title": "Verify footer link \"Support\" being displayed",
              "fullTitle": "Verify CHC Home page on iPhone Pro Max 11 Verify footer link \"Support\" being displayed",
              "timedOut": null,
              "duration": 1890,
              "state": "passed",
              "speed": "slow",
              "pass": true,
              "fail": false,
              "pending": false,
              "context": null,
              "code": "_home[\"default\"].footerLinks().should('include.text', \"Support\");",
              "err": {},
              "uuid": "a9217230-5081-4b31-a553-7c1dee919c92",
              "parentUUID": "8598e4a2-6d3a-426b-adf5-da566465ff9e",
              "isHook": false,
              "skipped": false
            },
            {
              "title": "Verify Privacy footer links being displayed",
              "fullTitle": "Verify CHC Home page on iPhone Pro Max 11 Verify Privacy footer links being displayed",
              "timedOut": null,
              "duration": 2434,
              "state": "passed",
              "speed": "slow",
              "pass": true,
              "fail": false,
              "pending": false,
              "context": null,
              "code": "//cy.get('.cmp-footer__bottom-bar').should('be.visible')\n_home[\"default\"].privacyFooter().should('be.visible');\n_home[\"default\"].privacyFooter().first().should('include.text', \"Privacy\");",
              "err": {},
              "uuid": "f90a8d47-7c89-40f7-9db9-4fe25ea59080",
              "parentUUID": "8598e4a2-6d3a-426b-adf5-da566465ff9e",
              "isHook": false,
              "skipped": false
            },
            {
              "title": "Verify copyright text \"© 2020 Change Healthcare\" being displayed",
              "fullTitle": "Verify CHC Home page on iPhone Pro Max 11 Verify copyright text \"© 2020 Change Healthcare\" being displayed",
              "timedOut": null,
              "duration": 1691,
              "state": "passed",
              "speed": "slow",
              "pass": true,
              "fail": false,
              "pending": false,
              "context": null,
              "code": "//cy.get('.cmp-footer__copyright-text')\n_home[\"default\"].privacyFooter().should('include.text', \"© 2020 Change Healthcare\");",
              "err": {},
              "uuid": "1f55bea6-9aef-41aa-ba18-a7da84da2886",
              "parentUUID": "8598e4a2-6d3a-426b-adf5-da566465ff9e",
              "isHook": false,
              "skipped": false
            }
          ],
          "suites": [],
          "passes": [
            "87e1ce3d-6c16-49d5-a403-f1b1eb60a658",
            "a60162bf-4b9e-490c-a24e-4f0d694fc18e",
            "6d42c127-9a96-4f21-ab76-8d3346208faf",
            "8642c52a-4fde-4347-afc3-5dbbc2c7c288",
            "a36021d9-8cee-4d99-bb7d-e4d637699de1",
            "2adbe77d-3772-4932-a53f-e6ae561f014d",
            "ed89a2b5-a80a-4f0b-9d1f-6bd287d7da55",
            "759bb966-7e95-4eb3-8d1b-cb72f8814013",
            "a9217230-5081-4b31-a553-7c1dee919c92",
            "f90a8d47-7c89-40f7-9db9-4fe25ea59080",
            "1f55bea6-9aef-41aa-ba18-a7da84da2886"
          ],
          "failures": [],
          "pending": [],
          "skipped": [],
          "duration": 33887,
          "root": false,
          "rootEmpty": false,
          "_timeout": 2000
        }
      ],
      "passes": [],
      "failures": [],
      "pending": [],
      "skipped": [],
      "duration": 0,
      "root": true,
      "rootEmpty": true,
      "_timeout": 2000
    }
  ],
  "meta": {
    "mocha": {
      "version": "7.0.1"
    },
    "mochawesome": {
      "options": {
        "quiet": false,
        "reportFilename": "mochawesome",
        "saveHtml": false,
        "saveJson": true,
        "consoleReporter": "spec",
        "useInlineDiffs": false,
        "code": true
      },
      "version": "6.1.1"
    },
    "marge": {
      "options": {
        "id": "default",
        "reportDir": "cypress/reports/mocha",
        "quite": true,
        "overwrite": false,
        "html": false,
        "json": true
      },
      "version": "5.1.0"
    }
  }
}