{
  "stats": {
    "suites": 1,
    "tests": 1,
    "passes": 1,
    "pending": 0,
    "failures": 0,
    "start": "2020-08-06T19:09:36.229Z",
    "end": "2020-08-06T19:09:37.074Z",
    "duration": 845,
    "testsRegistered": 1,
    "passPercent": 100,
    "pendingPercent": 0,
    "other": 0,
    "hasOther": false,
    "skipped": 0,
    "hasSkipped": false
  },
  "results": [
    {
      "uuid": "c4a74055-966a-4c1d-b9f3-3ed53570896f",
      "title": "",
      "fullFile": "cypress/integration/specs/api.spec.js",
      "file": "cypress/integration/specs/api.spec.js",
      "beforeHooks": [],
      "afterHooks": [],
      "tests": [],
      "suites": [
        {
          "uuid": "75c72825-a593-4157-a976-838d47331db5",
          "title": "Verify Search Header API is Enabled",
          "fullFile": "",
          "file": "",
          "beforeHooks": [],
          "afterHooks": [],
          "tests": [
            {
              "title": "Verify Header Search api",
              "fullTitle": "Verify Search Header API is Enabled Verify Header Search api",
              "timedOut": null,
              "duration": 647,
              "state": "passed",
              "speed": "slow",
              "pass": true,
              "fail": false,
              "pending": false,
              "context": null,
              "code": "cy.request('/content/changehealth/us/en/search.html/_jcr_content/root/main-par.html').then(function (response) {\n  expect(response).to.have.property('status', 200);\n  expect(response.body).to.not.be[\"null\"];\n  expect(response.body).to.not.include('start up inprogress');\n  expect(response.body).to.not.have.property('start up inprogress'); //expect(response.body.data).to.have.length(24)\n});",
              "err": {},
              "uuid": "11cf2dd5-d70c-440c-bbdc-900b726ce00b",
              "parentUUID": "75c72825-a593-4157-a976-838d47331db5",
              "isHook": false,
              "skipped": false
            }
          ],
          "suites": [],
          "passes": [
            "11cf2dd5-d70c-440c-bbdc-900b726ce00b"
          ],
          "failures": [],
          "pending": [],
          "skipped": [],
          "duration": 647,
          "root": false,
          "rootEmpty": false,
          "_timeout": 2000
        }
      ],
      "passes": [],
      "failures": [],
      "pending": [],
      "skipped": [],
      "duration": 0,
      "root": true,
      "rootEmpty": true,
      "_timeout": 2000
    }
  ],
  "meta": {
    "mocha": {
      "version": "7.0.1"
    },
    "mochawesome": {
      "options": {
        "quiet": false,
        "reportFilename": "mochawesome",
        "saveHtml": false,
        "saveJson": true,
        "consoleReporter": "spec",
        "useInlineDiffs": false,
        "code": true
      },
      "version": "6.1.1"
    },
    "marge": {
      "options": {
        "id": "default",
        "reportDir": "cypress/reports/mocha",
        "quite": true,
        "overwrite": false,
        "html": false,
        "json": true
      },
      "version": "5.1.0"
    }
  }
}