{
  "stats": {
    "suites": 1,
    "tests": 4,
    "passes": 4,
    "pending": 0,
    "failures": 0,
    "start": "2020-08-06T19:09:39.649Z",
    "end": "2020-08-06T19:10:01.167Z",
    "duration": 21518,
    "testsRegistered": 4,
    "passPercent": 100,
    "pendingPercent": 0,
    "other": 0,
    "hasOther": false,
    "skipped": 0,
    "hasSkipped": false
  },
  "results": [
    {
      "uuid": "718e9606-30e5-409a-bd79-a73e7ae9a63c",
      "title": "",
      "fullFile": "cypress/integration/specs/breadcrumb_clickable.spec.js",
      "file": "cypress/integration/specs/breadcrumb_clickable.spec.js",
      "beforeHooks": [],
      "afterHooks": [],
      "tests": [],
      "suites": [
        {
          "uuid": "c5d88cb9-ccdd-4edb-b425-4a0c31a80413",
          "title": "Verify Breadcrumb is clickable",
          "fullFile": "",
          "file": "",
          "beforeHooks": [],
          "afterHooks": [],
          "tests": [
            {
              "title": "Verify Breadcrumb on About Us page is clickable",
              "fullTitle": "Verify Breadcrumb is clickable Verify Breadcrumb on About Us page is clickable",
              "timedOut": null,
              "duration": 10287,
              "state": "passed",
              "speed": "slow",
              "pass": true,
              "fail": false,
              "pending": false,
              "context": null,
              "code": "_home[\"default\"].mainNav().contains('About').click();\ncy.title().should('eq', 'About Change Healthcare | Company Overview | Change Healthcare');\ncy.url().should('contains', '/about');\ncy.contains('Home').click();\ncy.title().should('eq', 'Healthcare Technology & Business Solutions Company | Change Healthcare');\ncy.url().should('contains', 'healthcare');",
              "err": {},
              "uuid": "70fa595c-46ae-4f62-9c15-bde2fb1abc3d",
              "parentUUID": "c5d88cb9-ccdd-4edb-b425-4a0c31a80413",
              "isHook": false,
              "skipped": false
            },
            {
              "title": "Verify Breadcrumb on Insights page is clickable",
              "fullTitle": "Verify Breadcrumb is clickable Verify Breadcrumb on Insights page is clickable",
              "timedOut": null,
              "duration": 3270,
              "state": "passed",
              "speed": "slow",
              "pass": true,
              "fail": false,
              "pending": false,
              "context": null,
              "code": "_home[\"default\"].mainNav().contains('Insights').click();\ncy.title().should('eq', 'Healthcare Industry Insights | Healthcare IT Insights | Change Healthcare');\ncy.url().should('contains', '/insights');\ncy.get('.cmp-breadcrumb__list').children().eq(1).should('not.have.attr', 'href');\ncy.get('.cmp-breadcrumb__list').children().contains('Home').should('have.attr', 'href');\ncy.get('.cmp-breadcrumb__list').contains('Home').click();\ncy.title().should('eq', 'Healthcare Technology & Business Solutions Company | Change Healthcare');\ncy.url().should('contains', 'healthcare');",
              "err": {},
              "uuid": "94ff9832-865a-4424-a092-1b481d52b1f8",
              "parentUUID": "c5d88cb9-ccdd-4edb-b425-4a0c31a80413",
              "isHook": false,
              "skipped": false
            },
            {
              "title": "Verify Breadcrumb on Solution page is clickable",
              "fullTitle": "Verify Breadcrumb is clickable Verify Breadcrumb on Solution page is clickable",
              "timedOut": null,
              "duration": 3610,
              "state": "passed",
              "speed": "slow",
              "pass": true,
              "fail": false,
              "pending": false,
              "context": null,
              "code": "_home[\"default\"].mainNav().contains('Solutions').trigger('mouseover');\ncy.get('.cmp-header__nav-dropdown-toggle').eq(2).click({\n  force: true\n});\ncy.get(':nth-child(2) > .cmp-header__nav-dropdown-container > .cmp-header__nav-dropdown').contains('Reduce Costs').click();\ncy.url().should('contains', '/solutions');\ncy.get('.cmp-breadcrumb__list').children().contains('Reduce Costs').should('not.have.attr', 'href');\ncy.get('.cmp-breadcrumb__list').children().contains('Home').should('have.attr', 'href');\ncy.get('.cmp-breadcrumb__list').contains('Home').click();\ncy.title().should('eq', 'Healthcare Technology & Business Solutions Company | Change Healthcare');",
              "err": {},
              "uuid": "d563c3c6-5a70-43e6-a099-edc01ca63eba",
              "parentUUID": "c5d88cb9-ccdd-4edb-b425-4a0c31a80413",
              "isHook": false,
              "skipped": false
            },
            {
              "title": "Verify Breadcrumb on Contact page is clickable",
              "fullTitle": "Verify Breadcrumb is clickable Verify Breadcrumb on Contact page is clickable",
              "timedOut": null,
              "duration": 4145,
              "state": "passed",
              "speed": "slow",
              "pass": true,
              "fail": false,
              "pending": false,
              "context": null,
              "code": "//mainNav.contains('Contact').trigger('mouseover')\n//cy.get('.cmp-header__nav-list-link').contains('Solutions').trigger('mouseover')\n_home[\"default\"].mainNav().contains('Contact').click();\ncy.url().should('contains', '/contact');\ncy.get('.cmp-breadcrumb__list').children().contains('Contact Us').should('not.have.attr', 'href');\ncy.get('.cmp-breadcrumb__list').children().contains('Home').should('have.attr', 'href');\ncy.get('.cmp-breadcrumb__list').contains('Home').click();\ncy.title().should('eq', 'Healthcare Technology & Business Solutions Company | Change Healthcare');",
              "err": {},
              "uuid": "6f5d9f40-97ef-4ef8-9d83-17a649dc17fe",
              "parentUUID": "c5d88cb9-ccdd-4edb-b425-4a0c31a80413",
              "isHook": false,
              "skipped": false
            }
          ],
          "suites": [],
          "passes": [
            "70fa595c-46ae-4f62-9c15-bde2fb1abc3d",
            "94ff9832-865a-4424-a092-1b481d52b1f8",
            "d563c3c6-5a70-43e6-a099-edc01ca63eba",
            "6f5d9f40-97ef-4ef8-9d83-17a649dc17fe"
          ],
          "failures": [],
          "pending": [],
          "skipped": [],
          "duration": 21312,
          "root": false,
          "rootEmpty": false,
          "_timeout": 2000
        }
      ],
      "passes": [],
      "failures": [],
      "pending": [],
      "skipped": [],
      "duration": 0,
      "root": true,
      "rootEmpty": true,
      "_timeout": 2000
    }
  ],
  "meta": {
    "mocha": {
      "version": "7.0.1"
    },
    "mochawesome": {
      "options": {
        "quiet": false,
        "reportFilename": "mochawesome",
        "saveHtml": false,
        "saveJson": true,
        "consoleReporter": "spec",
        "useInlineDiffs": false,
        "code": true
      },
      "version": "6.1.1"
    },
    "marge": {
      "options": {
        "id": "default",
        "reportDir": "cypress/reports/mocha",
        "quite": true,
        "overwrite": false,
        "html": false,
        "json": true
      },
      "version": "5.1.0"
    }
  }
}