{
  "stats": {
    "suites": 1,
    "tests": 12,
    "passes": 12,
    "pending": 0,
    "failures": 0,
    "start": "2020-08-06T19:12:04.020Z",
    "end": "2020-08-06T19:12:31.245Z",
    "duration": 27225,
    "testsRegistered": 12,
    "passPercent": 100,
    "pendingPercent": 0,
    "other": 0,
    "hasOther": false,
    "skipped": 0,
    "hasSkipped": false
  },
  "results": [
    {
      "uuid": "13763f29-2ddd-4b66-83b1-ad305e8547d5",
      "title": "",
      "fullFile": "cypress/integration/specs/home.spec.js",
      "file": "cypress/integration/specs/home.spec.js",
      "beforeHooks": [],
      "afterHooks": [],
      "tests": [],
      "suites": [
        {
          "uuid": "86135a90-4cf3-43d9-a9c1-3a611f5265d3",
          "title": "Verify Home page",
          "fullFile": "",
          "file": "",
          "beforeHooks": [],
          "afterHooks": [],
          "tests": [
            {
              "title": "Verify Covid19 text",
              "fullTitle": "Verify Home page Verify Covid19 text",
              "timedOut": null,
              "duration": 6162,
              "state": "passed",
              "speed": "slow",
              "pass": true,
              "fail": false,
              "pending": false,
              "context": null,
              "code": "_home[\"default\"].covid19().should('be.visible');",
              "err": {},
              "uuid": "5a8a9560-8dac-4cb1-8faa-f50d97b6b814",
              "parentUUID": "86135a90-4cf3-43d9-a9c1-3a611f5265d3",
              "isHook": false,
              "skipped": false
            },
            {
              "title": "Verify Utility nav being displayed",
              "fullTitle": "Verify Home page Verify Utility nav being displayed",
              "timedOut": null,
              "duration": 2466,
              "state": "passed",
              "speed": "slow",
              "pass": true,
              "fail": false,
              "pending": false,
              "context": null,
              "code": "_home[\"default\"].utilityNav().should('be.visible');\n_home[\"default\"].utilityNav().children().contains('Support').should('be.visible');",
              "err": {},
              "uuid": "c8bbadb9-1c0c-4309-bfe4-a10b2ef7fe69",
              "parentUUID": "86135a90-4cf3-43d9-a9c1-3a611f5265d3",
              "isHook": false,
              "skipped": false
            },
            {
              "title": "Verify onclick Country icon displays other options",
              "fullTitle": "Verify Home page Verify onclick Country icon displays other options",
              "timedOut": null,
              "duration": 2001,
              "state": "passed",
              "speed": "slow",
              "pass": true,
              "fail": false,
              "pending": false,
              "context": null,
              "code": "_home[\"default\"].countryIcon().should('be.visible');",
              "err": {},
              "uuid": "87acb1ee-8fbf-4003-850a-add3676a04cd",
              "parentUUID": "86135a90-4cf3-43d9-a9c1-3a611f5265d3",
              "isHook": false,
              "skipped": false
            },
            {
              "title": "Verify main navigation menu being displayed",
              "fullTitle": "Verify Home page Verify main navigation menu being displayed",
              "timedOut": null,
              "duration": 2137,
              "state": "passed",
              "speed": "slow",
              "pass": true,
              "fail": false,
              "pending": false,
              "context": null,
              "code": "_home[\"default\"].mainNav().should('be.visible');\n_home[\"default\"].mainNav().contains(\"Contact\").click();",
              "err": {},
              "uuid": "08bcf0ea-f2e2-482c-b669-6a36c1e3e9ff",
              "parentUUID": "86135a90-4cf3-43d9-a9c1-3a611f5265d3",
              "isHook": false,
              "skipped": false
            },
            {
              "title": "Verify main navigation menu has Four menu links",
              "fullTitle": "Verify Home page Verify main navigation menu has Four menu links",
              "timedOut": null,
              "duration": 2335,
              "state": "passed",
              "speed": "slow",
              "pass": true,
              "fail": false,
              "pending": false,
              "context": null,
              "code": "_home[\"default\"].mainNav().should('be.visible').should('have.length', 4);",
              "err": {},
              "uuid": "43975327-50da-4106-9ea5-6bf48c565f27",
              "parentUUID": "86135a90-4cf3-43d9-a9c1-3a611f5265d3",
              "isHook": false,
              "skipped": false
            },
            {
              "title": "Verify search icon being displayed on the header",
              "fullTitle": "Verify Home page Verify search icon being displayed on the header",
              "timedOut": null,
              "duration": 1867,
              "state": "passed",
              "speed": "slow",
              "pass": true,
              "fail": false,
              "pending": false,
              "context": null,
              "code": "_home[\"default\"].searchIcon().should('be.visible').click();\n_home[\"default\"].mobileSearchField().type('Health');",
              "err": {},
              "uuid": "b8fcbd0a-14a7-4b41-9b67-b6a5933b52fa",
              "parentUUID": "86135a90-4cf3-43d9-a9c1-3a611f5265d3",
              "isHook": false,
              "skipped": false
            },
            {
              "title": "Verify Social media icons being displayed",
              "fullTitle": "Verify Home page Verify Social media icons being displayed",
              "timedOut": null,
              "duration": 1414,
              "state": "passed",
              "speed": "slow",
              "pass": true,
              "fail": false,
              "pending": false,
              "context": null,
              "code": "_home[\"default\"].socialMedia().should('be.visible');\n_home[\"default\"].socialMedia().first().should('have.attr', 'title', 'Facebook');",
              "err": {},
              "uuid": "dbe987ad-3e70-48a7-afa6-e09628b52773",
              "parentUUID": "86135a90-4cf3-43d9-a9c1-3a611f5265d3",
              "isHook": false,
              "skipped": false
            },
            {
              "title": "Verify footer link \"About Us\" being displayed",
              "fullTitle": "Verify Home page Verify footer link \"About Us\" being displayed",
              "timedOut": null,
              "duration": 1762,
              "state": "passed",
              "speed": "slow",
              "pass": true,
              "fail": false,
              "pending": false,
              "context": null,
              "code": "//cy.get(':nth-child(1) > .cmp-footer__nav-header')\n_home[\"default\"].footerLinks().should('include.text', \"About Us\");",
              "err": {},
              "uuid": "b3bc0756-315a-4945-9bc6-1621b20728dd",
              "parentUUID": "86135a90-4cf3-43d9-a9c1-3a611f5265d3",
              "isHook": false,
              "skipped": false
            },
            {
              "title": "Verify footer link \"Careers\" being displayed",
              "fullTitle": "Verify Home page Verify footer link \"Careers\" being displayed",
              "timedOut": null,
              "duration": 1891,
              "state": "passed",
              "speed": "slow",
              "pass": true,
              "fail": false,
              "pending": false,
              "context": null,
              "code": "_home[\"default\"].footerLinks().should('include.text', \"Careers\");",
              "err": {},
              "uuid": "b848b079-e460-44fa-9f8f-c005d78ec362",
              "parentUUID": "86135a90-4cf3-43d9-a9c1-3a611f5265d3",
              "isHook": false,
              "skipped": false
            },
            {
              "title": "Verify footer link \"Support\" being displayed",
              "fullTitle": "Verify Home page Verify footer link \"Support\" being displayed",
              "timedOut": null,
              "duration": 1491,
              "state": "passed",
              "speed": "slow",
              "pass": true,
              "fail": false,
              "pending": false,
              "context": null,
              "code": "_home[\"default\"].footerLinks().should('include.text', \"Support\");",
              "err": {},
              "uuid": "5173400a-aa10-48d5-8f04-62f752002e60",
              "parentUUID": "86135a90-4cf3-43d9-a9c1-3a611f5265d3",
              "isHook": false,
              "skipped": false
            },
            {
              "title": "Verify Privacy footer links being displayed",
              "fullTitle": "Verify Home page Verify Privacy footer links being displayed",
              "timedOut": null,
              "duration": 1591,
              "state": "passed",
              "speed": "slow",
              "pass": true,
              "fail": false,
              "pending": false,
              "context": null,
              "code": "//cy.get('.cmp-footer__bottom-bar').should('be.visible')\n_home[\"default\"].privacyFooter().should('be.visible');\n_home[\"default\"].privacyFooter().first().should('include.text', \"Privacy\");",
              "err": {},
              "uuid": "6fd8600e-718e-444b-9119-8fe2c1d2a82f",
              "parentUUID": "86135a90-4cf3-43d9-a9c1-3a611f5265d3",
              "isHook": false,
              "skipped": false
            },
            {
              "title": "Verify copyright text \"© 2020 Change Healthcare\" being displayed",
              "fullTitle": "Verify Home page Verify copyright text \"© 2020 Change Healthcare\" being displayed",
              "timedOut": null,
              "duration": 1514,
              "state": "passed",
              "speed": "slow",
              "pass": true,
              "fail": false,
              "pending": false,
              "context": null,
              "code": "//cy.get('.cmp-footer__copyright-text')\n_home[\"default\"].privacyFooter().should('include.text', \"© 2020 Change Healthcare\");",
              "err": {},
              "uuid": "fd365468-5440-4094-904c-aae0b529b62b",
              "parentUUID": "86135a90-4cf3-43d9-a9c1-3a611f5265d3",
              "isHook": false,
              "skipped": false
            }
          ],
          "suites": [],
          "passes": [
            "5a8a9560-8dac-4cb1-8faa-f50d97b6b814",
            "c8bbadb9-1c0c-4309-bfe4-a10b2ef7fe69",
            "87acb1ee-8fbf-4003-850a-add3676a04cd",
            "08bcf0ea-f2e2-482c-b669-6a36c1e3e9ff",
            "43975327-50da-4106-9ea5-6bf48c565f27",
            "b8fcbd0a-14a7-4b41-9b67-b6a5933b52fa",
            "dbe987ad-3e70-48a7-afa6-e09628b52773",
            "b3bc0756-315a-4945-9bc6-1621b20728dd",
            "b848b079-e460-44fa-9f8f-c005d78ec362",
            "5173400a-aa10-48d5-8f04-62f752002e60",
            "6fd8600e-718e-444b-9119-8fe2c1d2a82f",
            "fd365468-5440-4094-904c-aae0b529b62b"
          ],
          "failures": [],
          "pending": [],
          "skipped": [],
          "duration": 26631,
          "root": false,
          "rootEmpty": false,
          "_timeout": 2000
        }
      ],
      "passes": [],
      "failures": [],
      "pending": [],
      "skipped": [],
      "duration": 0,
      "root": true,
      "rootEmpty": true,
      "_timeout": 2000
    }
  ],
  "meta": {
    "mocha": {
      "version": "7.0.1"
    },
    "mochawesome": {
      "options": {
        "quiet": false,
        "reportFilename": "mochawesome",
        "saveHtml": false,
        "saveJson": true,
        "consoleReporter": "spec",
        "useInlineDiffs": false,
        "code": true
      },
      "version": "6.1.1"
    },
    "marge": {
      "options": {
        "id": "default",
        "reportDir": "cypress/reports/mocha",
        "quite": true,
        "overwrite": false,
        "html": false,
        "json": true
      },
      "version": "5.1.0"
    }
  }
}