{
  "stats": {
    "suites": 7,
    "tests": 91,
    "passes": 78,
    "pending": 0,
    "failures": 13,
    "start": "2022-11-10T06:31:56.164Z",
    "end": "2022-11-10T06:31:56.164Z",
    "duration": 235713,
    "testsRegistered": 91,
    "passPercent": 85.71428571428571,
    "pendingPercent": 0,
    "other": 0,
    "hasOther": false,
    "skipped": 0,
    "hasSkipped": false
  },
  "results": [
    {
      "uuid": "479c7b13-2695-4d3b-ad8c-b26ed1c631f3",
      "title": "",
      "fullFile": "cypress/e2e/specs/find_client_advisor.spec.js",
      "file": "cypress/e2e/specs/find_client_advisor.spec.js",
      "beforeHooks": [],
      "afterHooks": [],
      "tests": [],
      "suites": [
        {
          "uuid": "302028e7-1dfe-4d18-ac00-446aaf893953",
          "title": "Verify \"FIND A MORTGAGE LOAN OFFICER\" page",
          "fullFile": "",
          "file": "",
          "beforeHooks": [],
          "afterHooks": [],
          "tests": [
            {
              "title": "Verify Find a Mortgage Loan officer page is displayed",
              "fullTitle": "Verify \"FIND A MORTGAGE LOAN OFFICER\" page Verify Find a Mortgage Loan officer page is displayed",
              "timedOut": null,
              "duration": 9479,
              "state": "failed",
              "speed": null,
              "pass": false,
              "fail": true,
              "pending": false,
              "context": null,
              "code": "cy.get('#main-content').within(() => {\n  cy.get('h1.coh-heading').contains('Connect With One Of Our Experienced Client Advisors').should('be.visible');\n  cy.contains('SEARCH BY LOCATION OR NAME');\n  _find.default.location().should('be.visible').contains('Select Location');\n  _find.default.associate().should('be.visible').should('be.visible').contains('Select Advisor');\n});",
              "err": {
                "message": "AssertionError: Timed out retrying after 4000ms: Expected to find element: `#edit-location--2`, but never found it.",
                "estack": "AssertionError: Timed out retrying after 4000ms: Expected to find element: `#edit-location--2`, but never found it.\n    at Context.eval (https://www.arvest.com/__cypress/tests?p=cypress/e2e/specs/find_client_advisor.spec.js:291:32)",
                "diff": null
              },
              "uuid": "ecd0fa2c-ec8b-4bff-98d4-21b197103554",
              "parentUUID": "302028e7-1dfe-4d18-ac00-446aaf893953",
              "isHook": false,
              "skipped": false
            },
            {
              "title": "Verify Find a Advisor By Location Search",
              "fullTitle": "Verify \"FIND A MORTGAGE LOAN OFFICER\" page Verify Find a Advisor By Location Search",
              "timedOut": null,
              "duration": 5662,
              "state": "failed",
              "speed": null,
              "pass": false,
              "fail": true,
              "pending": false,
              "context": null,
              "code": "_find.default.location().select('Bartlesville, OK', {\n  force: true\n});\ncy.contains('h3', \"Hannah J. Bode\").should('be.visible');\n_find.default.privateBankerList().first().within(() => {\n  cy.contains('Vice President, Arvest Bank').should('be.visible');\n  cy.contains('(918) 337-4301');\n  cy.contains('a', 'hbode@arvest.com');\n  cy.contains('Oklahoma Insurance License # 40087522');\n  cy.contains('SCHEDULE AN APPOINTMENT').click();\n  cy.title().should('be.eq', \"Service\");\n  cy.go('back');\n  cy.title().should('be.eq', 'Find a Client Advisor | Arvest Bank');\n});",
              "err": {
                "message": "AssertionError: Timed out retrying after 4000ms: Expected to find element: `#edit-location--2`, but never found it.",
                "estack": "AssertionError: Timed out retrying after 4000ms: Expected to find element: `#edit-location--2`, but never found it.\n    at Find_Officer.location (https://www.arvest.com/__cypress/tests?p=cypress/e2e/specs/find_client_advisor.spec.js:124:15)\n    at Context.eval (https://www.arvest.com/__cypress/tests?p=cypress/e2e/specs/find_client_advisor.spec.js:297:19)",
                "diff": null
              },
              "uuid": "65acdb95-6ec2-4e60-99f3-1ee8d78157a2",
              "parentUUID": "302028e7-1dfe-4d18-ac00-446aaf893953",
              "isHook": false,
              "skipped": false
            },
            {
              "title": "Verify Find a Mortgage Loan officer By Name Search",
              "fullTitle": "Verify \"FIND A MORTGAGE LOAN OFFICER\" page Verify Find a Mortgage Loan officer By Name Search",
              "timedOut": null,
              "duration": 5603,
              "state": "failed",
              "speed": null,
              "pass": false,
              "fail": true,
              "pending": false,
              "context": null,
              "code": "_find.default.location().should('be.visible');\n_find.default.associate().select('Andy Goos', {\n  force: true\n});\ncy.contains('h3', \"Andy Goos\").should('be.visible');\n_find.default.privateBankerList().first().contains('Client Advisor').should('be.visible');\n_find.default.privateBankerList().contains('(913) 948-2176');\n_find.default.privateBankerList().contains('a', 'agoos@arvest.com');\n_find.default.privateBankerList().contains('Missouri Insurance License # 8226548');\ncy.contains(\"SCHEDULE AN APPOINTMENT\").click();",
              "err": {
                "message": "AssertionError: Timed out retrying after 4000ms: Expected to find element: `#edit-location--2`, but never found it.",
                "estack": "AssertionError: Timed out retrying after 4000ms: Expected to find element: `#edit-location--2`, but never found it.\n    at Context.eval (https://www.arvest.com/__cypress/tests?p=cypress/e2e/specs/find_client_advisor.spec.js:315:30)",
                "diff": null
              },
              "uuid": "61868a04-fac8-4bba-af4b-142a5a272204",
              "parentUUID": "302028e7-1dfe-4d18-ac00-446aaf893953",
              "isHook": false,
              "skipped": false
            }
          ],
          "suites": [],
          "passes": [],
          "failures": [
            "ecd0fa2c-ec8b-4bff-98d4-21b197103554",
            "65acdb95-6ec2-4e60-99f3-1ee8d78157a2",
            "61868a04-fac8-4bba-af4b-142a5a272204"
          ],
          "pending": [],
          "skipped": [],
          "duration": 20744,
          "root": false,
          "rootEmpty": false,
          "_timeout": 2000
        }
      ],
      "passes": [],
      "failures": [],
      "pending": [],
      "skipped": [],
      "duration": 0,
      "root": true,
      "rootEmpty": true,
      "_timeout": 2000
    },
    {
      "uuid": "fb2f7f04-a963-4385-901e-69539748d27b",
      "title": "",
      "fullFile": "cypress/e2e/specs/find_loan_officer.spec.js",
      "file": "cypress/e2e/specs/find_loan_officer.spec.js",
      "beforeHooks": [],
      "afterHooks": [],
      "tests": [],
      "suites": [
        {
          "uuid": "fd05c882-116e-4bb5-903c-c4e260ea8ac7",
          "title": "Verify \"FIND A MORTGAGE LOAN OFFICER\" page",
          "fullFile": "",
          "file": "",
          "beforeHooks": [],
          "afterHooks": [],
          "tests": [
            {
              "title": "Verify Find a Mortgage Loan officer page is displayed",
              "fullTitle": "Verify \"FIND A MORTGAGE LOAN OFFICER\" page Verify Find a Mortgage Loan officer page is displayed",
              "timedOut": null,
              "duration": 5200,
              "state": "passed",
              "speed": "medium",
              "pass": true,
              "fail": false,
              "pending": false,
              "context": null,
              "code": "cy.get('h1').contains(' Find a Mortgage Loan Officer ').should('be.visible');\ncy.contains('SEARCH YOUR LOCATION OR SEARCH BY NAME').should('be.visible');\ncy.contains(\"[role='textbox']\", 'Select Location').should('be.visible');\ncy.contains(\"[role='textbox']\", 'Select Loan Officer').should('be.visible');",
              "err": {},
              "uuid": "c57a2d01-7e49-4e9d-bb8e-990565c7a0ae",
              "parentUUID": "fd05c882-116e-4bb5-903c-c4e260ea8ac7",
              "isHook": false,
              "skipped": false
            },
            {
              "title": "Verify Find a Mortgage Loan officer By Location Search",
              "fullTitle": "Verify \"FIND A MORTGAGE LOAN OFFICER\" page Verify Find a Mortgage Loan officer By Location Search",
              "timedOut": null,
              "duration": 5459,
              "state": "failed",
              "speed": null,
              "pass": false,
              "fail": true,
              "pending": false,
              "context": null,
              "code": "cy.get(\"#edit-location--2\").select('Internet Lender', {\n  force: true\n});\ncy.contains('h3', \"Alex Simpson\").should('be.visible');\ncy.get('.coh-column.coh-visible-ps.coh-col-ps-12.coh-visible-xl.coh-col-xl-7').contains('Mortgage Loan Officer').should('be.visible');\ncy.get('.coh-column.coh-visible-ps.coh-col-ps-12.coh-visible-xl.coh-col-xl-7').contains('Internet Lender').should('be.visible');\ncy.get('.coh-column.coh-visible-ps.coh-col-ps-12.coh-visible-xl.coh-col-xl-7').contains('(918) 382-2638');\ncy.get('.coh-column.coh-visible-ps.coh-col-ps-12.coh-visible-xl.coh-col-xl-7').contains('a', 'asimpson1@arvest.com');\ncy.get('.coh-column.coh-visible-ps.coh-col-ps-12.coh-visible-xl.coh-col-xl-7').find('.coh-inline-element').contains('NMLS# 803613');\ncy.contains(\"Visit Alex's Web Page for More Information\").click();\ncy.title().should('be.eq', \"Apply for a mortgage online | Arvest Home Loans - asimpson1\");\ncy.go('back');\ncy.title().should('be.eq', 'Find a Mortgage Loan Officer | Arvest Bank');\ncy.contains('a', 'BEGIN ONLINE APPLICATION').should('be.visible');",
              "err": {
                "message": "AssertionError: Timed out retrying after 4000ms: Expected to find element: `#edit-location--2`, but never found it.",
                "estack": "AssertionError: Timed out retrying after 4000ms: Expected to find element: `#edit-location--2`, but never found it.\n    at Context.eval (https://www.arvest.com/__cypress/tests?p=cypress/e2e/specs/find_loan_officer.spec.js:253:8)",
                "diff": null
              },
              "uuid": "d6e76247-4a07-4cbb-9d13-adc2d0dc1310",
              "parentUUID": "fd05c882-116e-4bb5-903c-c4e260ea8ac7",
              "isHook": false,
              "skipped": false
            },
            {
              "title": "Verify Find a Mortgage Loan officer By Name Search",
              "fullTitle": "Verify \"FIND A MORTGAGE LOAN OFFICER\" page Verify Find a Mortgage Loan officer By Name Search",
              "timedOut": null,
              "duration": 5640,
              "state": "failed",
              "speed": null,
              "pass": false,
              "fail": true,
              "pending": false,
              "context": null,
              "code": "cy.get(\"#edit-location--2\").should('be.visible');\ncy.get('#edit-associate--2').select('Alex Simpson', {\n  force: true\n});\ncy.contains('h3', \"Alex Simpson\").should('be.visible');\ncy.get('.coh-column.coh-visible-ps.coh-col-ps-12.coh-visible-xl.coh-col-xl-7').contains('Mortgage Loan Officer').should('be.visible');\ncy.get('.coh-column.coh-visible-ps.coh-col-ps-12.coh-visible-xl.coh-col-xl-7').contains('Internet Lender').should('be.visible');\ncy.get('.coh-column.coh-visible-ps.coh-col-ps-12.coh-visible-xl.coh-col-xl-7').contains('(918) 382-2638');\ncy.get('.coh-column.coh-visible-ps.coh-col-ps-12.coh-visible-xl.coh-col-xl-7').contains('a', 'asimpson1@arvest.com');\ncy.get('.coh-column.coh-visible-ps.coh-col-ps-12.coh-visible-xl.coh-col-xl-7').find('.coh-inline-element').contains('NMLS# 803613');\ncy.contains(\"Visit Alex's Web Page for More Information\").click();\ncy.title().should('be.eq', \"Apply for a mortgage online | Arvest Home Loans - asimpson1\");\ncy.go('back');\ncy.title().should('be.eq', 'Find a Mortgage Loan Officer | Arvest Bank');\ncy.contains('a', 'BEGIN ONLINE APPLICATION').should('be.visible');",
              "err": {
                "message": "AssertionError: Timed out retrying after 4000ms: Expected to find element: `#edit-location--2`, but never found it.",
                "estack": "AssertionError: Timed out retrying after 4000ms: Expected to find element: `#edit-location--2`, but never found it.\n    at Context.eval (https://www.arvest.com/__cypress/tests?p=cypress/e2e/specs/find_loan_officer.spec.js:269:33)",
                "diff": null
              },
              "uuid": "75deb596-5878-4e0f-a97b-8b9568f14149",
              "parentUUID": "fd05c882-116e-4bb5-903c-c4e260ea8ac7",
              "isHook": false,
              "skipped": false
            }
          ],
          "suites": [],
          "passes": [
            "c57a2d01-7e49-4e9d-bb8e-990565c7a0ae"
          ],
          "failures": [
            "d6e76247-4a07-4cbb-9d13-adc2d0dc1310",
            "75deb596-5878-4e0f-a97b-8b9568f14149"
          ],
          "pending": [],
          "skipped": [],
          "duration": 16299,
          "root": false,
          "rootEmpty": false,
          "_timeout": 2000
        }
      ],
      "passes": [],
      "failures": [],
      "pending": [],
      "skipped": [],
      "duration": 0,
      "root": true,
      "rootEmpty": true,
      "_timeout": 2000
    },
    {
      "uuid": "fcf54f80-c353-42c8-88a3-b6d403077a34",
      "title": "",
      "fullFile": "cypress/e2e/specs/find_private_banker.spec.js",
      "file": "cypress/e2e/specs/find_private_banker.spec.js",
      "beforeHooks": [],
      "afterHooks": [],
      "tests": [],
      "suites": [
        {
          "uuid": "279539ee-b83c-4b05-8d46-5ecfe3fce095",
          "title": "Verify \"FIND Private Banker\" page",
          "fullFile": "",
          "file": "",
          "beforeHooks": [],
          "afterHooks": [],
          "tests": [
            {
              "title": "Verify Find a Privae Banker page is displayed",
              "fullTitle": "Verify \"FIND Private Banker\" page Verify Find a Privae Banker page is displayed",
              "timedOut": null,
              "duration": 8853,
              "state": "failed",
              "speed": null,
              "pass": false,
              "fail": true,
              "pending": false,
              "context": null,
              "code": "cy.get('h1').contains(' Private Banking ').should('be.visible');\ncy.contains('SELECT YOUR LOCATION').should('be.visible');\n_find.default.location().should('be.visible');\ncy.contains('h2', \"SIMPLIFY YOUR LIFE WITH ONE PHONE CALL\").should('be.visible');",
              "err": {
                "message": "AssertionError: Timed out retrying after 4000ms: Expected to find element: `#edit-location--2`, but never found it.",
                "estack": "AssertionError: Timed out retrying after 4000ms: Expected to find element: `#edit-location--2`, but never found it.\n    at Context.eval (https://www.arvest.com/__cypress/tests?p=cypress/e2e/specs/find_private_banker.spec.js:290:30)",
                "diff": null
              },
              "uuid": "36c957f9-df8c-4d9f-925c-26a13e9f7d62",
              "parentUUID": "279539ee-b83c-4b05-8d46-5ecfe3fce095",
              "isHook": false,
              "skipped": false
            },
            {
              "title": "Verify Find a Advisor By Location Search",
              "fullTitle": "Verify \"FIND Private Banker\" page Verify Find a Advisor By Location Search",
              "timedOut": null,
              "duration": 5640,
              "state": "failed",
              "speed": null,
              "pass": false,
              "fail": true,
              "pending": false,
              "context": null,
              "code": "//FindOfficer.location().select('Little Rock, AR')\ncy.get('#edit-location--2').select('Little Rock, AR', {\n  force: true\n}); //cy.get('#edit-submit-private-banker-block--2').click()\ncy.get('.coh-blockquote').scrollIntoView();\ncy.contains('h3', \"Alicia Dewees\").should('be.visible');\n_find.default.privateBankerList().first().contains('Vice President / Private Banking Advisor').should('be.visible');\n_find.default.privateBankerList().contains('(501) 513-4577');\n_find.default.privateBankerList().contains('a', 'adewees@arvest.com');\n_find.default.privateBankerList().contains('69256');",
              "err": {
                "message": "AssertionError: Timed out retrying after 4000ms: Expected to find element: `#edit-location--2`, but never found it.",
                "estack": "AssertionError: Timed out retrying after 4000ms: Expected to find element: `#edit-location--2`, but never found it.\n    at Context.eval (https://www.arvest.com/__cypress/tests?p=cypress/e2e/specs/find_private_banker.spec.js:296:8)",
                "diff": null
              },
              "uuid": "b2576a71-95ca-4953-af76-03ade10fae5e",
              "parentUUID": "279539ee-b83c-4b05-8d46-5ecfe3fce095",
              "isHook": false,
              "skipped": false
            }
          ],
          "suites": [],
          "passes": [],
          "failures": [
            "36c957f9-df8c-4d9f-925c-26a13e9f7d62",
            "b2576a71-95ca-4953-af76-03ade10fae5e"
          ],
          "pending": [],
          "skipped": [],
          "duration": 14493,
          "root": false,
          "rootEmpty": false,
          "_timeout": 2000
        }
      ],
      "passes": [],
      "failures": [],
      "pending": [],
      "skipped": [],
      "duration": 0,
      "root": true,
      "rootEmpty": true,
      "_timeout": 2000
    },
    {
      "uuid": "15dded70-51b9-40f0-ba0f-8b41be879668",
      "title": "",
      "fullFile": "cypress/e2e/specs/find_trusts.spec.js",
      "file": "cypress/e2e/specs/find_trusts.spec.js",
      "beforeHooks": [],
      "afterHooks": [],
      "tests": [],
      "suites": [
        {
          "uuid": "dbfdc5b2-0c4a-47cb-a65a-4e9e6eab7474",
          "title": "Verify \"FIND Trust & Estate Planning Professional\" page",
          "fullFile": "",
          "file": "",
          "beforeHooks": [],
          "afterHooks": [],
          "tests": [
            {
              "title": "Verify Find a Trust & Estate page is displayed",
              "fullTitle": "Verify \"FIND Trust & Estate Planning Professional\" page Verify Find a Trust & Estate page is displayed",
              "timedOut": null,
              "duration": 8944,
              "state": "failed",
              "speed": null,
              "pass": false,
              "fail": true,
              "pending": false,
              "context": null,
              "code": "cy.get('h1').contains(' Find a Trust and Estate Planning Professional ').should('be.visible');\ncy.contains('SEARCH YOUR LOCATION OR NAME').should('be.visible');\n_find.default.location().should('be.visible');\n_find.default.associate().should('be.visible'); //cy.contains('h2',\"SIMPLIFY YOUR LIFE WITH ONE PHONE CALL\").should('be.visible')",
              "err": {
                "message": "AssertionError: Timed out retrying after 4000ms: Expected to find element: `#edit-location--2`, but never found it.",
                "estack": "AssertionError: Timed out retrying after 4000ms: Expected to find element: `#edit-location--2`, but never found it.\n    at Context.eval (https://www.arvest.com/__cypress/tests?p=cypress/e2e/specs/find_trusts.spec.js:290:30)",
                "diff": null
              },
              "uuid": "f1a7a10e-c0a8-4956-9db9-efacde4f5844",
              "parentUUID": "dbfdc5b2-0c4a-47cb-a65a-4e9e6eab7474",
              "isHook": false,
              "skipped": false
            },
            {
              "title": "Verify Find a Trust & Estate advisor By Location Search",
              "fullTitle": "Verify \"FIND Trust & Estate Planning Professional\" page Verify Find a Trust & Estate advisor By Location Search",
              "timedOut": null,
              "duration": 5370,
              "state": "failed",
              "speed": null,
              "pass": false,
              "fail": true,
              "pending": false,
              "context": null,
              "code": "//FindOfficer.location().select('Little Rock, AR')\ncy.get('#edit-location--2').select('Alma, AR', {\n  force: true\n});\ncy.contains('h3', \"Kevin Lacewell CFP® CTFA\").should('be.visible'); //Verify content\n_find.default.privateBankerList().first().within(() => {\n  cy.contains('Vice President, Arvest Bank').should('be.visible');\n  cy.contains('(479) 221-8797');\n  cy.contains('a', 'klacewell@arvest.com');\n  cy.contains('Arkansas Insurance License # 3521806');\n});",
              "err": {
                "message": "AssertionError: Timed out retrying after 4000ms: Expected to find element: `#edit-location--2`, but never found it.",
                "estack": "AssertionError: Timed out retrying after 4000ms: Expected to find element: `#edit-location--2`, but never found it.\n    at Context.eval (https://www.arvest.com/__cypress/tests?p=cypress/e2e/specs/find_trusts.spec.js:297:8)",
                "diff": null
              },
              "uuid": "e0929a3e-74da-438a-b387-ea602e4a49b5",
              "parentUUID": "dbfdc5b2-0c4a-47cb-a65a-4e9e6eab7474",
              "isHook": false,
              "skipped": false
            },
            {
              "title": "Verify Find a Trust Officer By Name Search",
              "fullTitle": "Verify \"FIND Trust & Estate Planning Professional\" page Verify Find a Trust Officer By Name Search",
              "timedOut": null,
              "duration": 6567,
              "state": "failed",
              "speed": null,
              "pass": false,
              "fail": true,
              "pending": false,
              "context": null,
              "code": "cy.get(\"#edit-location--2\").should('be.visible');\ncy.get('#edit-associate--2').select('Bert Kell', {\n  force: true\n});\ncy.contains('h3', \"Bert Kell\").should('be.visible');\n_find.default.privateBankerList().first().within(() => {\n  cy.contains('Senior Vice President, Arvest Bank').should('be.visible');\n  cy.contains('(479)621-1868');\n  cy.contains('a', 'hkell@arvest.com');\n});",
              "err": {
                "message": "AssertionError: Timed out retrying after 4000ms: Expected to find element: `#edit-location--2`, but never found it.",
                "estack": "AssertionError: Timed out retrying after 4000ms: Expected to find element: `#edit-location--2`, but never found it.\n    at Context.eval (https://www.arvest.com/__cypress/tests?p=cypress/e2e/specs/find_trusts.spec.js:310:33)",
                "diff": null
              },
              "uuid": "6058a87f-ca93-4643-a95e-d1099e2fc212",
              "parentUUID": "dbfdc5b2-0c4a-47cb-a65a-4e9e6eab7474",
              "isHook": false,
              "skipped": false
            }
          ],
          "suites": [],
          "passes": [],
          "failures": [
            "f1a7a10e-c0a8-4956-9db9-efacde4f5844",
            "e0929a3e-74da-438a-b387-ea602e4a49b5",
            "6058a87f-ca93-4643-a95e-d1099e2fc212"
          ],
          "pending": [],
          "skipped": [],
          "duration": 20881,
          "root": false,
          "rootEmpty": false,
          "_timeout": 2000
        }
      ],
      "passes": [],
      "failures": [],
      "pending": [],
      "skipped": [],
      "duration": 0,
      "root": true,
      "rootEmpty": true,
      "_timeout": 2000
    },
    {
      "uuid": "4785e118-4803-46c8-ba64-4aefb7b6c008",
      "title": "",
      "fullFile": "cypress/e2e/specs/home.spec.js",
      "file": "cypress/e2e/specs/home.spec.js",
      "beforeHooks": [],
      "afterHooks": [],
      "tests": [],
      "suites": [
        {
          "uuid": "7bf171ea-3fb4-4555-b07f-b6d00cce4e77",
          "title": "Verify Home page",
          "fullFile": "",
          "file": "",
          "beforeHooks": [],
          "afterHooks": [],
          "tests": [
            {
              "title": "Verify Top Menu section is displayed",
              "fullTitle": "Verify Home page Verify Top Menu section is displayed",
              "timedOut": null,
              "duration": 2734,
              "state": "passed",
              "speed": "fast",
              "pass": true,
              "fail": false,
              "pending": false,
              "context": null,
              "code": "_home.default.topMenuList().should('be.visible');",
              "err": {},
              "uuid": "d343a2d6-2cb6-4972-8f60-f52db3b01147",
              "parentUUID": "7bf171ea-3fb4-4555-b07f-b6d00cce4e77",
              "isHook": false,
              "skipped": false
            },
            {
              "title": "Verify Top Menu section has Four links",
              "fullTitle": "Verify Home page Verify Top Menu section has Four links",
              "timedOut": null,
              "duration": 566,
              "state": "passed",
              "speed": "fast",
              "pass": true,
              "fail": false,
              "pending": false,
              "context": null,
              "code": "_home.default.topMenuList().children().should('have.length', 4);",
              "err": {},
              "uuid": "bd5fc11c-4bf6-4821-bf9f-72aa66e2cafe",
              "parentUUID": "7bf171ea-3fb4-4555-b07f-b6d00cce4e77",
              "isHook": false,
              "skipped": false
            },
            {
              "title": "Verify Rates link is displayed on Top Menu",
              "fullTitle": "Verify Home page Verify Rates link is displayed on Top Menu",
              "timedOut": null,
              "duration": 566,
              "state": "passed",
              "speed": "fast",
              "pass": true,
              "fail": false,
              "pending": false,
              "context": null,
              "code": "_home.default.topMenuList().children().contains('Rates').should('be.visible');",
              "err": {},
              "uuid": "9c44b4de-17d3-4f38-8971-6ee3948c7fad",
              "parentUUID": "7bf171ea-3fb4-4555-b07f-b6d00cce4e77",
              "isHook": false,
              "skipped": false
            },
            {
              "title": "Verify About link is displayed on Top Menu",
              "fullTitle": "Verify Home page Verify About link is displayed on Top Menu",
              "timedOut": null,
              "duration": 613,
              "state": "passed",
              "speed": "fast",
              "pass": true,
              "fail": false,
              "pending": false,
              "context": null,
              "code": "_home.default.topMenuList().children().contains('About').should('be.visible');",
              "err": {},
              "uuid": "70cb3ee0-6e53-4b0f-aa80-f5dbe85628e1",
              "parentUUID": "7bf171ea-3fb4-4555-b07f-b6d00cce4e77",
              "isHook": false,
              "skipped": false
            },
            {
              "title": "Verify Contact link is displayed on Top Menu",
              "fullTitle": "Verify Home page Verify Contact link is displayed on Top Menu",
              "timedOut": null,
              "duration": 538,
              "state": "passed",
              "speed": "fast",
              "pass": true,
              "fail": false,
              "pending": false,
              "context": null,
              "code": "_home.default.topMenuList().children().contains('Contact').should('be.visible');",
              "err": {},
              "uuid": "5f405929-b002-4c18-9559-92559bf974f9",
              "parentUUID": "7bf171ea-3fb4-4555-b07f-b6d00cce4e77",
              "isHook": false,
              "skipped": false
            },
            {
              "title": "Verify Careers link is displayed on Top Menu",
              "fullTitle": "Verify Home page Verify Careers link is displayed on Top Menu",
              "timedOut": null,
              "duration": 937,
              "state": "passed",
              "speed": "fast",
              "pass": true,
              "fail": false,
              "pending": false,
              "context": null,
              "code": "_home.default.topMenuList().children().contains('Careers').should('be.visible').click();\ncy.title().should('be.eq', 'Careers with Arvest & Family of Companies');",
              "err": {},
              "uuid": "4b98566a-fc8c-4b04-a7b1-757807b57e24",
              "parentUUID": "7bf171ea-3fb4-4555-b07f-b6d00cce4e77",
              "isHook": false,
              "skipped": false
            },
            {
              "title": "Verify Ask Everest field is displayed on Top Menu",
              "fullTitle": "Verify Home page Verify Ask Everest field is displayed on Top Menu",
              "timedOut": null,
              "duration": 501,
              "state": "passed",
              "speed": "fast",
              "pass": true,
              "fail": false,
              "pending": false,
              "context": null,
              "code": "_home.default.askArvest().children().contains('Ask Arvest').should('be.visible');",
              "err": {},
              "uuid": "6a722e34-ae25-4039-91ff-d2a4f30b754e",
              "parentUUID": "7bf171ea-3fb4-4555-b07f-b6d00cce4e77",
              "isHook": false,
              "skipped": false
            },
            {
              "title": "Verify \"Enter a Question or Keyword\" place holder text displayed on Top Menu",
              "fullTitle": "Verify Home page Verify \"Enter a Question or Keyword\" place holder text displayed on Top Menu",
              "timedOut": null,
              "duration": 498,
              "state": "passed",
              "speed": "fast",
              "pass": true,
              "fail": false,
              "pending": false,
              "context": null,
              "code": "_home.default.askArvestInput().should('have.attr', 'placeholder', 'Enter a Question or Keyword');",
              "err": {},
              "uuid": "798c9686-69ac-4415-a2fb-a50b00e3356a",
              "parentUUID": "7bf171ea-3fb4-4555-b07f-b6d00cce4e77",
              "isHook": false,
              "skipped": false
            },
            {
              "title": "Verify \"ASK\" button is displayed on Top Menu",
              "fullTitle": "Verify Home page Verify \"ASK\" button is displayed on Top Menu",
              "timedOut": null,
              "duration": 538,
              "state": "passed",
              "speed": "fast",
              "pass": true,
              "fail": false,
              "pending": false,
              "context": null,
              "code": "_home.default.askButton().should('have.attr', 'value', 'Ask').should('be.visible');",
              "err": {},
              "uuid": "ce6d78ad-496f-4889-8b5b-907b228f5037",
              "parentUUID": "7bf171ea-3fb4-4555-b07f-b6d00cce4e77",
              "isHook": false,
              "skipped": false
            },
            {
              "title": "Verify \"Arvest\" logo is displayed on Top left corner",
              "fullTitle": "Verify Home page Verify \"Arvest\" logo is displayed on Top left corner",
              "timedOut": null,
              "duration": 563,
              "state": "passed",
              "speed": "fast",
              "pass": true,
              "fail": false,
              "pending": false,
              "context": null,
              "code": "_home.default.arvestLogo().children().should('have.attr', 'href', '/').should('be.visible');",
              "err": {},
              "uuid": "68541356-d10d-4481-adb6-3e0abe426f11",
              "parentUUID": "7bf171ea-3fb4-4555-b07f-b6d00cce4e77",
              "isHook": false,
              "skipped": false
            },
            {
              "title": "Verify ATM & Branch locations label being displayed",
              "fullTitle": "Verify Home page Verify ATM & Branch locations label being displayed",
              "timedOut": null,
              "duration": 563,
              "state": "passed",
              "speed": "fast",
              "pass": true,
              "fail": false,
              "pending": false,
              "context": null,
              "code": "_home.default.atmBranchLabel().contains('Atm & Branch Locations').should('be.visible');",
              "err": {},
              "uuid": "d6916e34-e487-4b4a-a0de-0103228a9151",
              "parentUUID": "7bf171ea-3fb4-4555-b07f-b6d00cce4e77",
              "isHook": false,
              "skipped": false
            },
            {
              "title": "Verify ATM & Branch field being displayed",
              "fullTitle": "Verify Home page Verify ATM & Branch field being displayed",
              "timedOut": null,
              "duration": 534,
              "state": "passed",
              "speed": "fast",
              "pass": true,
              "fail": false,
              "pending": false,
              "context": null,
              "code": "_home.default.atmBranchField().should('have.attr', 'placeholder', 'City, State or Zip');",
              "err": {},
              "uuid": "7069a7e9-d148-4fd9-8864-983b3a04ef90",
              "parentUUID": "7bf171ea-3fb4-4555-b07f-b6d00cce4e77",
              "isHook": false,
              "skipped": false
            },
            {
              "title": "Verify \"Go\" button is displayed for ATM branch",
              "fullTitle": "Verify Home page Verify \"Go\" button is displayed for ATM branch",
              "timedOut": null,
              "duration": 560,
              "state": "passed",
              "speed": "fast",
              "pass": true,
              "fail": false,
              "pending": false,
              "context": null,
              "code": "_home.default.atmBranchButton().should('have.attr', 'value', 'Go').should('be.visible');",
              "err": {},
              "uuid": "1fc6bd87-b81c-4ae4-b665-e5cbf5957807",
              "parentUUID": "7bf171ea-3fb4-4555-b07f-b6d00cce4e77",
              "isHook": false,
              "skipped": false
            },
            {
              "title": "Verify Main Nav is displayed",
              "fullTitle": "Verify Home page Verify Main Nav is displayed",
              "timedOut": null,
              "duration": 567,
              "state": "passed",
              "speed": "fast",
              "pass": true,
              "fail": false,
              "pending": false,
              "context": null,
              "code": "_home.default.mainNav().should('be.visible');",
              "err": {},
              "uuid": "56f8045e-abd1-44e8-a745-b63c862ab97c",
              "parentUUID": "7bf171ea-3fb4-4555-b07f-b6d00cce4e77",
              "isHook": false,
              "skipped": false
            },
            {
              "title": "Verify Personal is displayed in Main Nav",
              "fullTitle": "Verify Home page Verify Personal is displayed in Main Nav",
              "timedOut": null,
              "duration": 755,
              "state": "passed",
              "speed": "fast",
              "pass": true,
              "fail": false,
              "pending": false,
              "context": null,
              "code": "_home.default.mainNav().children().contains(\"Personal\").trigger('mouseover').click();",
              "err": {},
              "uuid": "dc1fa961-8f41-475c-a3b6-16905f0a0bb2",
              "parentUUID": "7bf171ea-3fb4-4555-b07f-b6d00cce4e77",
              "isHook": false,
              "skipped": false
            },
            {
              "title": "Verify Business is displayed in Main Nav",
              "fullTitle": "Verify Home page Verify Business is displayed in Main Nav",
              "timedOut": null,
              "duration": 856,
              "state": "passed",
              "speed": "fast",
              "pass": true,
              "fail": false,
              "pending": false,
              "context": null,
              "code": "_home.default.mainNav().children().contains(\"Business\");",
              "err": {},
              "uuid": "bdbf1f7f-81cf-4dd2-83d6-e25a4f43f652",
              "parentUUID": "7bf171ea-3fb4-4555-b07f-b6d00cce4e77",
              "isHook": false,
              "skipped": false
            },
            {
              "title": "Verify Personal is displayed in Main Nav",
              "fullTitle": "Verify Home page Verify Personal is displayed in Main Nav",
              "timedOut": null,
              "duration": 708,
              "state": "passed",
              "speed": "fast",
              "pass": true,
              "fail": false,
              "pending": false,
              "context": null,
              "code": "_home.default.mainNav().children().contains(\"Credit Cards\");",
              "err": {},
              "uuid": "ceb08584-5445-4635-88f0-88125799c0de",
              "parentUUID": "7bf171ea-3fb4-4555-b07f-b6d00cce4e77",
              "isHook": false,
              "skipped": false
            },
            {
              "title": "Verify Credit Cards is displayed in Main Nav",
              "fullTitle": "Verify Home page Verify Credit Cards is displayed in Main Nav",
              "timedOut": null,
              "duration": 795,
              "state": "passed",
              "speed": "fast",
              "pass": true,
              "fail": false,
              "pending": false,
              "context": null,
              "code": "_home.default.mainNav().children().contains(\"Home Loans\");",
              "err": {},
              "uuid": "ec4f8af6-8fa9-4341-b900-d3684e8404ec",
              "parentUUID": "7bf171ea-3fb4-4555-b07f-b6d00cce4e77",
              "isHook": false,
              "skipped": false
            },
            {
              "title": "Verify Investments & Trusts is displayed in Main Nav",
              "fullTitle": "Verify Home page Verify Investments & Trusts is displayed in Main Nav",
              "timedOut": null,
              "duration": 719,
              "state": "passed",
              "speed": "fast",
              "pass": true,
              "fail": false,
              "pending": false,
              "context": null,
              "code": "_home.default.mainNav().children().contains(\"Investments & Trusts\");",
              "err": {},
              "uuid": "201caa9f-0d91-4838-8608-e47f9bdae0bd",
              "parentUUID": "7bf171ea-3fb4-4555-b07f-b6d00cce4e77",
              "isHook": false,
              "skipped": false
            },
            {
              "title": "Verify Log In To link displayed on Main Nav",
              "fullTitle": "Verify Home page Verify Log In To link displayed on Main Nav",
              "timedOut": null,
              "duration": 530,
              "state": "passed",
              "speed": "fast",
              "pass": true,
              "fail": false,
              "pending": false,
              "context": null,
              "code": "_home.default.logInTo_Main_Nav().contains(\"LOG IN TO...\");",
              "err": {},
              "uuid": "1334d15c-3514-4f20-81e1-39184e566ca9",
              "parentUUID": "7bf171ea-3fb4-4555-b07f-b6d00cce4e77",
              "isHook": false,
              "skipped": false
            },
            {
              "title": "Verify \"My Accounts\" section displayed on the left Nav bar",
              "fullTitle": "Verify Home page Verify \"My Accounts\" section displayed on the left Nav bar",
              "timedOut": null,
              "duration": 4718,
              "state": "failed",
              "speed": null,
              "pass": false,
              "fail": true,
              "pending": false,
              "context": null,
              "code": "_home.default.myAccounts().contains(\"My Accounts\");",
              "err": {
                "message": "AssertionError: Timed out retrying after 4000ms: Expected to find element: `#edit-myaccounts--2 > h2`, but never found it.",
                "estack": "AssertionError: Timed out retrying after 4000ms: Expected to find element: `#edit-myaccounts--2 > h2`, but never found it.\n    at Home_Page.myAccounts (https://www.arvest.com/__cypress/tests?p=cypress/e2e/specs/home.spec.js:167:15)\n    at Context.eval (https://www.arvest.com/__cypress/tests?p=cypress/e2e/specs/home.spec.js:305:19)",
                "diff": null
              },
              "uuid": "67793328-8dcc-4d0b-a77c-972817a07b6f",
              "parentUUID": "7bf171ea-3fb4-4555-b07f-b6d00cce4e77",
              "isHook": false,
              "skipped": false
            },
            {
              "title": "Verify \"Log In To link\" displayed on the left Nav bar",
              "fullTitle": "Verify Home page Verify \"Log In To link\" displayed on the left Nav bar",
              "timedOut": null,
              "duration": 4806,
              "state": "failed",
              "speed": null,
              "pass": false,
              "fail": true,
              "pending": false,
              "context": null,
              "code": "_home.default.logInTo_SideBar().contains(\"LOG IN TO...\");",
              "err": {
                "message": "AssertionError: Timed out retrying after 4000ms: Expected to find element: `#select2-external-login--login-select-non-prod-container`, but never found it.",
                "estack": "AssertionError: Timed out retrying after 4000ms: Expected to find element: `#select2-external-login--login-select-non-prod-container`, but never found it.\n    at Home_Page.logInTo_SideBar (https://www.arvest.com/__cypress/tests?p=cypress/e2e/specs/home.spec.js:171:15)\n    at Context.eval (https://www.arvest.com/__cypress/tests?p=cypress/e2e/specs/home.spec.js:308:19)",
                "diff": null
              },
              "uuid": "71afa8ce-cdd6-4da2-ab16-582fb20ca234",
              "parentUUID": "7bf171ea-3fb4-4555-b07f-b6d00cce4e77",
              "isHook": false,
              "skipped": false
            },
            {
              "title": "Verify \"Enter your Login Id\" section is displayed",
              "fullTitle": "Verify Home page Verify \"Enter your Login Id\" section is displayed",
              "timedOut": null,
              "duration": 531,
              "state": "passed",
              "speed": "fast",
              "pass": true,
              "fail": false,
              "pending": false,
              "context": null,
              "code": "_home.default.logInId().should(\"be.visible\");",
              "err": {},
              "uuid": "e381c461-9e71-4cc2-b851-a973340c4a85",
              "parentUUID": "7bf171ea-3fb4-4555-b07f-b6d00cce4e77",
              "isHook": false,
              "skipped": false
            },
            {
              "title": "Verify \"Enter your Login Id\" Placeholder text is displayed",
              "fullTitle": "Verify Home page Verify \"Enter your Login Id\" Placeholder text is displayed",
              "timedOut": null,
              "duration": 547,
              "state": "passed",
              "speed": "fast",
              "pass": true,
              "fail": false,
              "pending": false,
              "context": null,
              "code": "_home.default.logInIdInputFieldLeftNav().should('have.attr', 'placeholder', 'Enter Your Login ID');",
              "err": {},
              "uuid": "107cba87-20aa-4b5d-8502-6e51cb9e45a4",
              "parentUUID": "7bf171ea-3fb4-4555-b07f-b6d00cce4e77",
              "isHook": false,
              "skipped": false
            },
            {
              "title": "Verify \"LOG IN\" button is displayed",
              "fullTitle": "Verify Home page Verify \"LOG IN\" button is displayed",
              "timedOut": null,
              "duration": 539,
              "state": "passed",
              "speed": "fast",
              "pass": true,
              "fail": false,
              "pending": false,
              "context": null,
              "code": "_home.default.logInButtonLeftNav().should('have.attr', 'value', 'LOG IN');",
              "err": {},
              "uuid": "ffd7edd5-386e-4334-8da9-590c0c546756",
              "parentUUID": "7bf171ea-3fb4-4555-b07f-b6d00cce4e77",
              "isHook": false,
              "skipped": false
            },
            {
              "title": "Glide is displayed",
              "fullTitle": "Verify Home page Glide is displayed",
              "timedOut": null,
              "duration": 589,
              "state": "passed",
              "speed": "fast",
              "pass": true,
              "fail": false,
              "pending": false,
              "context": null,
              "code": "_home.default.glideHome().should('be.visible');",
              "err": {},
              "uuid": "c56fd9cb-006c-4800-b968-72245386ff38",
              "parentUUID": "7bf171ea-3fb4-4555-b07f-b6d00cce4e77",
              "isHook": false,
              "skipped": false
            },
            {
              "title": " 1st slider is displayed in the Glide",
              "fullTitle": "Verify Home page  1st slider is displayed in the Glide",
              "timedOut": null,
              "duration": 614,
              "state": "passed",
              "speed": "fast",
              "pass": true,
              "fail": false,
              "pending": false,
              "context": null,
              "code": "_home.default.glideHome().contains('CD Rate Special');",
              "err": {},
              "uuid": "a2efd7d9-cf3f-4457-bf66-73daeb367fd5",
              "parentUUID": "7bf171ea-3fb4-4555-b07f-b6d00cce4e77",
              "isHook": false,
              "skipped": false
            },
            {
              "title": " 2nd slider is displayed in the Glide",
              "fullTitle": "Verify Home page  2nd slider is displayed in the Glide",
              "timedOut": null,
              "duration": 702,
              "state": "passed",
              "speed": "fast",
              "pass": true,
              "fail": false,
              "pending": false,
              "context": null,
              "code": "_home.default.glideHome().contains('Consumer Loans');",
              "err": {},
              "uuid": "93b74479-1964-4658-b215-ecc3c2f43ba3",
              "parentUUID": "7bf171ea-3fb4-4555-b07f-b6d00cce4e77",
              "isHook": false,
              "skipped": false
            },
            {
              "title": " 3rd slider is displayed in the Glide",
              "fullTitle": "Verify Home page  3rd slider is displayed in the Glide",
              "timedOut": null,
              "duration": 586,
              "state": "passed",
              "speed": "fast",
              "pass": true,
              "fail": false,
              "pending": false,
              "context": null,
              "code": "_home.default.glideHome().contains('Corporate Card');",
              "err": {},
              "uuid": "4ec12f09-eee8-4fc8-8961-ed95d08f8ff9",
              "parentUUID": "7bf171ea-3fb4-4555-b07f-b6d00cce4e77",
              "isHook": false,
              "skipped": false
            },
            {
              "title": " 4th slider is displayed in the Glide",
              "fullTitle": "Verify Home page  4th slider is displayed in the Glide",
              "timedOut": null,
              "duration": 564,
              "state": "passed",
              "speed": "fast",
              "pass": true,
              "fail": false,
              "pending": false,
              "context": null,
              "code": "_home.default.glideHome().contains('Home Equity Lines');",
              "err": {},
              "uuid": "50de50c4-42cf-4484-bb6b-d2251116eb46",
              "parentUUID": "7bf171ea-3fb4-4555-b07f-b6d00cce4e77",
              "isHook": false,
              "skipped": false
            },
            {
              "title": " \"Social Media\" section is displayed in the footer",
              "fullTitle": "Verify Home page  \"Social Media\" section is displayed in the footer",
              "timedOut": null,
              "duration": 517,
              "state": "passed",
              "speed": "fast",
              "pass": true,
              "fail": false,
              "pending": false,
              "context": null,
              "code": "_home.default.socialMedia().should('is.visible');",
              "err": {},
              "uuid": "0cbfee2a-d268-4d47-9f17-b66e50c76865",
              "parentUUID": "7bf171ea-3fb4-4555-b07f-b6d00cce4e77",
              "isHook": false,
              "skipped": false
            },
            {
              "title": " \"Share\" icon is displayed first in Social Media Section",
              "fullTitle": "Verify Home page  \"Share\" icon is displayed first in Social Media Section",
              "timedOut": null,
              "duration": 605,
              "state": "passed",
              "speed": "fast",
              "pass": true,
              "fail": false,
              "pending": false,
              "context": null,
              "code": "_home.default.socialMedia().find('ul > li:nth-child(1)').children().should('have.attr', 'data-icon', 'social').click();",
              "err": {},
              "uuid": "d13c5611-1ef6-447e-995d-8f47792f047a",
              "parentUUID": "7bf171ea-3fb4-4555-b07f-b6d00cce4e77",
              "isHook": false,
              "skipped": false
            },
            {
              "title": " \"Facebook\" icon is displayed first in Social Media Section",
              "fullTitle": "Verify Home page  \"Facebook\" icon is displayed first in Social Media Section",
              "timedOut": null,
              "duration": 650,
              "state": "passed",
              "speed": "fast",
              "pass": true,
              "fail": false,
              "pending": false,
              "context": null,
              "code": "_home.default.socialMedia().find('ul > li:nth-child(2)').children().should('have.attr', 'data-icon', 'facebook').click();",
              "err": {},
              "uuid": "301bedec-4484-4bd7-8b1b-63b8a500a308",
              "parentUUID": "7bf171ea-3fb4-4555-b07f-b6d00cce4e77",
              "isHook": false,
              "skipped": false
            },
            {
              "title": " \"Twitter\" icon is displayed first in Social Media Section",
              "fullTitle": "Verify Home page  \"Twitter\" icon is displayed first in Social Media Section",
              "timedOut": null,
              "duration": 638,
              "state": "passed",
              "speed": "fast",
              "pass": true,
              "fail": false,
              "pending": false,
              "context": null,
              "code": "_home.default.socialMedia().find('ul > li:nth-child(3)').children().should('have.attr', 'data-icon', 'twitter').click();",
              "err": {},
              "uuid": "7306cad3-aac7-4ddd-9eec-7b10ec3468d0",
              "parentUUID": "7bf171ea-3fb4-4555-b07f-b6d00cce4e77",
              "isHook": false,
              "skipped": false
            },
            {
              "title": " \"Instagrm\" icon is displayed first in Social Media Section",
              "fullTitle": "Verify Home page  \"Instagrm\" icon is displayed first in Social Media Section",
              "timedOut": null,
              "duration": 641,
              "state": "passed",
              "speed": "fast",
              "pass": true,
              "fail": false,
              "pending": false,
              "context": null,
              "code": "_home.default.socialMedia().find('ul > li:nth-child(4)').children().should('have.attr', 'data-icon', 'instagram').click();",
              "err": {},
              "uuid": "3cb1473c-2759-4af0-8885-ba1f23ef3245",
              "parentUUID": "7bf171ea-3fb4-4555-b07f-b6d00cce4e77",
              "isHook": false,
              "skipped": false
            },
            {
              "title": " \"Youtube\" icon is displayed first in Social Media Section",
              "fullTitle": "Verify Home page  \"Youtube\" icon is displayed first in Social Media Section",
              "timedOut": null,
              "duration": 954,
              "state": "passed",
              "speed": "fast",
              "pass": true,
              "fail": false,
              "pending": false,
              "context": null,
              "code": "_home.default.socialMedia().find('ul > li:nth-child(5)').children().should('have.attr', 'data-icon', 'youtube').click();",
              "err": {},
              "uuid": "5ff041e3-97ce-4277-b753-1a085312c8bc",
              "parentUUID": "7bf171ea-3fb4-4555-b07f-b6d00cce4e77",
              "isHook": false,
              "skipped": false
            },
            {
              "title": " \"Privacy & Security\" link is displayed on the footer",
              "fullTitle": "Verify Home page  \"Privacy & Security\" link is displayed on the footer",
              "timedOut": null,
              "duration": 559,
              "state": "passed",
              "speed": "fast",
              "pass": true,
              "fail": false,
              "pending": false,
              "context": null,
              "code": "_home.default.privacyLinks().find('ul > li:nth-child(1)').contains('Privacy & Security');",
              "err": {},
              "uuid": "11796f58-e58d-4f70-9ec0-cf680f887852",
              "parentUUID": "7bf171ea-3fb4-4555-b07f-b6d00cce4e77",
              "isHook": false,
              "skipped": false
            },
            {
              "title": " \"Available Properties\" link is displayed on the footer",
              "fullTitle": "Verify Home page  \"Available Properties\" link is displayed on the footer",
              "timedOut": null,
              "duration": 721,
              "state": "passed",
              "speed": "fast",
              "pass": true,
              "fail": false,
              "pending": false,
              "context": null,
              "code": "_home.default.privacyLinks().find('ul > li:nth-child(2)').contains('Available Properties');",
              "err": {},
              "uuid": "39948d23-14fa-4599-8434-4b3f9a32f15c",
              "parentUUID": "7bf171ea-3fb4-4555-b07f-b6d00cce4e77",
              "isHook": false,
              "skipped": false
            },
            {
              "title": " \"Education Center\" link is displayed on the footer",
              "fullTitle": "Verify Home page  \"Education Center\" link is displayed on the footer",
              "timedOut": null,
              "duration": 493,
              "state": "passed",
              "speed": "fast",
              "pass": true,
              "fail": false,
              "pending": false,
              "context": null,
              "code": "_home.default.privacyLinks().find('ul > li:nth-child(3)').contains('Education Center');",
              "err": {},
              "uuid": "59b64d3c-6f53-4eb0-99f3-65c74d9e9aa1",
              "parentUUID": "7bf171ea-3fb4-4555-b07f-b6d00cce4e77",
              "isHook": false,
              "skipped": false
            },
            {
              "title": " \"Documents & Resources\" link is displayed on the footer",
              "fullTitle": "Verify Home page  \"Documents & Resources\" link is displayed on the footer",
              "timedOut": null,
              "duration": 497,
              "state": "passed",
              "speed": "fast",
              "pass": true,
              "fail": false,
              "pending": false,
              "context": null,
              "code": "_home.default.privacyLinks().find('ul > li:nth-child(4)').contains('Documents & Resources');",
              "err": {},
              "uuid": "3df93f3c-e8d8-446b-a5aa-1741f34fa6ce",
              "parentUUID": "7bf171ea-3fb4-4555-b07f-b6d00cce4e77",
              "isHook": false,
              "skipped": false
            },
            {
              "title": " \"Site Map\" link is displayed on the footer",
              "fullTitle": "Verify Home page  \"Site Map\" link is displayed on the footer",
              "timedOut": null,
              "duration": 3122,
              "state": "passed",
              "speed": "fast",
              "pass": true,
              "fail": false,
              "pending": false,
              "context": null,
              "code": "_home.default.privacyLinks().find('ul > li:nth-child(5)').contains('Site Map').click();\ncy.title().should('eq', 'Sitemap | Arvest Bank');",
              "err": {},
              "uuid": "4426d872-8675-457d-9bc3-1f65f1f7c913",
              "parentUUID": "7bf171ea-3fb4-4555-b07f-b6d00cce4e77",
              "isHook": false,
              "skipped": false
            }
          ],
          "suites": [],
          "passes": [
            "d343a2d6-2cb6-4972-8f60-f52db3b01147",
            "bd5fc11c-4bf6-4821-bf9f-72aa66e2cafe",
            "9c44b4de-17d3-4f38-8971-6ee3948c7fad",
            "70cb3ee0-6e53-4b0f-aa80-f5dbe85628e1",
            "5f405929-b002-4c18-9559-92559bf974f9",
            "4b98566a-fc8c-4b04-a7b1-757807b57e24",
            "6a722e34-ae25-4039-91ff-d2a4f30b754e",
            "798c9686-69ac-4415-a2fb-a50b00e3356a",
            "ce6d78ad-496f-4889-8b5b-907b228f5037",
            "68541356-d10d-4481-adb6-3e0abe426f11",
            "d6916e34-e487-4b4a-a0de-0103228a9151",
            "7069a7e9-d148-4fd9-8864-983b3a04ef90",
            "1fc6bd87-b81c-4ae4-b665-e5cbf5957807",
            "56f8045e-abd1-44e8-a745-b63c862ab97c",
            "dc1fa961-8f41-475c-a3b6-16905f0a0bb2",
            "bdbf1f7f-81cf-4dd2-83d6-e25a4f43f652",
            "ceb08584-5445-4635-88f0-88125799c0de",
            "ec4f8af6-8fa9-4341-b900-d3684e8404ec",
            "201caa9f-0d91-4838-8608-e47f9bdae0bd",
            "1334d15c-3514-4f20-81e1-39184e566ca9",
            "e381c461-9e71-4cc2-b851-a973340c4a85",
            "107cba87-20aa-4b5d-8502-6e51cb9e45a4",
            "ffd7edd5-386e-4334-8da9-590c0c546756",
            "c56fd9cb-006c-4800-b968-72245386ff38",
            "a2efd7d9-cf3f-4457-bf66-73daeb367fd5",
            "93b74479-1964-4658-b215-ecc3c2f43ba3",
            "4ec12f09-eee8-4fc8-8961-ed95d08f8ff9",
            "50de50c4-42cf-4484-bb6b-d2251116eb46",
            "0cbfee2a-d268-4d47-9f17-b66e50c76865",
            "d13c5611-1ef6-447e-995d-8f47792f047a",
            "301bedec-4484-4bd7-8b1b-63b8a500a308",
            "7306cad3-aac7-4ddd-9eec-7b10ec3468d0",
            "3cb1473c-2759-4af0-8885-ba1f23ef3245",
            "5ff041e3-97ce-4277-b753-1a085312c8bc",
            "11796f58-e58d-4f70-9ec0-cf680f887852",
            "39948d23-14fa-4599-8434-4b3f9a32f15c",
            "59b64d3c-6f53-4eb0-99f3-65c74d9e9aa1",
            "3df93f3c-e8d8-446b-a5aa-1741f34fa6ce",
            "4426d872-8675-457d-9bc3-1f65f1f7c913"
          ],
          "failures": [
            "67793328-8dcc-4d0b-a77c-972817a07b6f",
            "71afa8ce-cdd6-4da2-ab16-582fb20ca234"
          ],
          "pending": [],
          "skipped": [],
          "duration": 38234,
          "root": false,
          "rootEmpty": false,
          "_timeout": 2000
        }
      ],
      "passes": [],
      "failures": [],
      "pending": [],
      "skipped": [],
      "duration": 0,
      "root": true,
      "rootEmpty": true,
      "_timeout": 2000
    },
    {
      "uuid": "cb291ad3-4580-4e8d-80c3-e557cdc2d7a1",
      "title": "",
      "fullFile": "cypress/e2e/specs/home_mobile.spec.js",
      "file": "cypress/e2e/specs/home_mobile.spec.js",
      "beforeHooks": [],
      "afterHooks": [],
      "tests": [],
      "suites": [
        {
          "uuid": "daf8b1be-23f8-42f3-b2dc-72474d436427",
          "title": "Verify Arvest Home page on iPhone Pro Max 11",
          "fullFile": "",
          "file": "",
          "beforeHooks": [],
          "afterHooks": [],
          "tests": [
            {
              "title": "Verify Hamburger Menu is displayed on Mobile",
              "fullTitle": "Verify Arvest Home page on iPhone Pro Max 11 Verify Hamburger Menu is displayed on Mobile",
              "timedOut": null,
              "duration": 1763,
              "state": "passed",
              "speed": "fast",
              "pass": true,
              "fail": false,
              "pending": false,
              "context": null,
              "code": "_home.default.mobileBranding().should('be.visible');\n_home.default.mobileBranding().find('[type=button]').should('be.visible');",
              "err": {},
              "uuid": "bd17318c-be9c-4db2-b7a6-a06c64833058",
              "parentUUID": "daf8b1be-23f8-42f3-b2dc-72474d436427",
              "isHook": false,
              "skipped": false
            },
            {
              "title": "Verify Seven Menu ilinks displayed under Hamburger menu",
              "fullTitle": "Verify Arvest Home page on iPhone Pro Max 11 Verify Seven Menu ilinks displayed under Hamburger menu",
              "timedOut": null,
              "duration": 999,
              "state": "passed",
              "speed": "fast",
              "pass": true,
              "fail": false,
              "pending": false,
              "context": null,
              "code": "_home.default.mobileBranding().should('be.visible');\n_home.default.mobileBranding().find('[type=button]').should('be.visible').click();\n_home.default.mobileMenulinks().should('have.length', 7);",
              "err": {},
              "uuid": "19f9f252-6872-4e2c-94d1-87c4a444b114",
              "parentUUID": "daf8b1be-23f8-42f3-b2dc-72474d436427",
              "isHook": false,
              "skipped": false
            },
            {
              "title": "Verify \"Personal\" menu link is displayed under Hamburger menu",
              "fullTitle": "Verify Arvest Home page on iPhone Pro Max 11 Verify \"Personal\" menu link is displayed under Hamburger menu",
              "timedOut": null,
              "duration": 1001,
              "state": "passed",
              "speed": "fast",
              "pass": true,
              "fail": false,
              "pending": false,
              "context": null,
              "code": "_home.default.mobileBranding().should('be.visible');\n_home.default.mobileBranding().find('[type=button]').click();\n_home.default.mobileMenulinks().contains('Personal').should('have.attr', 'aria-expanded', 'false').should('be.visible').click();\n_home.default.mobileMenulinks().contains('Personal').should('have.attr', 'aria-expanded', 'true').should('be.visible');",
              "err": {},
              "uuid": "cc29e378-e839-4ea4-8047-6ba76de4cba1",
              "parentUUID": "daf8b1be-23f8-42f3-b2dc-72474d436427",
              "isHook": false,
              "skipped": false
            },
            {
              "title": "Verify \"Business\"  menu link  is displayed under Hamburger menu",
              "fullTitle": "Verify Arvest Home page on iPhone Pro Max 11 Verify \"Business\"  menu link  is displayed under Hamburger menu",
              "timedOut": null,
              "duration": 1067,
              "state": "passed",
              "speed": "fast",
              "pass": true,
              "fail": false,
              "pending": false,
              "context": null,
              "code": "_home.default.mobileBranding().should('be.visible');\n_home.default.mobileBranding().find('[type=button]').click();\n_home.default.mobileMenulinks().contains('Business').should('have.attr', 'aria-expanded', 'false').should('be.visible').click();\n_home.default.mobileMenulinks().contains('Business').should('have.attr', 'aria-expanded', 'true').should('be.visible');\n_home.default.mobileMenulinks().contains('Small Business Deposits').should('be.visible');\n_home.default.mobileMenulinks().contains('Apply for Loan or Line').should('be.visible');",
              "err": {},
              "uuid": "54c5a2c9-2077-4456-9a1d-e38112944d45",
              "parentUUID": "daf8b1be-23f8-42f3-b2dc-72474d436427",
              "isHook": false,
              "skipped": false
            },
            {
              "title": "Verify \"Credit Cards\"  menu link  is displayed under Hamburger menu",
              "fullTitle": "Verify Arvest Home page on iPhone Pro Max 11 Verify \"Credit Cards\"  menu link  is displayed under Hamburger menu",
              "timedOut": null,
              "duration": 998,
              "state": "passed",
              "speed": "fast",
              "pass": true,
              "fail": false,
              "pending": false,
              "context": null,
              "code": "_home.default.mobileBranding().should('be.visible');\n_home.default.mobileBranding().find('[type=button]').click();\ncy.get('nav.coh-container.main-menu> ul > li:nth-child(3)>span').should('have.attr', 'aria-expanded', 'false').click(); //HomePage.mobileMenulinks().select(3).contains('Credit Cards').click()\n//.should('have.attr', 'aria-expanded', 'false').click()\n// HomePage.mobileMenulinks().contains('Credit Cards').should('have.attr', 'aria-expanded', 'true').should('be.visible')\n_home.default.mobileMenulinks().contains('Credit Card Options').should('be.visible');\n_home.default.mobileMenulinks().contains('Log In to Your Personal Account').should('be.visible');\n_home.default.mobileMenulinks().contains('Log In to Your Business Account').should('be.visible');",
              "err": {},
              "uuid": "d3c41806-ca32-4b0c-9f5f-7e84ce807345",
              "parentUUID": "daf8b1be-23f8-42f3-b2dc-72474d436427",
              "isHook": false,
              "skipped": false
            },
            {
              "title": "Verify \"Home Loans\" menu link is displayed under Hamburger menu",
              "fullTitle": "Verify Arvest Home page on iPhone Pro Max 11 Verify \"Home Loans\" menu link is displayed under Hamburger menu",
              "timedOut": null,
              "duration": 884,
              "state": "passed",
              "speed": "fast",
              "pass": true,
              "fail": false,
              "pending": false,
              "context": null,
              "code": "_home.default.mobileBranding().should('be.visible');\n_home.default.mobileBranding().find('[type=button]').click();\n_home.default.mobileMenulinks().contains('Personal').should('be.visible').click();\n_home.default.mobileMenulinks().contains('Bank').should('be.visible');",
              "err": {},
              "uuid": "5a1fe373-b2a7-493a-a549-27a84406c4c4",
              "parentUUID": "daf8b1be-23f8-42f3-b2dc-72474d436427",
              "isHook": false,
              "skipped": false
            },
            {
              "title": "Verify \"Investments & Trusts\"  menu link is displayed under Hamburger menu",
              "fullTitle": "Verify Arvest Home page on iPhone Pro Max 11 Verify \"Investments & Trusts\"  menu link is displayed under Hamburger menu",
              "timedOut": null,
              "duration": 856,
              "state": "passed",
              "speed": "fast",
              "pass": true,
              "fail": false,
              "pending": false,
              "context": null,
              "code": "_home.default.mobileBranding().should('be.visible');\n_home.default.mobileBranding().find('[type=button]').click();\n_home.default.mobileMenulinks().contains('Personal').should('be.visible').click();\n_home.default.mobileMenulinks().contains('Bank').should('be.visible');",
              "err": {},
              "uuid": "976a5271-4ffc-42e5-9961-06311a4848b6",
              "parentUUID": "daf8b1be-23f8-42f3-b2dc-72474d436427",
              "isHook": false,
              "skipped": false
            }
          ],
          "suites": [],
          "passes": [
            "bd17318c-be9c-4db2-b7a6-a06c64833058",
            "19f9f252-6872-4e2c-94d1-87c4a444b114",
            "cc29e378-e839-4ea4-8047-6ba76de4cba1",
            "54c5a2c9-2077-4456-9a1d-e38112944d45",
            "d3c41806-ca32-4b0c-9f5f-7e84ce807345",
            "5a1fe373-b2a7-493a-a549-27a84406c4c4",
            "976a5271-4ffc-42e5-9961-06311a4848b6"
          ],
          "failures": [],
          "pending": [],
          "skipped": [],
          "duration": 7568,
          "root": false,
          "rootEmpty": false,
          "_timeout": 2000
        }
      ],
      "passes": [],
      "failures": [],
      "pending": [],
      "skipped": [],
      "duration": 0,
      "root": true,
      "rootEmpty": true,
      "_timeout": 2000
    },
    {
      "uuid": "32cbb2e9-c040-4642-8d11-39167a46bfc0",
      "title": "",
      "fullFile": "cypress/e2e/specs/pages.spec.js",
      "file": "cypress/e2e/specs/pages.spec.js",
      "beforeHooks": [],
      "afterHooks": [],
      "tests": [],
      "suites": [
        {
          "uuid": "3afafece-eaca-4380-9085-2c9dd2f47d1f",
          "title": "Verify Arvest Sanity tests",
          "fullFile": "",
          "file": "",
          "beforeHooks": [],
          "afterHooks": [],
          "tests": [
            {
              "title": " \"Career\" page is displayed",
              "fullTitle": "Verify Arvest Sanity tests  \"Career\" page is displayed",
              "timedOut": null,
              "duration": 2406,
              "state": "passed",
              "speed": "fast",
              "pass": true,
              "fail": false,
              "pending": false,
              "context": null,
              "code": "_home.default.topMenuList().children().contains('Careers').should('be.visible').click();\ncy.title().should('be.eq', 'Careers with Arvest & Family of Companies');",
              "err": {},
              "uuid": "1f35f480-a495-4c10-829e-7dd16b785f45",
              "parentUUID": "3afafece-eaca-4380-9085-2c9dd2f47d1f",
              "isHook": false,
              "skipped": false
            },
            {
              "title": " \"Verify Federated login",
              "fullTitle": "Verify Arvest Sanity tests  \"Verify Federated login",
              "timedOut": null,
              "duration": 3848,
              "state": "passed",
              "speed": "fast",
              "pass": true,
              "fail": false,
              "pending": false,
              "context": null,
              "code": "cy.visit('/user');\ncy.url().should('include', '/user/login');\ncy.title().should('be.eq', 'Log in | Arvest Bank');\n_links.default.federatedLoginScreen().contains(\"Username\").type('test@test.com');\n_links.default.federatedLoginScreen().contains(\"Password\").type('test@test.com'); //LinkPage.federatedLoginScreen().contains('Log in').click()\n//cy.contains('Unrecognized username or password')\n//cy.title().should('be.eq','Log in | Arvest Bank')\n//LinkPage.federatedLoginScreen().contains('Federated login').click()\n//cy.title().should('be.eq', 'Sign in to your account')",
              "err": {},
              "uuid": "0f9f65e9-0b17-425f-943e-24c9fd087f5d",
              "parentUUID": "3afafece-eaca-4380-9085-2c9dd2f47d1f",
              "isHook": false,
              "skipped": false
            },
            {
              "title": " \"Blueiq\" page is displayed",
              "fullTitle": "Verify Arvest Sanity tests  \"Blueiq\" page is displayed",
              "timedOut": null,
              "duration": 2896,
              "state": "passed",
              "speed": "fast",
              "pass": true,
              "fail": false,
              "pending": false,
              "context": null,
              "code": "cy.visit('/personal/bank/online/blueiq ');\ncy.title().should('be.eq', 'Online Banking with BlueIQ™ | Arvest Bank');",
              "err": {},
              "uuid": "405dbc45-1416-4761-a63d-88d52b6a1477",
              "parentUUID": "3afafece-eaca-4380-9085-2c9dd2f47d1f",
              "isHook": false,
              "skipped": false
            },
            {
              "title": " \"Wealth\" page is displayed",
              "fullTitle": "Verify Arvest Sanity tests  \"Wealth\" page is displayed",
              "timedOut": null,
              "duration": 2487,
              "state": "passed",
              "speed": "fast",
              "pass": true,
              "fail": false,
              "pending": false,
              "context": null,
              "code": "cy.visit('/wealth ');\ncy.title().should('be.eq', 'Wealth | Arvest Bank');",
              "err": {},
              "uuid": "403c9b4f-95e5-433c-abb4-2e1f31de36c2",
              "parentUUID": "3afafece-eaca-4380-9085-2c9dd2f47d1f",
              "isHook": false,
              "skipped": false
            },
            {
              "title": " \"Mortage Programs\" page is displayed",
              "fullTitle": "Verify Arvest Sanity tests  \"Mortage Programs\" page is displayed",
              "timedOut": null,
              "duration": 9990,
              "state": "passed",
              "speed": "medium",
              "pass": true,
              "fail": false,
              "pending": false,
              "context": null,
              "code": "cy.visit('/personal/borrow/home-loans/mortgage-programs');\ncy.title().should('be.eq', 'Mortgage Loan Programs for Homeowners | Arvest Bank');\ncy.contains('Conventional').click({\n  force: true\n});\ncy.title().should('be.eq', 'Conventional Mortgage Loans | Arvest Bank');\ncy.contains('Start Application Online').click();\ncy.wait(4000);\ncy.url().should('include', 'homehub/signup/MORTGAGELENDER@ARVEST.COM');",
              "err": {},
              "uuid": "ca551271-1edb-4ea0-8983-ba38c7b793e2",
              "parentUUID": "3afafece-eaca-4380-9085-2c9dd2f47d1f",
              "isHook": false,
              "skipped": false
            },
            {
              "title": " \"Checking\" page is displayed",
              "fullTitle": "Verify Arvest Sanity tests  \"Checking\" page is displayed",
              "timedOut": null,
              "duration": 1172,
              "state": "passed",
              "speed": "fast",
              "pass": true,
              "fail": false,
              "pending": false,
              "context": null,
              "code": "cy.visit('/personal/bank/checking');\ncy.title().should('be.eq', 'Explore Checking Account Options & Apply Today | Arvest Bank');",
              "err": {},
              "uuid": "d7853a8c-c069-46f1-abeb-2e6066220907",
              "parentUUID": "3afafece-eaca-4380-9085-2c9dd2f47d1f",
              "isHook": false,
              "skipped": false
            },
            {
              "title": " \"Free Blue Checking\" page is displayed",
              "fullTitle": "Verify Arvest Sanity tests  \"Free Blue Checking\" page is displayed",
              "timedOut": null,
              "duration": 1176,
              "state": "passed",
              "speed": "fast",
              "pass": true,
              "fail": false,
              "pending": false,
              "context": null,
              "code": "cy.visit('/personal/bank/checking/free-blue');\ncy.title().should('be.eq', 'Free Blue™ Checking from Arvest Bank');",
              "err": {},
              "uuid": "13445007-f22d-4603-8ed2-d0bf41a3ee8e",
              "parentUUID": "3afafece-eaca-4380-9085-2c9dd2f47d1f",
              "isHook": false,
              "skipped": false
            },
            {
              "title": " \"Basic Blue Checking\" page is displayed",
              "fullTitle": "Verify Arvest Sanity tests  \"Basic Blue Checking\" page is displayed",
              "timedOut": null,
              "duration": 1011,
              "state": "passed",
              "speed": "fast",
              "pass": true,
              "fail": false,
              "pending": false,
              "context": null,
              "code": "cy.visit('/personal/bank/checking/basic-blue');\ncy.title().should('be.eq', 'Basic Blue™ Checking from Arvest Bank');",
              "err": {},
              "uuid": "607363af-308e-43a0-b6e8-92533d80481b",
              "parentUUID": "3afafece-eaca-4380-9085-2c9dd2f47d1f",
              "isHook": false,
              "skipped": false
            },
            {
              "title": " \"MyBlue\" page is displayed",
              "fullTitle": "Verify Arvest Sanity tests  \"MyBlue\" page is displayed",
              "timedOut": null,
              "duration": 8735,
              "state": "passed",
              "speed": "medium",
              "pass": true,
              "fail": false,
              "pending": false,
              "context": null,
              "code": "cy.visit('/personal/bank/checking/myblue');\ncy.title().should('be.eq', 'MyBlue® Checking | Arvest Bank');\ncy.contains('Apply Now').click();\ncy.wait(7000);\ncy.url().should('include', 'secure.arvest.com/apply'); //cy.title().should('be.eq', 'Product Selector')",
              "err": {},
              "uuid": "cf766018-c3f6-4826-befc-1a81ab480123",
              "parentUUID": "3afafece-eaca-4380-9085-2c9dd2f47d1f",
              "isHook": false,
              "skipped": false
            },
            {
              "title": " \"Checking Club\" page is displayed",
              "fullTitle": "Verify Arvest Sanity tests  \"Checking Club\" page is displayed",
              "timedOut": null,
              "duration": 1493,
              "state": "passed",
              "speed": "fast",
              "pass": true,
              "fail": false,
              "pending": false,
              "context": null,
              "code": "cy.visit('/personal/bank/checking/club');\ncy.title().should('be.eq', 'Arvest Club Checking from Arvest Bank');",
              "err": {},
              "uuid": "e358303b-0df5-41a6-acd5-8e09406c6097",
              "parentUUID": "3afafece-eaca-4380-9085-2c9dd2f47d1f",
              "isHook": false,
              "skipped": false
            },
            {
              "title": " \"Preferred Club\" page is displayed",
              "fullTitle": "Verify Arvest Sanity tests  \"Preferred Club\" page is displayed",
              "timedOut": null,
              "duration": 1679,
              "state": "passed",
              "speed": "fast",
              "pass": true,
              "fail": false,
              "pending": false,
              "context": null,
              "code": "cy.visit('/personal/bank/checking/preferred-club');\ncy.title().should('be.eq', 'Preferred Club Checking from Arvest Bank');",
              "err": {},
              "uuid": "e4733392-aa41-479f-a262-0990c4dfcb9a",
              "parentUUID": "3afafece-eaca-4380-9085-2c9dd2f47d1f",
              "isHook": false,
              "skipped": false
            },
            {
              "title": " \"Bright Solutions Club\" page is displayed",
              "fullTitle": "Verify Arvest Sanity tests  \"Bright Solutions Club\" page is displayed",
              "timedOut": null,
              "duration": 1055,
              "state": "passed",
              "speed": "fast",
              "pass": true,
              "fail": false,
              "pending": false,
              "context": null,
              "code": "cy.visit('/personal/bank/checking/bright-solutions');\ncy.title().should('be.eq', 'Arvest Bright Solutions™ Banking | Arvest Bank');",
              "err": {},
              "uuid": "ab648854-69eb-4609-9d20-e61ccce2401a",
              "parentUUID": "3afafece-eaca-4380-9085-2c9dd2f47d1f",
              "isHook": false,
              "skipped": false
            },
            {
              "title": " \"Overdraft Coverage\" page is displayed",
              "fullTitle": "Verify Arvest Sanity tests  \"Overdraft Coverage\" page is displayed",
              "timedOut": null,
              "duration": 3531,
              "state": "passed",
              "speed": "fast",
              "pass": true,
              "fail": false,
              "pending": false,
              "context": null,
[...]
              "pending": false,
              "context": null,
              "code": "cy.visit('/personal/bank/checking');\n_links.default.checkingLeftNavBar().contains('Apply Online').click({\n  force: true\n}).wait(1000); //cy.title().should('be.eq', 'Product Selector')",
              "err": {},
              "uuid": "f552da63-fe3d-4048-9f4e-3362c5474431",
              "parentUUID": "3afafece-eaca-4380-9085-2c9dd2f47d1f",
              "isHook": false,
              "skipped": false
            },
            {
              "title": " \"Order Checks\" page is displayed",
              "fullTitle": "Verify Arvest Sanity tests  \"Order Checks\" page is displayed",
              "timedOut": null,
              "duration": 5738,
              "state": "passed",
              "speed": "medium",
              "pass": true,
              "fail": false,
              "pending": false,
              "context": null,
              "code": "cy.visit('/personal/bank/checking');\n_links.default.checkingLeftNavBar().contains('Order Checks').click({\n  force: true\n});\ncy.title().should('be.eq', 'Personal Checks - Order Deluxe Checks');\ncy.go('back');",
              "err": {},
              "uuid": "7b9e50b3-b701-4ca6-b374-b89e50fc3a73",
              "parentUUID": "3afafece-eaca-4380-9085-2c9dd2f47d1f",
              "isHook": false,
              "skipped": false
            },
            {
              "title": " \"Debit Card Designs\" page is displayed",
              "fullTitle": "Verify Arvest Sanity tests  \"Debit Card Designs\" page is displayed",
              "timedOut": null,
              "duration": 8439,
              "state": "failed",
              "speed": null,
              "pass": false,
              "fail": true,
              "pending": false,
              "context": null,
              "code": "cy.visit('/personal/bank/checking');\n_links.default.checkingLeftNavBar().contains('Debit Card Designs').click({\n  force: true\n});\ncy.title().should('be.eq', 'Specialty Debit Card Designs | Arvest Bank'); //cy.get('.edit-field-geolocation-proximity-center-coordinates--5').should('not.exist')\ncy.contains('Coordinates').should('not.exist');\ncy.contains('Latitude').should('not.exist');\ncy.contains('Longitude').should('not.exist');",
              "err": {
                "message": "AssertionError: Timed out retrying after 4000ms: Expected not to find content: 'Coordinates' but continuously found it.",
                "estack": "AssertionError: Timed out retrying after 4000ms: Expected not to find content: 'Coordinates' but continuously found it.\n    at Context.eval (https://www.arvest.com/__cypress/tests?p=cypress/e2e/specs/pages.spec.js:398:32)",
                "diff": null
              },
              "uuid": "3ec7d082-b951-46fb-aa0d-58ca4cc6afea",
              "parentUUID": "3afafece-eaca-4380-9085-2c9dd2f47d1f",
              "isHook": false,
              "skipped": false
            },
            {
              "title": " \"Home Loans Hub\" page is displayed",
              "fullTitle": "Verify Arvest Sanity tests  \"Home Loans Hub\" page is displayed",
              "timedOut": null,
              "duration": 2608,
              "state": "passed",
              "speed": "fast",
              "pass": true,
              "fail": false,
              "pending": false,
              "context": null,
              "code": "cy.visit('/personal/borrow/home-loans');\ncy.title().should('be.eq', 'Home Loans with Local Service | Arvest Bank');",
              "err": {},
              "uuid": "ce8afbe8-ba4c-4796-9199-e9ae09dc7d8a",
              "parentUUID": "3afafece-eaca-4380-9085-2c9dd2f47d1f",
              "isHook": false,
              "skipped": false
            },
            {
              "title": " \"Documents and Resources\" page is displayed",
              "fullTitle": "Verify Arvest Sanity tests  \"Documents and Resources\" page is displayed",
              "timedOut": null,
              "duration": 1075,
              "state": "passed",
              "speed": "fast",
              "pass": true,
              "fail": false,
              "pending": false,
              "context": null,
              "code": "_home.default.privacyLinks().find('ul > li:nth-child(4)').contains('Documents & Resources').click();\ncy.title().should('be.eq', 'Documents & Resources | Arvest Bank');",
              "err": {},
              "uuid": "6e39925a-1748-4eda-be38-5a7d042ed66e",
              "parentUUID": "3afafece-eaca-4380-9085-2c9dd2f47d1f",
              "isHook": false,
              "skipped": false
            },
            {
              "title": "\"Contact Us\" Page is displayed",
              "fullTitle": "Verify Arvest Sanity tests \"Contact Us\" Page is displayed",
              "timedOut": null,
              "duration": 3258,
              "state": "passed",
              "speed": "fast",
              "pass": true,
              "fail": false,
              "pending": false,
              "context": null,
              "code": "_home.default.topMenuList().children().contains('Contact').should('be.visible').click();\ncy.title().should('be.eq', 'Contact Arvest Bank | Arvest Bank');",
              "err": {},
              "uuid": "cc7c7c50-dda3-42b9-bf23-0fb0a2324394",
              "parentUUID": "3afafece-eaca-4380-9085-2c9dd2f47d1f",
              "isHook": false,
              "skipped": false
            },
            {
              "title": "\"Schedule an appointment\" Page is displayed",
              "fullTitle": "Verify Arvest Sanity tests \"Schedule an appointment\" Page is displayed",
              "timedOut": null,
              "duration": 1269,
              "state": "passed",
              "speed": "fast",
              "pass": true,
              "fail": false,
              "pending": false,
              "context": null,
              "code": "_home.default.topMenuList().children().contains('Contact').should('be.visible').click();\ncy.title().should('be.eq', 'Contact Arvest Bank | Arvest Bank'); // delete target attribute with invoke for link\ncy.contains('Schedule an appointment').invoke('removeAttr', 'target').click();",
              "err": {},
              "uuid": "061651c4-fb68-406c-b60c-71e870285750",
              "parentUUID": "3afafece-eaca-4380-9085-2c9dd2f47d1f",
              "isHook": false,
              "skipped": false
            },
            {
              "title": "\"Customer Service Email\" Page is displayed",
              "fullTitle": "Verify Arvest Sanity tests \"Customer Service Email\" Page is displayed",
              "timedOut": null,
              "duration": 3754,
              "state": "passed",
              "speed": "fast",
              "pass": true,
              "fail": false,
              "pending": false,
              "context": null,
              "code": "_home.default.topMenuList().children().contains('Contact').should('be.visible').click();\ncy.title().should('be.eq', 'Contact Arvest Bank | Arvest Bank');\ncy.contains('Customer Service Email').click();\ncy.title().should('be.eq', 'Email Arvest Bank');\ncy.get('select#edit-subject').select(1, {\n  force: true\n}); // delete target attribute with invoke for link\n//cy.get('div>em').should(\"be.visible\")\n//cy.get('#select2-edit-subject-container').should('have.title', 'Online Banking Password Reset or Enrollment')",
              "err": {},
              "uuid": "e2701977-9606-4d14-933d-40ebbaffa6a3",
              "parentUUID": "3afafece-eaca-4380-9085-2c9dd2f47d1f",
              "isHook": false,
              "skipped": false
            },
            {
              "title": "\"Contact Arvest Mortgage Division\" Page is displayed",
              "fullTitle": "Verify Arvest Sanity tests \"Contact Arvest Mortgage Division\" Page is displayed",
              "timedOut": null,
              "duration": 4367,
              "state": "passed",
              "speed": "fast",
              "pass": true,
              "fail": false,
              "pending": false,
              "context": null,
              "code": "_home.default.topMenuList().children().contains('Contact').should('be.visible').click();\ncy.title().should('be.eq', 'Contact Arvest Bank | Arvest Bank');\n_links.default.leftSideNav().contains('Mortgage').click({\n  force: true\n});\ncy.title().should('be.eq', 'Contact Arvest Mortgage, Arvest Bank');\ncy.contains(\"Mortgage Servicing Email\").click();\ncy.title().should(\"be.eq\", 'Arvest Bank contact form, email Arvest Mortgage Customer Service'); //LinkPage.h1PageHeader().should('be.eq', ' Contact Arvest Bank - Mortgage Division ')",
              "err": {},
              "uuid": "5793c678-fb82-44a1-8b6e-feca4761ab87",
              "parentUUID": "3afafece-eaca-4380-9085-2c9dd2f47d1f",
              "isHook": false,
              "skipped": false
            },
            {
              "title": "\"Calculator\" page is displayed",
              "fullTitle": "Verify Arvest Sanity tests \"Calculator\" page is displayed",
              "timedOut": null,
              "duration": 3395,
              "state": "passed",
              "speed": "fast",
              "pass": true,
              "fail": false,
              "pending": false,
              "context": null,
              "code": "_home.default.mainNav().children().contains(\"Personal\").trigger('mouseover').click();\ncy.get('.is-expanded > .coh-container >').should('be.visible').contains('Calculators').click();\ncy.title().should('be.eq', 'Financial Calculators | Arvest Bank');",
              "err": {},
              "uuid": "b25ee11a-6892-4c4f-8ec9-5cb9ffc771bb",
              "parentUUID": "3afafece-eaca-4380-9085-2c9dd2f47d1f",
              "isHook": false,
              "skipped": false
            },
            {
              "title": "\"Mortgage Comparison Calculator\" page is displayed",
              "fullTitle": "Verify Arvest Sanity tests \"Mortgage Comparison Calculator\" page is displayed",
              "timedOut": null,
              "duration": 3936,
              "state": "passed",
              "speed": "fast",
              "pass": true,
              "fail": false,
              "pending": false,
              "context": null,
              "code": "_home.default.mainNav().children().contains(\"Personal\").trigger('mouseover').click();\ncy.get('.is-expanded > .coh-container >').should('be.visible').contains('Calculators').click();\ncy.title().should('be.eq', 'Financial Calculators | Arvest Bank');\ncy.contains(\"Which mortgage is better for me?\").click();\ncy.title().should('be.eq', 'Mortgage Comparison Calculator | Arvest Bank');",
              "err": {},
              "uuid": "4d19478d-ccfa-4649-aa4f-5ef207873a0e",
              "parentUUID": "3afafece-eaca-4380-9085-2c9dd2f47d1f",
              "isHook": false,
              "skipped": false
            },
            {
              "title": "\"Zero\" landing page is displayed",
              "fullTitle": "Verify Arvest Sanity tests \"Zero\" landing page is displayed",
              "timedOut": null,
              "duration": 1532,
              "state": "passed",
              "speed": "fast",
              "pass": true,
              "fail": false,
              "pending": false,
              "context": null,
              "code": "cy.visit('/zero');\ncy.title().should('be.eq', 'Zero | Arvest Bank');",
              "err": {},
              "uuid": "a10f15fd-6358-4047-984e-511adbd84f46",
              "parentUUID": "3afafece-eaca-4380-9085-2c9dd2f47d1f",
              "isHook": false,
              "skipped": false
            },
            {
              "title": "\"Switch\" landing page is displayed",
              "fullTitle": "Verify Arvest Sanity tests \"Switch\" landing page is displayed",
              "timedOut": null,
              "duration": 2104,
              "state": "passed",
              "speed": "fast",
              "pass": true,
              "fail": false,
              "pending": false,
              "context": null,
              "code": "cy.visit('/switch');\ncy.title().should('be.eq', 'Switch to Arvest | Arvest Bank');",
              "err": {},
              "uuid": "a79cb8bd-0af2-465f-bc94-f7da6b1c5c89",
              "parentUUID": "3afafece-eaca-4380-9085-2c9dd2f47d1f",
              "isHook": false,
              "skipped": false
            },
            {
              "title": "\"Home4me\" landing page is displayed",
              "fullTitle": "Verify Arvest Sanity tests \"Home4me\" landing page is displayed",
              "timedOut": null,
              "duration": 1033,
              "state": "passed",
              "speed": "fast",
              "pass": true,
              "fail": false,
              "pending": false,
              "context": null,
              "code": "cy.visit('/home4me');\ncy.title().should('be.eq', 'Home4Me | Arvest Bank');",
              "err": {},
              "uuid": "0480f07e-9068-48a9-a266-35b0d6bab7dd",
              "parentUUID": "3afafece-eaca-4380-9085-2c9dd2f47d1f",
              "isHook": false,
              "skipped": false
            },
            {
              "title": "\"Education Center\" landing page is displayed",
              "fullTitle": "Verify Arvest Sanity tests \"Education Center\" landing page is displayed",
              "timedOut": null,
              "duration": 3995,
              "state": "passed",
              "speed": "fast",
              "pass": true,
              "fail": false,
              "pending": false,
              "context": null,
              "code": "_home.default.privacyLinks().find('ul > li:nth-child(3)').contains('Education Center').click();\ncy.title().should('be.eq', 'Education Center | Arvest Bank');",
              "err": {},
              "uuid": "28a65067-c1ea-4b60-9ac0-4a6f84b40048",
              "parentUUID": "3afafece-eaca-4380-9085-2c9dd2f47d1f",
              "isHook": false,
              "skipped": false
            },
            {
              "title": "\"Privacy Opt Out Request form\" page is displayed",
              "fullTitle": "Verify Arvest Sanity tests \"Privacy Opt Out Request form\" page is displayed",
              "timedOut": null,
              "duration": 2009,
              "state": "passed",
              "speed": "fast",
              "pass": true,
              "fail": false,
              "pending": false,
              "context": null,
              "code": "_home.default.privacyLinks().find('ul > li:nth-child(1)').contains('Privacy & Security').click();\ncy.title().should('be.eq', 'Privacy and Security Information from Arvest Bank');\ncy.contains(\"Opt-Out Request\").click({\n  force: true\n});\ncy.title().should('be.eq', 'Opt-Out Request | Arvest Bank');",
              "err": {},
              "uuid": "f96509f7-2695-4a63-9133-a6c509b660c4",
              "parentUUID": "3afafece-eaca-4380-9085-2c9dd2f47d1f",
              "isHook": false,
              "skipped": false
            },
            {
              "title": "\"Online banking\" login page is displayed",
              "fullTitle": "Verify Arvest Sanity tests \"Online banking\" login page is displayed",
              "timedOut": null,
              "duration": 855,
              "state": "passed",
              "speed": "fast",
              "pass": true,
              "fail": false,
              "pending": false,
              "context": null,
              "code": "cy.logIntoLeftBar();",
              "err": {},
              "uuid": "917c7e15-e833-4958-a6d5-70c9544c5389",
              "parentUUID": "3afafece-eaca-4380-9085-2c9dd2f47d1f",
              "isHook": false,
              "skipped": false
            },
            {
              "title": "Verify \"Ask Arvest\" feature by picking a option from suggestion",
              "fullTitle": "Verify Arvest Sanity tests Verify \"Ask Arvest\" feature by picking a option from suggestion",
              "timedOut": null,
              "duration": 13396,
              "state": "passed",
              "speed": "slow",
              "pass": true,
              "fail": false,
              "pending": false,
              "context": null,
              "code": "cy.askArvestByPickingSuggestion();",
              "err": {},
              "uuid": "9cfbd720-54f7-42cb-86d0-62a57b5db51a",
              "parentUUID": "3afafece-eaca-4380-9085-2c9dd2f47d1f",
              "isHook": false,
              "skipped": false
            },
            {
              "title": "Verify \"Ask Arvest\" feature by clicking on the \"Ask\" button",
              "fullTitle": "Verify Arvest Sanity tests Verify \"Ask Arvest\" feature by clicking on the \"Ask\" button",
              "timedOut": null,
              "duration": 9957,
              "state": "passed",
              "speed": "medium",
              "pass": true,
              "fail": false,
              "pending": false,
              "context": null,
              "code": "cy.askArvestByClickingAskButton();",
              "err": {},
              "uuid": "d428f1b4-ef88-45b1-9b78-700570d9c96c",
              "parentUUID": "3afafece-eaca-4380-9085-2c9dd2f47d1f",
              "isHook": false,
              "skipped": false
            }
          ],
          "suites": [],
          "passes": [
            "1f35f480-a495-4c10-829e-7dd16b785f45",
            "0f9f65e9-0b17-425f-943e-24c9fd087f5d",
            "405dbc45-1416-4761-a63d-88d52b6a1477",
            "403c9b4f-95e5-433c-abb4-2e1f31de36c2",
            "ca551271-1edb-4ea0-8983-ba38c7b793e2",
            "d7853a8c-c069-46f1-abeb-2e6066220907",
            "13445007-f22d-4603-8ed2-d0bf41a3ee8e",
            "607363af-308e-43a0-b6e8-92533d80481b",
            "cf766018-c3f6-4826-befc-1a81ab480123",
            "e358303b-0df5-41a6-acd5-8e09406c6097",
            "e4733392-aa41-479f-a262-0990c4dfcb9a",
            "ab648854-69eb-4609-9d20-e61ccce2401a",
            "78872b62-e020-4a06-aef2-98d56216f30b",
            "f552da63-fe3d-4048-9f4e-3362c5474431",
            "7b9e50b3-b701-4ca6-b374-b89e50fc3a73",
            "ce8afbe8-ba4c-4796-9199-e9ae09dc7d8a",
            "6e39925a-1748-4eda-be38-5a7d042ed66e",
            "cc7c7c50-dda3-42b9-bf23-0fb0a2324394",
            "061651c4-fb68-406c-b60c-71e870285750",
            "e2701977-9606-4d14-933d-40ebbaffa6a3",
            "5793c678-fb82-44a1-8b6e-feca4761ab87",
            "b25ee11a-6892-4c4f-8ec9-5cb9ffc771bb",
            "4d19478d-ccfa-4649-aa4f-5ef207873a0e",
            "a10f15fd-6358-4047-984e-511adbd84f46",
            "a79cb8bd-0af2-465f-bc94-f7da6b1c5c89",
            "0480f07e-9068-48a9-a266-35b0d6bab7dd",
            "28a65067-c1ea-4b60-9ac0-4a6f84b40048",
            "f96509f7-2695-4a63-9133-a6c509b660c4",
            "917c7e15-e833-4958-a6d5-70c9544c5389",
            "9cfbd720-54f7-42cb-86d0-62a57b5db51a",
            "d428f1b4-ef88-45b1-9b78-700570d9c96c"
          ],
          "failures": [
            "3ec7d082-b951-46fb-aa0d-58ca4cc6afea"
          ],
          "pending": [],
          "skipped": [],
          "duration": 117494,
          "root": false,
          "rootEmpty": false,
          "_timeout": 2000
        }
      ],
      "passes": [],
      "failures": [],
      "pending": [],
      "skipped": [],
      "duration": 0,
      "root": true,
      "rootEmpty": true,
      "_timeout": 2000
    }
  ],
  "meta": {
    "mocha": {
      "version": "7.0.1"
    },
    "mochawesome": {
      "options": {
        "quiet": false,
        "reportFilename": "mochawesome",
        "saveHtml": false,
        "saveJson": true,
        "consoleReporter": "spec",
        "useInlineDiffs": false,
        "code": true
      },
      "version": "6.3.1"
    },
    "marge": {
      "options": {
        "id": "default",
        "reportDir": "cypress/reports/mocha",
        "quite": true,
        "overwrite": false,
        "html": false,
        "json": true
      },
      "version": "5.2.0"
    }
  }
}