{
  "stats": {
    "suites": 7,
    "tests": 37,
    "passes": 37,
    "pending": 0,
    "failures": 0,
    "start": "2020-08-06T19:12:53.425Z",
    "end": "2020-08-06T19:12:53.425Z",
    "duration": 165634,
    "testsRegistered": 37,
    "passPercent": 100,
    "pendingPercent": 0,
    "other": 0,
    "hasOther": false,
    "skipped": 0,
    "hasSkipped": false
  },
  "results": [
    {
      "uuid": "c4a74055-966a-4c1d-b9f3-3ed53570896f",
      "title": "",
      "fullFile": "cypress/integration/specs/api.spec.js",
      "file": "cypress/integration/specs/api.spec.js",
      "beforeHooks": [],
      "afterHooks": [],
      "tests": [],
      "suites": [
        {
          "uuid": "75c72825-a593-4157-a976-838d47331db5",
          "title": "Verify Search Header API is Enabled",
          "fullFile": "",
          "file": "",
          "beforeHooks": [],
          "afterHooks": [],
          "tests": [
            {
              "title": "Verify Header Search api",
              "fullTitle": "Verify Search Header API is Enabled Verify Header Search api",
              "timedOut": null,
              "duration": 647,
              "state": "passed",
              "speed": "slow",
              "pass": true,
              "fail": false,
              "pending": false,
              "context": null,
              "code": "cy.request('/content/changehealth/us/en/search.html/_jcr_content/root/main-par.html').then(function (response) {\n  expect(response).to.have.property('status', 200);\n  expect(response.body).to.not.be[\"null\"];\n  expect(response.body).to.not.include('start up inprogress');\n  expect(response.body).to.not.have.property('start up inprogress'); //expect(response.body.data).to.have.length(24)\n});",
              "err": {},
              "uuid": "11cf2dd5-d70c-440c-bbdc-900b726ce00b",
              "parentUUID": "75c72825-a593-4157-a976-838d47331db5",
              "isHook": false,
              "skipped": false
            }
          ],
          "suites": [],
          "passes": [
            "11cf2dd5-d70c-440c-bbdc-900b726ce00b"
          ],
          "failures": [],
          "pending": [],
          "skipped": [],
          "duration": 647,
          "root": false,
          "rootEmpty": false,
          "_timeout": 2000
        }
      ],
      "passes": [],
      "failures": [],
      "pending": [],
      "skipped": [],
      "duration": 0,
      "root": true,
      "rootEmpty": true,
      "_timeout": 2000
    },
    {
      "uuid": "718e9606-30e5-409a-bd79-a73e7ae9a63c",
      "title": "",
      "fullFile": "cypress/integration/specs/breadcrumb_clickable.spec.js",
      "file": "cypress/integration/specs/breadcrumb_clickable.spec.js",
      "beforeHooks": [],
      "afterHooks": [],
      "tests": [],
      "suites": [
        {
          "uuid": "c5d88cb9-ccdd-4edb-b425-4a0c31a80413",
          "title": "Verify Breadcrumb is clickable",
          "fullFile": "",
          "file": "",
          "beforeHooks": [],
          "afterHooks": [],
          "tests": [
            {
              "title": "Verify Breadcrumb on About Us page is clickable",
              "fullTitle": "Verify Breadcrumb is clickable Verify Breadcrumb on About Us page is clickable",
              "timedOut": null,
              "duration": 10287,
              "state": "passed",
              "speed": "slow",
              "pass": true,
              "fail": false,
              "pending": false,
              "context": null,
              "code": "_home[\"default\"].mainNav().contains('About').click();\ncy.title().should('eq', 'About Change Healthcare | Company Overview | Change Healthcare');\ncy.url().should('contains', '/about');\ncy.contains('Home').click();\ncy.title().should('eq', 'Healthcare Technology & Business Solutions Company | Change Healthcare');\ncy.url().should('contains', 'healthcare');",
              "err": {},
              "uuid": "70fa595c-46ae-4f62-9c15-bde2fb1abc3d",
              "parentUUID": "c5d88cb9-ccdd-4edb-b425-4a0c31a80413",
              "isHook": false,
              "skipped": false
            },
            {
              "title": "Verify Breadcrumb on Insights page is clickable",
              "fullTitle": "Verify Breadcrumb is clickable Verify Breadcrumb on Insights page is clickable",
              "timedOut": null,
              "duration": 3270,
              "state": "passed",
              "speed": "slow",
              "pass": true,
              "fail": false,
              "pending": false,
              "context": null,
              "code": "_home[\"default\"].mainNav().contains('Insights').click();\ncy.title().should('eq', 'Healthcare Industry Insights | Healthcare IT Insights | Change Healthcare');\ncy.url().should('contains', '/insights');\ncy.get('.cmp-breadcrumb__list').children().eq(1).should('not.have.attr', 'href');\ncy.get('.cmp-breadcrumb__list').children().contains('Home').should('have.attr', 'href');\ncy.get('.cmp-breadcrumb__list').contains('Home').click();\ncy.title().should('eq', 'Healthcare Technology & Business Solutions Company | Change Healthcare');\ncy.url().should('contains', 'healthcare');",
              "err": {},
              "uuid": "94ff9832-865a-4424-a092-1b481d52b1f8",
              "parentUUID": "c5d88cb9-ccdd-4edb-b425-4a0c31a80413",
              "isHook": false,
              "skipped": false
            },
            {
              "title": "Verify Breadcrumb on Solution page is clickable",
              "fullTitle": "Verify Breadcrumb is clickable Verify Breadcrumb on Solution page is clickable",
              "timedOut": null,
              "duration": 3610,
              "state": "passed",
              "speed": "slow",
              "pass": true,
              "fail": false,
              "pending": false,
              "context": null,
              "code": "_home[\"default\"].mainNav().contains('Solutions').trigger('mouseover');\ncy.get('.cmp-header__nav-dropdown-toggle').eq(2).click({\n  force: true\n});\ncy.get(':nth-child(2) > .cmp-header__nav-dropdown-container > .cmp-header__nav-dropdown').contains('Reduce Costs').click();\ncy.url().should('contains', '/solutions');\ncy.get('.cmp-breadcrumb__list').children().contains('Reduce Costs').should('not.have.attr', 'href');\ncy.get('.cmp-breadcrumb__list').children().contains('Home').should('have.attr', 'href');\ncy.get('.cmp-breadcrumb__list').contains('Home').click();\ncy.title().should('eq', 'Healthcare Technology & Business Solutions Company | Change Healthcare');",
              "err": {},
              "uuid": "d563c3c6-5a70-43e6-a099-edc01ca63eba",
              "parentUUID": "c5d88cb9-ccdd-4edb-b425-4a0c31a80413",
              "isHook": false,
              "skipped": false
            },
            {
              "title": "Verify Breadcrumb on Contact page is clickable",
              "fullTitle": "Verify Breadcrumb is clickable Verify Breadcrumb on Contact page is clickable",
              "timedOut": null,
              "duration": 4145,
              "state": "passed",
              "speed": "slow",
              "pass": true,
              "fail": false,
              "pending": false,
              "context": null,
              "code": "//mainNav.contains('Contact').trigger('mouseover')\n//cy.get('.cmp-header__nav-list-link').contains('Solutions').trigger('mouseover')\n_home[\"default\"].mainNav().contains('Contact').click();\ncy.url().should('contains', '/contact');\ncy.get('.cmp-breadcrumb__list').children().contains('Contact Us').should('not.have.attr', 'href');\ncy.get('.cmp-breadcrumb__list').children().contains('Home').should('have.attr', 'href');\ncy.get('.cmp-breadcrumb__list').contains('Home').click();\ncy.title().should('eq', 'Healthcare Technology & Business Solutions Company | Change Healthcare');",
              "err": {},
              "uuid": "6f5d9f40-97ef-4ef8-9d83-17a649dc17fe",
              "parentUUID": "c5d88cb9-ccdd-4edb-b425-4a0c31a80413",
              "isHook": false,
              "skipped": false
            }
          ],
          "suites": [],
          "passes": [
            "70fa595c-46ae-4f62-9c15-bde2fb1abc3d",
            "94ff9832-865a-4424-a092-1b481d52b1f8",
            "d563c3c6-5a70-43e6-a099-edc01ca63eba",
            "6f5d9f40-97ef-4ef8-9d83-17a649dc17fe"
          ],
          "failures": [],
          "pending": [],
          "skipped": [],
          "duration": 21312,
          "root": false,
          "rootEmpty": false,
          "_timeout": 2000
        }
      ],
      "passes": [],
      "failures": [],
      "pending": [],
      "skipped": [],
      "duration": 0,
      "root": true,
      "rootEmpty": true,
      "_timeout": 2000
    },
    {
      "uuid": "1c27d780-9f3f-4fe9-bab2-8e0f7e4de9a5",
      "title": "",
      "fullFile": "cypress/integration/specs/enrollment.spec.js",
      "file": "cypress/integration/specs/enrollment.spec.js",
      "beforeHooks": [],
      "afterHooks": [],
      "tests": [],
      "suites": [
        {
          "uuid": "533c18fa-4190-4eef-8127-47c63bd90677",
          "title": "Verify Enrollment form pages being loaded without redirect",
          "fullFile": "",
          "file": "",
          "beforeHooks": [],
          "afterHooks": [],
          "tests": [
            {
              "title": "Verify Medical Claims Enrollment forms Page",
              "fullTitle": "Verify Enrollment form pages being loaded without redirect Verify Medical Claims Enrollment forms Page",
              "timedOut": null,
              "duration": 13968,
              "state": "passed",
              "speed": "slow",
              "pass": true,
              "fail": false,
              "pending": false,
              "context": null,
              "code": "cy.visit(\"https://support.changehealthcare.com/customer-resources/enrollment-services/medical-hospital-claims-enrollment-forms\"); // cy.url().should('contains','enrollment-services')\n// cy.get('[data-link-type=\"claims enrollment forms\"]').first().click()\n// cy.title().should('eq','Medical amp; Hospital Claims Enrollment Forms | Support')\n// cy.url().should('contains','enrollment-services')",
              "err": {},
              "uuid": "3399e6f9-6048-4d58-bd01-74f094a513f4",
              "parentUUID": "533c18fa-4190-4eef-8127-47c63bd90677",
              "isHook": false,
              "skipped": false
            }
          ],
          "suites": [],
          "passes": [
            "3399e6f9-6048-4d58-bd01-74f094a513f4"
          ],
          "failures": [],
          "pending": [],
          "skipped": [],
          "duration": 13968,
          "root": false,
          "rootEmpty": false,
          "_timeout": 2000
        }
      ],
      "passes": [],
      "failures": [],
      "pending": [],
      "skipped": [],
      "duration": 0,
      "root": true,
      "rootEmpty": true,
      "_timeout": 2000
    },
    {
      "uuid": "e5fb2d01-ef88-4904-b076-29b03d384063",
      "title": "",
      "fullFile": "cypress/integration/specs/gated_asset.spec.js",
      "file": "cypress/integration/specs/gated_asset.spec.js",
      "beforeHooks": [],
      "afterHooks": [],
      "tests": [],
      "suites": [
        {
          "uuid": "72c3fd17-f369-4edc-ad1b-b1534b22af35",
          "title": "Verify Gated Asset page",
          "fullFile": "",
          "file": "",
          "beforeHooks": [],
          "afterHooks": [],
          "tests": [
            {
              "title": "Verify Gated form being displayed",
              "fullTitle": "Verify Gated Asset page Verify Gated form being displayed",
              "timedOut": null,
              "duration": 14057,
              "state": "passed",
              "speed": "slow",
              "pass": true,
              "fail": false,
              "pending": false,
              "context": null,
              "code": "cy.contains('Watch Video').first().click();\ncy.url().should('contains', '/insights');\ncy.title().should('contains', 'Change Healthcare');\ncy.wait(5000);\ncy.get('.cmp-asset-embed__modal-inner-contents').should('be.visible');",
              "err": {},
              "uuid": "4ba508f7-3d08-4059-ae2b-01dba6e00a7e",
              "parentUUID": "72c3fd17-f369-4edc-ad1b-b1534b22af35",
              "isHook": false,
              "skipped": false
            },
            {
              "title": "Verify Go Back link being displayed",
              "fullTitle": "Verify Gated Asset page Verify Go Back link being displayed",
              "timedOut": null,
              "duration": 9783,
              "state": "passed",
              "speed": "slow",
              "pass": true,
              "fail": false,
              "pending": false,
              "context": null,
              "code": "cy.contains('Watch Video').first().click();\ncy.url().should('contains', '/insights');\ncy.title().should('contains', 'Change Healthcare');\ncy.wait(5000);\ncy.get('.cmp-asset-embed__modal-inner-contents').should('be.visible').contains('Go Back >>').should('be.visible').click();\ncy.url().should('contains', '/insights');",
              "err": {},
              "uuid": "15ff0368-b0e3-4d8b-8574-dab030bafd85",
              "parentUUID": "72c3fd17-f369-4edc-ad1b-b1534b22af35",
              "isHook": false,
              "skipped": false
            },
            {
              "title": "Verify Error message being displayed for required fields",
              "fullTitle": "Verify Gated Asset page Verify Error message being displayed for required fields",
              "timedOut": null,
              "duration": 10414,
              "state": "passed",
              "speed": "slow",
              "pass": true,
              "fail": false,
              "pending": false,
              "context": null,
              "code": "cy.contains('Watch Video').first().click();\ncy.url().should('contains', '/insights');\ncy.title().should('contains', 'Change Healthcare');\ncy.wait(5000);\ncy.get('.cmp-asset-embed__modal-inner-contents').should('be.visible').contains('Submit').click();\ncy.get('#field0-error').should('be.visible').should('have.text', 'This field is required.');\ncy.get('#field1-error').should('be.visible').should('have.text', 'This field is required.');\ncy.get('#field2-error').should('be.visible').should('have.text', 'This field is required.');\ncy.get('#field4-error').should('be.visible').should('have.text', 'This field is required.');\ncy.get('#field5-error').should('be.visible').should('have.text', 'This field is required.');\ncy.get('#field8-error').should('be.visible').should('have.text', 'This field is required.');",
              "err": {},
              "uuid": "85fa949e-d448-4b1d-b493-9a5b02ee57c1",
              "parentUUID": "72c3fd17-f369-4edc-ad1b-b1534b22af35",
              "isHook": false,
              "skipped": false
            },
            {
              "title": "Verify Gated asset being displayed on successful form Submission",
              "fullTitle": "Verify Gated Asset page Verify Gated asset being displayed on successful form Submission",
              "timedOut": null,
              "duration": 10824,
              "state": "passed",
              "speed": "slow",
              "pass": true,
              "fail": false,
              "pending": false,
              "context": null,
              "code": "cy.contains('Watch Video').first().click();\ncy.url().should('contains', '/insights');\ncy.title().should('contains', 'Change Healthcare');\ncy.wait(5000);\ncy.get('.cmp-asset-embed__modal-inner-contents').should('be.visible').contains(\"First Name\").type('Test');\ncy.get('#field1').type('Last Name');\ncy.get(\"[name='emailAddress']\").type('anowar.hossain@bounteous.com');\ncy.get(\"[name='company']\").type('Bounteous');\ncy.get(\"[name='organizationType1']\").select('Software Vendor');\ncy.get(\"[name='stateProv']\").select('IL');\ncy.get('.submit-button').click();\ncy.get('.cmp-article-header__title').should('be.visible');",
              "err": {},
              "uuid": "ef2e8a60-252b-48ba-a245-ed9d30e7be12",
              "parentUUID": "72c3fd17-f369-4edc-ad1b-b1534b22af35",
              "isHook": false,
              "skipped": false
            }
          ],
          "suites": [],
          "passes": [
            "4ba508f7-3d08-4059-ae2b-01dba6e00a7e",
            "15ff0368-b0e3-4d8b-8574-dab030bafd85",
            "85fa949e-d448-4b1d-b493-9a5b02ee57c1",
            "ef2e8a60-252b-48ba-a245-ed9d30e7be12"
          ],
          "failures": [],
          "pending": [],
          "skipped": [],
          "duration": 45078,
          "root": false,
          "rootEmpty": false,
          "_timeout": 2000
        }
      ],
      "passes": [],
      "failures": [],
      "pending": [],
      "skipped": [],
      "duration": 0,
      "root": true,
      "rootEmpty": true,
      "_timeout": 2000
    },
    {
      "uuid": "b7e841fd-b7b9-451d-ac62-eedc7409533d",
      "title": "",
      "fullFile": "cypress/integration/specs/home_mobile.spec.js",
      "file": "cypress/integration/specs/home_mobile.spec.js",
      "beforeHooks": [],
      "afterHooks": [],
      "tests": [],
      "suites": [
        {
          "uuid": "34580bd1-fe79-42f0-b1d1-d1b0f86b249b",
          "title": "Verify CHC Home page on iPhone Pro Max 11",
          "fullFile": "",
          "file": "",
          "beforeHooks": [],
          "afterHooks": [],
          "tests": [
            {
              "title": "Verify Covid19 text",
              "fullTitle": "Verify CHC Home page on iPhone Pro Max 11 Verify Covid19 text",
              "timedOut": null,
              "duration": 7763,
              "state": "passed",
              "speed": "slow",
              "pass": true,
              "fail": false,
              "pending": false,
              "context": null,
              "code": "_home[\"default\"].covid19().should('be.visible');",
              "err": {},
              "uuid": "6a7e0312-3ea1-4f16-9d3b-3bb68f8227f6",
              "parentUUID": "34580bd1-fe79-42f0-b1d1-d1b0f86b249b",
              "isHook": false,
              "skipped": false
            },
            {
              "title": "Verify Utility nav being displayed",
              "fullTitle": "Verify CHC Home page on iPhone Pro Max 11 Verify Utility nav being displayed",
              "timedOut": null,
              "duration": 9906,
              "state": "passed",
              "speed": "slow",
              "pass": true,
              "fail": false,
              "pending": false,
              "context": null,
              "code": "_home[\"default\"].mobileMenu().should('be.visible').click();\n_home[\"default\"].utilityNav().children().should('have.length', 3).contains('Support').should('be.visible').click();\ncy.url().should('include', 'support');\ncy.contains('Helping you find the answers you need').should('be.visible');",
              "err": {},
              "uuid": "846b42da-6207-4f9c-a982-421aafcf17b4",
              "parentUUID": "34580bd1-fe79-42f0-b1d1-d1b0f86b249b",
              "isHook": false,
              "skipped": false
            },
            {
              "title": "Verify onclick Country icon displays other options",
              "fullTitle": "Verify CHC Home page on iPhone Pro Max 11 Verify onclick Country icon displays other options",
              "timedOut": null,
              "duration": 3882,
              "state": "passed",
              "speed": "slow",
              "pass": true,
              "fail": false,
              "pending": false,
              "context": null,
              "code": "_home[\"default\"].mobileMenu().should('be.visible').click();\n_home[\"default\"].countryIcon().should('be.visible').click();\n_home[\"default\"].mobileCountryList().children().contains(\"United Kingdom\").click();",
              "err": {},
              "uuid": "01e7a6f1-2609-4119-830d-e792fc2c353d",
              "parentUUID": "34580bd1-fe79-42f0-b1d1-d1b0f86b249b",
              "isHook": false,
              "skipped": false
            },
            {
              "title": "Verify main navigation menu being displayed",
              "fullTitle": "Verify CHC Home page on iPhone Pro Max 11 Verify main navigation menu being displayed",
              "timedOut": null,
              "duration": 3838,
              "state": "passed",
              "speed": "slow",
              "pass": true,
              "fail": false,
              "pending": false,
              "context": null,
              "code": "_home[\"default\"].mobileMenu().should('be.visible').click();\n_home[\"default\"].mainNav().contains(\"About\").click();\ncy.url().should('include', 'about');",
              "err": {},
              "uuid": "9b1a6eb6-8c3a-4422-a748-f7bcc8020c88",
              "parentUUID": "34580bd1-fe79-42f0-b1d1-d1b0f86b249b",
              "isHook": false,
              "skipped": false
            },
            {
              "title": "Verify main navigation menu has Four menu links",
              "fullTitle": "Verify CHC Home page on iPhone Pro Max 11 Verify main navigation menu has Four menu links",
              "timedOut": null,
              "duration": 2404,
              "state": "passed",
              "speed": "slow",
              "pass": true,
              "fail": false,
              "pending": false,
              "context": null,
              "code": "_home[\"default\"].mobileMenu().should('be.visible').click();\n_home[\"default\"].mainNav().should('be.visible').should('have.length', 4);",
              "err": {},
              "uuid": "8b5daf6e-994d-41ca-89c9-1458dfd10873",
              "parentUUID": "34580bd1-fe79-42f0-b1d1-d1b0f86b249b",
              "isHook": false,
              "skipped": false
            },
            {
              "title": "Verify search icon being displayed on the header",
              "fullTitle": "Verify CHC Home page on iPhone Pro Max 11 Verify search icon being displayed on the header",
              "timedOut": null,
              "duration": 2593,
              "state": "passed",
              "speed": "slow",
              "pass": true,
              "fail": false,
              "pending": false,
              "context": null,
              "code": "_home[\"default\"].mobileSearchIcon().should('be.visible').click(); //HomePage.mobileSearchField().should('have.attr','placeholder',\"I need help with...\")\n// cy.get('.cmp-search-box').click()\n//cy.get('#search-header > div.CoveoSearchbox > div').type(\"Health\")\n//HomePage.mobileSearchField().clear().type(data.searchText)\n//HomePage.mobileSearchFieldIcon().should('be.visible')",
              "err": {},
              "uuid": "fad2ae84-b2eb-46c5-8a30-282002588622",
              "parentUUID": "34580bd1-fe79-42f0-b1d1-d1b0f86b249b",
              "isHook": false,
              "skipped": false
            },
            {
              "title": "Verify Social media icons being displayed",
              "fullTitle": "Verify CHC Home page on iPhone Pro Max 11 Verify Social media icons being displayed",
              "timedOut": null,
              "duration": 2586,
              "state": "passed",
              "speed": "slow",
              "pass": true,
              "fail": false,
              "pending": false,
              "context": null,
              "code": "_home[\"default\"].socialMedia().should('be.visible');\n_home[\"default\"].socialMedia().first().should('have.attr', 'title', 'Facebook');",
              "err": {},
              "uuid": "5694fe41-4fb7-4c1d-8323-06e1d6ee1f1d",
              "parentUUID": "34580bd1-fe79-42f0-b1d1-d1b0f86b249b",
              "isHook": false,
              "skipped": false
            },
            {
              "title": "Verify footer link \"About Us\" being displayed",
              "fullTitle": "Verify CHC Home page on iPhone Pro Max 11 Verify footer link \"About Us\" being displayed",
              "timedOut": null,
              "duration": 1855,
              "state": "passed",
              "speed": "slow",
              "pass": true,
              "fail": false,
              "pending": false,
              "context": null,
              "code": "//cy.get(':nth-child(1) > .cmp-footer__nav-header')\n_home[\"default\"].footerLinks().should('include.text', \"About Us\");",
              "err": {},
              "uuid": "952c3440-5112-4d45-9ba7-2916b1f43e5e",
              "parentUUID": "34580bd1-fe79-42f0-b1d1-d1b0f86b249b",
              "isHook": false,
              "skipped": false
            },
            {
              "title": "Verify footer link \"Careers\" being displayed",
              "fullTitle": "Verify CHC Home page on iPhone Pro Max 11 Verify footer link \"Careers\" being displayed",
              "timedOut": null,
              "duration": 2440,
              "state": "passed",
              "speed": "slow",
              "pass": true,
              "fail": false,
              "pending": false,
              "context": null,
              "code": "_home[\"default\"].footerLinks().should('include.text', \"Careers\");",
              "err": {},
              "uuid": "3ce34c33-6a67-4d09-ba69-95b78730d6ac",
              "parentUUID": "34580bd1-fe79-42f0-b1d1-d1b0f86b249b",
              "isHook": false,
              "skipped": false
            },
            {
              "title": "Verify footer link \"Support\" being displayed",
              "fullTitle": "Verify CHC Home page on iPhone Pro Max 11 Verify footer link \"Support\" being displayed",
              "timedOut": null,
              "duration": 2240,
              "state": "passed",
              "speed": "slow",
              "pass": true,
              "fail": false,
              "pending": false,
              "context": null,
              "code": "_home[\"default\"].footerLinks().should('include.text', \"Support\");",
              "err": {},
              "uuid": "16e6cbca-47d3-4e33-a644-6b7937e3834e",
              "parentUUID": "34580bd1-fe79-42f0-b1d1-d1b0f86b249b",
              "isHook": false,
              "skipped": false
            },
            {
              "title": "Verify Privacy footer links being displayed",
              "fullTitle": "Verify CHC Home page on iPhone Pro Max 11 Verify Privacy footer links being displayed",
              "timedOut": null,
              "duration": 2295,
              "state": "passed",
              "speed": "slow",
              "pass": true,
              "fail": false,
              "pending": false,
              "context": null,
              "code": "//cy.get('.cmp-footer__bottom-bar').should('be.visible')\n_home[\"default\"].privacyFooter().should('be.visible');\n_home[\"default\"].privacyFooter().first().should('include.text', \"Privacy\");",
              "err": {},
              "uuid": "37b88c8c-7c3a-4f91-b791-9cfd930624f1",
              "parentUUID": "34580bd1-fe79-42f0-b1d1-d1b0f86b249b",
              "isHook": false,
              "skipped": false
            },
            {
              "title": "Verify copyright text \"© 2020 Change Healthcare\" being displayed",
              "fullTitle": "Verify CHC Home page on iPhone Pro Max 11 Verify copyright text \"© 2020 Change Healthcare\" being displayed",
              "timedOut": null,
              "duration": 2058,
              "state": "passed",
              "speed": "slow",
              "pass": true,
              "fail": false,
              "pending": false,
              "context": null,
              "code": "//cy.get('.cmp-footer__copyright-text')\n_home[\"default\"].privacyFooter().should('include.text', \"© 2020 Change Healthcare\");",
              "err": {},
              "uuid": "01d8fdbb-22fd-4270-8a9f-adcb94221669",
              "parentUUID": "34580bd1-fe79-42f0-b1d1-d1b0f86b249b",
              "isHook": false,
              "skipped": false
            }
          ],
          "suites": [],
          "passes": [
            "6a7e0312-3ea1-4f16-9d3b-3bb68f8227f6",
            "846b42da-6207-4f9c-a982-421aafcf17b4",
            "01e7a6f1-2609-4119-830d-e792fc2c353d",
            "9b1a6eb6-8c3a-4422-a748-f7bcc8020c88",
            "8b5daf6e-994d-41ca-89c9-1458dfd10873",
            "fad2ae84-b2eb-46c5-8a30-282002588622",
            "5694fe41-4fb7-4c1d-8323-06e1d6ee1f1d",
            "952c3440-5112-4d45-9ba7-2916b1f43e5e",
            "3ce34c33-6a67-4d09-ba69-95b78730d6ac",
            "16e6cbca-47d3-4e33-a644-6b7937e3834e",
            "37b88c8c-7c3a-4f91-b791-9cfd930624f1",
            "01d8fdbb-22fd-4270-8a9f-adcb94221669"
          ],
          "failures": [],
          "pending": [],
          "skipped": [],
          "duration": 43860,
          "root": false,
          "rootEmpty": false,
          "_timeout": 2000
        }
      ],
      "passes": [],
      "failures": [],
      "pending": [],
      "skipped": [],
      "duration": 0,
      "root": true,
      "rootEmpty": true,
      "_timeout": 2000
    },
    {
      "uuid": "13763f29-2ddd-4b66-83b1-ad305e8547d5",
      "title": "",
      "fullFile": "cypress/integration/specs/home.spec.js",
      "file": "cypress/integration/specs/home.spec.js",
      "beforeHooks": [],
      "afterHooks": [],
      "tests": [],
      "suites": [
        {
          "uuid": "86135a90-4cf3-43d9-a9c1-3a611f5265d3",
          "title": "Verify Home page",
          "fullFile": "",
          "file": "",
          "beforeHooks": [],
          "afterHooks": [],
          "tests": [
            {
              "title": "Verify Covid19 text",
              "fullTitle": "Verify Home page Verify Covid19 text",
              "timedOut": null,
              "duration": 6162,
              "state": "passed",
              "speed": "slow",
              "pass": true,
              "fail": false,
              "pending": false,
              "context": null,
              "code": "_home[\"default\"].covid19().should('be.visible');",
              "err": {},
              "uuid": "5a8a9560-8dac-4cb1-8faa-f50d97b6b814",
              "parentUUID": "86135a90-4cf3-43d9-a9c1-3a611f5265d3",
              "isHook": false,
              "skipped": false
            },
            {
              "title": "Verify Utility nav being displayed",
              "fullTitle": "Verify Home page Verify Utility nav being displayed",
              "timedOut": null,
              "duration": 2466,
              "state": "passed",
              "speed": "slow",
              "pass": true,
              "fail": false,
              "pending": false,
              "context": null,
              "code": "_home[\"default\"].utilityNav().should('be.visible');\n_home[\"default\"].utilityNav().children().contains('Support').should('be.visible');",
              "err": {},
              "uuid": "c8bbadb9-1c0c-4309-bfe4-a10b2ef7fe69",
              "parentUUID": "86135a90-4cf3-43d9-a9c1-3a611f5265d3",
              "isHook": false,
              "skipped": false
            },
            {
              "title": "Verify onclick Country icon displays other options",
              "fullTitle": "Verify Home page Verify onclick Country icon displays other options",
              "timedOut": null,
              "duration": 2001,
              "state": "passed",
              "speed": "slow",
              "pass": true,
              "fail": false,
              "pending": false,
              "context": null,
              "code": "_home[\"default\"].countryIcon().should('be.visible');",
              "err": {},
              "uuid": "87acb1ee-8fbf-4003-850a-add3676a04cd",
              "parentUUID": "86135a90-4cf3-43d9-a9c1-3a611f5265d3",
              "isHook": false,
              "skipped": false
            },
            {
              "title": "Verify main navigation menu being displayed",
              "fullTitle": "Verify Home page Verify main navigation menu being displayed",
              "timedOut": null,
              "duration": 2137,
              "state": "passed",
              "speed": "slow",
              "pass": true,
              "fail": false,
              "pending": false,
              "context": null,
              "code": "_home[\"default\"].mainNav().should('be.visible');\n_home[\"default\"].mainNav().contains(\"Contact\").click();",
              "err": {},
              "uuid": "08bcf0ea-f2e2-482c-b669-6a36c1e3e9ff",
              "parentUUID": "86135a90-4cf3-43d9-a9c1-3a611f5265d3",
              "isHook": false,
              "skipped": false
            },
            {
              "title": "Verify main navigation menu has Four menu links",
              "fullTitle": "Verify Home page Verify main navigation menu has Four menu links",
              "timedOut": null,
              "duration": 2335,
              "state": "passed",
              "speed": "slow",
              "pass": true,
              "fail": false,
              "pending": false,
              "context": null,
              "code": "_home[\"default\"].mainNav().should('be.visible').should('have.length', 4);",
              "err": {},
              "uuid": "43975327-50da-4106-9ea5-6bf48c565f27",
              "parentUUID": "86135a90-4cf3-43d9-a9c1-3a611f5265d3",
              "isHook": false,
              "skipped": false
            },
            {
              "title": "Verify search icon being displayed on the header",
              "fullTitle": "Verify Home page Verify search icon being displayed on the header",
              "timedOut": null,
              "duration": 1867,
              "state": "passed",
              "speed": "slow",
              "pass": true,
              "fail": false,
              "pending": false,
              "context": null,
              "code": "_home[\"default\"].searchIcon().should('be.visible').click();\n_home[\"default\"].mobileSearchField().type('Health');",
              "err": {},
              "uuid": "b8fcbd0a-14a7-4b41-9b67-b6a5933b52fa",
              "parentUUID": "86135a90-4cf3-43d9-a9c1-3a611f5265d3",
              "isHook": false,
              "skipped": false
            },
            {
              "title": "Verify Social media icons being displayed",
              "fullTitle": "Verify Home page Verify Social media icons being displayed",
              "timedOut": null,
              "duration": 1414,
              "state": "passed",
              "speed": "slow",
              "pass": true,
              "fail": false,
              "pending": false,
              "context": null,
              "code": "_home[\"default\"].socialMedia().should('be.visible');\n_home[\"default\"].socialMedia().first().should('have.attr', 'title', 'Facebook');",
              "err": {},
              "uuid": "dbe987ad-3e70-48a7-afa6-e09628b52773",
              "parentUUID": "86135a90-4cf3-43d9-a9c1-3a611f5265d3",
              "isHook": false,
              "skipped": false
            },
            {
              "title": "Verify footer link \"About Us\" being displayed",
              "fullTitle": "Verify Home page Verify footer link \"About Us\" being displayed",
              "timedOut": null,
              "duration": 1762,
              "state": "passed",
              "speed": "slow",
              "pass": true,
              "fail": false,
              "pending": false,
              "context": null,
              "code": "//cy.get(':nth-child(1) > .cmp-footer__nav-header')\n_home[\"default\"].footerLinks().should('include.text', \"About Us\");",
              "err": {},
              "uuid": "b3bc0756-315a-4945-9bc6-1621b20728dd",
              "parentUUID": "86135a90-4cf3-43d9-a9c1-3a611f5265d3",
              "isHook": false,
              "skipped": false
            },
            {
              "title": "Verify footer link \"Careers\" being displayed",
              "fullTitle": "Verify Home page Verify footer link \"Careers\" being displayed",
              "timedOut": null,
              "duration": 1891,
              "state": "passed",
              "speed": "slow",
              "pass": true,
              "fail": false,
              "pending": false,
              "context": null,
              "code": "_home[\"default\"].footerLinks().should('include.text', \"Careers\");",
              "err": {},
              "uuid": "b848b079-e460-44fa-9f8f-c005d78ec362",
              "parentUUID": "86135a90-4cf3-43d9-a9c1-3a611f5265d3",
              "isHook": false,
              "skipped": false
            },
            {
              "title": "Verify footer link \"Support\" being displayed",
              "fullTitle": "Verify Home page Verify footer link \"Support\" being displayed",
              "timedOut": null,
              "duration": 1491,
              "state": "passed",
              "speed": "slow",
              "pass": true,
              "fail": false,
              "pending": false,
              "context": null,
              "code": "_home[\"default\"].footerLinks().should('include.text', \"Support\");",
              "err": {},
              "uuid": "5173400a-aa10-48d5-8f04-62f752002e60",
              "parentUUID": "86135a90-4cf3-43d9-a9c1-3a611f5265d3",
              "isHook": false,
              "skipped": false
            },
            {
              "title": "Verify Privacy footer links being displayed",
              "fullTitle": "Verify Home page Verify Privacy footer links being displayed",
              "timedOut": null,
              "duration": 1591,
              "state": "passed",
              "speed": "slow",
              "pass": true,
              "fail": false,
              "pending": false,
              "context": null,
              "code": "//cy.get('.cmp-footer__bottom-bar').should('be.visible')\n_home[\"default\"].privacyFooter().should('be.visible');\n_home[\"default\"].privacyFooter().first().should('include.text', \"Privacy\");",
              "err": {},
              "uuid": "6fd8600e-718e-444b-9119-8fe2c1d2a82f",
              "parentUUID": "86135a90-4cf3-43d9-a9c1-3a611f5265d3",
              "isHook": false,
              "skipped": false
            },
            {
              "title": "Verify copyright text \"© 2020 Change Healthcare\" being displayed",
              "fullTitle": "Verify Home page Verify copyright text \"© 2020 Change Healthcare\" being displayed",
              "timedOut": null,
              "duration": 1514,
              "state": "passed",
              "speed": "slow",
              "pass": true,
              "fail": false,
              "pending": false,
              "context": null,
              "code": "//cy.get('.cmp-footer__copyright-text')\n_home[\"default\"].privacyFooter().should('include.text', \"© 2020 Change Healthcare\");",
              "err": {},
              "uuid": "fd365468-5440-4094-904c-aae0b529b62b",
              "parentUUID": "86135a90-4cf3-43d9-a9c1-3a611f5265d3",
              "isHook": false,
              "skipped": false
            }
          ],
          "suites": [],
          "passes": [
            "5a8a9560-8dac-4cb1-8faa-f50d97b6b814",
            "c8bbadb9-1c0c-4309-bfe4-a10b2ef7fe69",
            "87acb1ee-8fbf-4003-850a-add3676a04cd",
            "08bcf0ea-f2e2-482c-b669-6a36c1e3e9ff",
            "43975327-50da-4106-9ea5-6bf48c565f27",
            "b8fcbd0a-14a7-4b41-9b67-b6a5933b52fa",
            "dbe987ad-3e70-48a7-afa6-e09628b52773",
            "b3bc0756-315a-4945-9bc6-1621b20728dd",
            "b848b079-e460-44fa-9f8f-c005d78ec362",
            "5173400a-aa10-48d5-8f04-62f752002e60",
            "6fd8600e-718e-444b-9119-8fe2c1d2a82f",
            "fd365468-5440-4094-904c-aae0b529b62b"
          ],
          "failures": [],
          "pending": [],
          "skipped": [],
          "duration": 26631,
          "root": false,
          "rootEmpty": false,
          "_timeout": 2000
        }
      ],
      "passes": [],
      "failures": [],
      "pending": [],
      "skipped": [],
      "duration": 0,
      "root": true,
      "rootEmpty": true,
      "_timeout": 2000
    },
    {
      "uuid": "e5d2fa4f-bdd7-45f7-a0ea-977226264f30",
      "title": "",
      "fullFile": "cypress/integration/specs/search.spec.js",
      "file": "cypress/integration/specs/search.spec.js",
      "beforeHooks": [],
      "afterHooks": [],
      "tests": [],
      "suites": [
        {
          "uuid": "dad35a57-094b-46f4-9647-c789f610beb1",
          "title": "Verify Search feature on the Header",
          "fullFile": "",
          "file": "",
          "beforeHooks": [],
          "afterHooks": [],
          "tests": [
            {
              "title": "Verify Page title",
              "fullTitle": "Verify Search feature on the Header Verify Page title",
              "timedOut": null,
              "duration": 6606,
              "state": "passed",
              "speed": "slow",
              "pass": true,
              "fail": false,
              "pending": false,
              "context": null,
              "code": "cy.title().should('equal', 'Healthcare Technology & Business Solutions Company | Change Healthcare');",
              "err": {},
              "uuid": "bc9b291e-6cac-498d-84cd-be64356f478d",
              "parentUUID": "dad35a57-094b-46f4-9647-c789f610beb1",
              "isHook": false,
              "skipped": false
            },
            {
              "title": "Select 2nd from search suggestions",
              "fullTitle": "Verify Search feature on the Header Select 2nd from search suggestions",
              "timedOut": null,
              "duration": 2673,
              "state": "passed",
              "speed": "slow",
              "pass": true,
              "fail": false,
              "pending": false,
              "context": null,
              "code": "cy.iframe().find('.CoveoSearchbox').type('Health').find('#magic-box-suggestion-1').click(); //.find('.coveo-search-button').click()",
              "err": {},
              "uuid": "ac6fc860-489c-4d79-a4d5-22cfe732cd46",
              "parentUUID": "dad35a57-094b-46f4-9647-c789f610beb1",
              "isHook": false,
              "skipped": false
            },
            {
              "title": "Search for \"Health",
              "fullTitle": "Verify Search feature on the Header Search for \"Health",
              "timedOut": null,
              "duration": 4859,
              "state": "passed",
              "speed": "slow",
              "pass": true,
              "fail": false,
              "pending": false,
              "context": null,
              "code": "cy.get('.cmp-header__search-toggle').should('be.visible').click();\ncy.get('.coveo-header-iframe-container > iframe').then(function ($iframe) {\n  var $body = $iframe.contents().find('body');\n  cy.wrap($body).find('.CoveoSearchbox').type('Health').find('.coveo-search-button').click();\n});",
              "err": {},
              "uuid": "c8aa306e-b466-488a-9b6e-49a4bfaa5313",
              "parentUUID": "dad35a57-094b-46f4-9647-c789f610beb1",
              "isHook": false,
              "skipped": false
            }
          ],
          "suites": [],
          "passes": [
            "bc9b291e-6cac-498d-84cd-be64356f478d",
            "ac6fc860-489c-4d79-a4d5-22cfe732cd46",
            "c8aa306e-b466-488a-9b6e-49a4bfaa5313"
          ],
          "failures": [],
          "pending": [],
          "skipped": [],
          "duration": 14138,
          "root": false,
          "rootEmpty": false,
          "_timeout": 2000
        }
      ],
      "passes": [],
      "failures": [],
      "pending": [],
      "skipped": [],
      "duration": 0,
      "root": true,
      "rootEmpty": true,
      "_timeout": 2000
    }
  ],
  "meta": {
    "mocha": {
      "version": "7.0.1"
    },
    "mochawesome": {
      "options": {
        "quiet": false,
        "reportFilename": "mochawesome",
        "saveHtml": false,
        "saveJson": true,
        "consoleReporter": "spec",
        "useInlineDiffs": false,
        "code": true
      },
      "version": "6.1.1"
    },
    "marge": {
      "options": {
        "id": "default",
        "reportDir": "cypress/reports/mocha",
        "quite": true,
        "overwrite": false,
        "html": false,
        "json": true
      },
      "version": "5.1.0"
    }
  }
}