{
  "stats": {
    "suites": 7,
    "tests": 35,
    "passes": 34,
    "pending": 1,
    "failures": 0,
    "start": "2020-08-05T20:40:37.205Z",
    "end": "2020-08-05T20:40:37.205Z",
    "duration": 143276,
    "testsRegistered": 35,
    "passPercent": 97.14285714285714,
    "pendingPercent": 2.857142857142857,
    "other": 0,
    "hasOther": false,
    "skipped": 0,
    "hasSkipped": false
  },
  "results": [
    {
      "uuid": "21fd31e2-ae3f-47c3-ae1d-af18f76c80cf",
      "title": "",
      "fullFile": "cypress/integration/specs/api.spec.js",
      "file": "cypress/integration/specs/api.spec.js",
      "beforeHooks": [],
      "afterHooks": [],
      "tests": [],
      "suites": [
        {
          "uuid": "6996990f-a464-4661-ae3c-6c224bc334b4",
          "title": "Verify Search Header API enabled",
          "fullFile": "",
          "file": "",
          "beforeHooks": [],
          "afterHooks": [],
          "tests": [
            {
              "title": "Verify Header Search api",
              "fullTitle": "Verify Search Header API enabled Verify Header Search api",
              "timedOut": null,
              "duration": 819,
              "state": "passed",
              "speed": "slow",
              "pass": true,
              "fail": false,
              "pending": false,
              "context": null,
              "code": "cy.request('/content/changehealth/us/en/search.html/_jcr_content/root/main-par.html').then(function (response) {\n  expect(response).to.have.property('status', 200);\n  expect(response.body).to.not.be[\"null\"];\n  expect(response.body).to.not.include('start up inprogress');\n  expect(response.body).to.not.have.property('start up inprogress'); //expect(response.body.data).to.have.length(24)\n});",
              "err": {},
              "uuid": "3e443937-74a4-4ff5-ae5d-97700aeb4933",
              "parentUUID": "6996990f-a464-4661-ae3c-6c224bc334b4",
              "isHook": false,
              "skipped": false
            }
          ],
          "suites": [],
          "passes": [
            "3e443937-74a4-4ff5-ae5d-97700aeb4933"
          ],
          "failures": [],
          "pending": [],
          "skipped": [],
          "duration": 819,
          "root": false,
          "rootEmpty": false,
          "_timeout": 2000
        }
      ],
      "passes": [],
      "failures": [],
      "pending": [],
      "skipped": [],
      "duration": 0,
      "root": true,
      "rootEmpty": true,
      "_timeout": 2000
    },
    {
      "uuid": "e8a882a4-13fd-4f8c-83fe-53f6ee52a6a5",
      "title": "",
      "fullFile": "cypress/integration/specs/breadcrumb_clickable.spec.js",
      "file": "cypress/integration/specs/breadcrumb_clickable.spec.js",
      "beforeHooks": [],
      "afterHooks": [],
      "tests": [],
      "suites": [
        {
          "uuid": "dab28627-bd78-4f27-9770-b73501d2d5bc",
          "title": "Verify Breadcrumb is clickable",
          "fullFile": "",
          "file": "",
          "beforeHooks": [],
          "afterHooks": [],
          "tests": [
            {
              "title": "Verify Page title",
              "fullTitle": "Verify Breadcrumb is clickable Verify Page title",
              "timedOut": null,
              "duration": 7514,
              "state": "passed",
              "speed": "slow",
              "pass": true,
              "fail": false,
              "pending": false,
              "context": null,
              "code": "cy.title().should('eq', 'Healthcare Technology & Business Solutions Company | Change Healthcare');\ncy.url().should('contains', 'healthcare');",
              "err": {},
              "uuid": "39dbc8ca-8a48-4325-9dc5-13c9cdc0a11b",
              "parentUUID": "dab28627-bd78-4f27-9770-b73501d2d5bc",
              "isHook": false,
              "skipped": false
            },
            {
              "title": "Verify Breadcrumb on About Us page is clickable",
              "fullTitle": "Verify Breadcrumb is clickable Verify Breadcrumb on About Us page is clickable",
              "timedOut": null,
              "duration": 4157,
              "state": "passed",
              "speed": "slow",
              "pass": true,
              "fail": false,
              "pending": false,
              "context": null,
              "code": "cy.get('[data-link-type=\"about us\"]').first().click();\ncy.title().should('eq', 'About Change Healthcare | Company Overview | Change Healthcare');\ncy.url().should('contains', '/about');\ncy.contains('Home').click();\ncy.title().should('eq', 'Healthcare Technology & Business Solutions Company | Change Healthcare');\ncy.url().should('contains', 'healthcare');",
              "err": {},
              "uuid": "d8ab97bd-8785-4dc6-9eea-2ac55104436f",
              "parentUUID": "dab28627-bd78-4f27-9770-b73501d2d5bc",
              "isHook": false,
              "skipped": false
            },
            {
              "title": "Verify Breadcrumb on Insighs page is clickable",
              "fullTitle": "Verify Breadcrumb is clickable Verify Breadcrumb on Insighs page is clickable",
              "timedOut": null,
              "duration": 4858,
              "state": "passed",
              "speed": "slow",
              "pass": true,
              "fail": false,
              "pending": false,
              "context": null,
              "code": "cy.get('[data-link-type=\"insights\"]').first().click();\ncy.title().should('eq', 'Healthcare Industry Insights | Healthcare IT Insights | Change Healthcare');\ncy.url().should('contains', '/insights'); //cy.contains('Home').click()\ncy.get('.cmp-breadcrumb__item-link > span').click('topLeft');\ncy.title().should('eq', 'Healthcare Technology & Business Solutions Company | Change Healthcare');\ncy.url().should('contains', 'healthcare');",
              "err": {},
              "uuid": "c34dc791-7134-4c2c-9d24-36654dd86dd9",
              "parentUUID": "dab28627-bd78-4f27-9770-b73501d2d5bc",
              "isHook": false,
              "skipped": false
            },
            {
              "title": "Verify Breadcrumb on Insighs page is clickable",
              "fullTitle": "Verify Breadcrumb is clickable Verify Breadcrumb on Insighs page is clickable",
              "timedOut": null,
              "duration": 0,
              "state": "pending",
              "speed": null,
              "pass": false,
              "fail": false,
              "pending": true,
              "context": null,
              "code": "",
              "err": {},
              "uuid": "df57c075-c38b-4030-9e48-8de099293a76",
              "parentUUID": "dab28627-bd78-4f27-9770-b73501d2d5bc",
              "isHook": false,
              "skipped": false
            }
          ],
          "suites": [],
          "passes": [
            "39dbc8ca-8a48-4325-9dc5-13c9cdc0a11b",
            "d8ab97bd-8785-4dc6-9eea-2ac55104436f",
            "c34dc791-7134-4c2c-9d24-36654dd86dd9"
          ],
          "failures": [],
          "pending": [
            "df57c075-c38b-4030-9e48-8de099293a76"
          ],
          "skipped": [],
          "duration": 16529,
          "root": false,
          "rootEmpty": false,
          "_timeout": 2000
        }
      ],
      "passes": [],
      "failures": [],
      "pending": [],
      "skipped": [],
      "duration": 0,
      "root": true,
      "rootEmpty": true,
      "_timeout": 2000
    },
    {
      "uuid": "f42b8c93-7329-478a-97ad-b459783d303b",
      "title": "",
      "fullFile": "cypress/integration/specs/enrollment.spec.js",
      "file": "cypress/integration/specs/enrollment.spec.js",
      "beforeHooks": [],
      "afterHooks": [],
      "tests": [],
      "suites": [
        {
          "uuid": "50761a73-eb32-44e8-8e6f-b79758f802fa",
          "title": "Verify Enrollment form pages being loaded without redirect",
          "fullFile": "",
          "file": "",
          "beforeHooks": [],
          "afterHooks": [],
          "tests": [
            {
              "title": "Verify Medical Claims Enrollment forms Page",
              "fullTitle": "Verify Enrollment form pages being loaded without redirect Verify Medical Claims Enrollment forms Page",
              "timedOut": null,
              "duration": 11609,
              "state": "passed",
              "speed": "slow",
              "pass": true,
              "fail": false,
              "pending": false,
              "context": null,
              "code": "cy.visit(\"https://support.changehealthcare.com/customer-resources/enrollment-services/medical-hospital-claims-enrollment-forms\"); // cy.url().should('contains','enrollment-services')\n// cy.get('[data-link-type=\"claims enrollment forms\"]').first().click()\n// cy.title().should('eq','Medical amp; Hospital Claims Enrollment Forms | Support')\n// cy.url().should('contains','enrollment-services')",
              "err": {},
              "uuid": "a8e9cc5a-8e61-4918-afe5-08ba259fdcfa",
              "parentUUID": "50761a73-eb32-44e8-8e6f-b79758f802fa",
              "isHook": false,
              "skipped": false
            }
          ],
          "suites": [],
          "passes": [
            "a8e9cc5a-8e61-4918-afe5-08ba259fdcfa"
          ],
          "failures": [],
          "pending": [],
          "skipped": [],
          "duration": 11609,
          "root": false,
          "rootEmpty": false,
          "_timeout": 2000
        }
      ],
      "passes": [],
      "failures": [],
      "pending": [],
      "skipped": [],
      "duration": 0,
      "root": true,
      "rootEmpty": true,
      "_timeout": 2000
    },
    {
      "uuid": "9a206a4f-95b4-4338-8df5-58bd803f3c38",
      "title": "",
      "fullFile": "cypress/integration/specs/gated_asset.spec.js",
      "file": "cypress/integration/specs/gated_asset.spec.js",
      "beforeHooks": [],
      "afterHooks": [],
      "tests": [],
      "suites": [
        {
          "uuid": "83bedb41-de6f-4742-844e-aca5d39cfb38",
          "title": "Verify Gated Asset page",
          "fullFile": "",
          "file": "",
          "beforeHooks": [],
          "afterHooks": [],
          "tests": [
            {
              "title": "Verify Gated form being displayed",
              "fullTitle": "Verify Gated Asset page Verify Gated form being displayed",
              "timedOut": null,
              "duration": 13269,
              "state": "passed",
              "speed": "slow",
              "pass": true,
              "fail": false,
              "pending": false,
              "context": null,
              "code": "cy.contains('Watch Video').first().click();\ncy.url().should('contains', '/insights');\ncy.title().should('contains', 'Change Healthcare');\ncy.wait(5000);\ncy.get('.cmp-asset-embed__modal-inner-contents').should('be.visible');",
              "err": {},
              "uuid": "d30b041d-5f2d-4946-996d-8fa4c3def656",
              "parentUUID": "83bedb41-de6f-4742-844e-aca5d39cfb38",
              "isHook": false,
              "skipped": false
            },
            {
              "title": "Verify Go Back link being displayed",
              "fullTitle": "Verify Gated Asset page Verify Go Back link being displayed",
              "timedOut": null,
              "duration": 9220,
              "state": "passed",
              "speed": "slow",
              "pass": true,
              "fail": false,
              "pending": false,
              "context": null,
              "code": "cy.contains('Watch Video').first().click();\ncy.url().should('contains', '/insights');\ncy.title().should('contains', 'Change Healthcare');\ncy.wait(5000);\ncy.get('.cmp-asset-embed__modal-inner-contents').should('be.visible').contains('Go Back >>').should('be.visible').click();\ncy.url().should('contains', '/insights');",
              "err": {},
              "uuid": "5ae01e68-0e7c-47b3-a9c1-a940abf948be",
              "parentUUID": "83bedb41-de6f-4742-844e-aca5d39cfb38",
              "isHook": false,
              "skipped": false
            },
            {
              "title": "Verify Error message being displayed for required fields",
              "fullTitle": "Verify Gated Asset page Verify Error message being displayed for required fields",
              "timedOut": null,
              "duration": 9054,
              "state": "passed",
              "speed": "slow",
              "pass": true,
              "fail": false,
              "pending": false,
              "context": null,
              "code": "cy.contains('Watch Video').first().click();\ncy.url().should('contains', '/insights');\ncy.title().should('contains', 'Change Healthcare');\ncy.wait(5000);\ncy.get('.cmp-asset-embed__modal-inner-contents').should('be.visible').contains('Submit').click();\ncy.get('#field0-error').should('be.visible').should('have.text', 'This field is required.');\ncy.get('#field1-error').should('be.visible').should('have.text', 'This field is required.');\ncy.get('#field2-error').should('be.visible').should('have.text', 'This field is required.');\ncy.get('#field4-error').should('be.visible').should('have.text', 'This field is required.');\ncy.get('#field5-error').should('be.visible').should('have.text', 'This field is required.');\ncy.get('#field8-error').should('be.visible').should('have.text', 'This field is required.');",
              "err": {},
              "uuid": "05d0ab12-28c4-4334-8f56-44ef6080c379",
              "parentUUID": "83bedb41-de6f-4742-844e-aca5d39cfb38",
              "isHook": false,
              "skipped": false
            },
            {
              "title": "Verify Gated asset being displayed on successful form Submission",
              "fullTitle": "Verify Gated Asset page Verify Gated asset being displayed on successful form Submission",
              "timedOut": null,
              "duration": 10910,
              "state": "passed",
              "speed": "slow",
              "pass": true,
              "fail": false,
              "pending": false,
              "context": null,
              "code": "cy.contains('Watch Video').first().click();\ncy.url().should('contains', '/insights');\ncy.title().should('contains', 'Change Healthcare');\ncy.wait(5000);\ncy.get('.cmp-asset-embed__modal-inner-contents').should('be.visible').contains(\"First Name\").type('Test');\ncy.get('#field1').type('Last Name');\ncy.get(\"[name='emailAddress']\").type('anowar.hossain@bounteous.com');\ncy.get(\"[name='company']\").type('Bounteous');\ncy.get(\"[name='organizationType1']\").select('Software Vendor');\ncy.get(\"[name='stateProv']\").select('IL');\ncy.get('.submit-button').click();\ncy.get('.cmp-article-header__title').should('be.visible');",
              "err": {},
              "uuid": "76736f42-7abd-433f-b015-88a5da52357f",
              "parentUUID": "83bedb41-de6f-4742-844e-aca5d39cfb38",
              "isHook": false,
              "skipped": false
            }
          ],
          "suites": [],
          "passes": [
            "d30b041d-5f2d-4946-996d-8fa4c3def656",
            "5ae01e68-0e7c-47b3-a9c1-a940abf948be",
            "05d0ab12-28c4-4334-8f56-44ef6080c379",
            "76736f42-7abd-433f-b015-88a5da52357f"
          ],
          "failures": [],
          "pending": [],
          "skipped": [],
          "duration": 42453,
          "root": false,
          "rootEmpty": false,
          "_timeout": 2000
        }
      ],
      "passes": [],
      "failures": [],
      "pending": [],
      "skipped": [],
      "duration": 0,
      "root": true,
      "rootEmpty": true,
      "_timeout": 2000
    },
    {
      "uuid": "886cd461-c457-4bfd-8214-48c67eac99aa",
      "title": "",
      "fullFile": "cypress/integration/specs/home_mobile.spec.js",
      "file": "cypress/integration/specs/home_mobile.spec.js",
      "beforeHooks": [],
      "afterHooks": [],
      "tests": [],
      "suites": [
        {
          "uuid": "8598e4a2-6d3a-426b-adf5-da566465ff9e",
          "title": "Verify CHC Home page on iPhone Pro Max 11",
          "fullFile": "",
          "file": "",
          "beforeHooks": [],
          "afterHooks": [],
          "tests": [
            {
              "title": "Verify Covid19 text",
              "fullTitle": "Verify CHC Home page on iPhone Pro Max 11 Verify Covid19 text",
              "timedOut": null,
              "duration": 6964,
              "state": "passed",
              "speed": "slow",
              "pass": true,
              "fail": false,
              "pending": false,
              "context": null,
              "code": "_home[\"default\"].covid19().should('be.visible');",
              "err": {},
              "uuid": "87e1ce3d-6c16-49d5-a403-f1b1eb60a658",
              "parentUUID": "8598e4a2-6d3a-426b-adf5-da566465ff9e",
              "isHook": false,
              "skipped": false
            },
            {
              "title": "Verify Utility nav being displayed",
              "fullTitle": "Verify CHC Home page on iPhone Pro Max 11 Verify Utility nav being displayed",
              "timedOut": null,
              "duration": 7682,
              "state": "passed",
              "speed": "slow",
              "pass": true,
              "fail": false,
              "pending": false,
              "context": null,
              "code": "_home[\"default\"].mobileMenu().should('be.visible').click();\n_home[\"default\"].utilityNav().children().contains('Support').should('be.visible').click();\ncy.url().should('include', 'support');\ncy.contains('Helping you find the answers you need').should('be.visible');",
              "err": {},
              "uuid": "a60162bf-4b9e-490c-a24e-4f0d694fc18e",
              "parentUUID": "8598e4a2-6d3a-426b-adf5-da566465ff9e",
              "isHook": false,
              "skipped": false
            },
            {
              "title": "Verify onclick Country icon displays other options",
              "fullTitle": "Verify CHC Home page on iPhone Pro Max 11 Verify onclick Country icon displays other options",
              "timedOut": null,
              "duration": 2865,
              "state": "passed",
              "speed": "slow",
              "pass": true,
              "fail": false,
              "pending": false,
              "context": null,
              "code": "_home[\"default\"].mobileMenu().should('be.visible').click();\n_home[\"default\"].countryIcon().should('be.visible').click();\n_home[\"default\"].mobileCountryList().children().contains(\"United Kingdom\").click();",
              "err": {},
              "uuid": "6d42c127-9a96-4f21-ab76-8d3346208faf",
              "parentUUID": "8598e4a2-6d3a-426b-adf5-da566465ff9e",
              "isHook": false,
              "skipped": false
            },
            {
              "title": "Verify main navigation menu being displayed",
              "fullTitle": "Verify CHC Home page on iPhone Pro Max 11 Verify main navigation menu being displayed",
              "timedOut": null,
              "duration": 2799,
              "state": "passed",
              "speed": "slow",
              "pass": true,
              "fail": false,
              "pending": false,
              "context": null,
              "code": "_home[\"default\"].mobileMenu().should('be.visible').click();\n_home[\"default\"].mainNav().children().contains(\"About\").click();\ncy.url().should('include', 'about');",
              "err": {},
              "uuid": "8642c52a-4fde-4347-afc3-5dbbc2c7c288",
              "parentUUID": "8598e4a2-6d3a-426b-adf5-da566465ff9e",
              "isHook": false,
              "skipped": false
            },
            {
              "title": "Verify search icon being displayed on the header",
              "fullTitle": "Verify CHC Home page on iPhone Pro Max 11 Verify search icon being displayed on the header",
              "timedOut": null,
              "duration": 2122,
              "state": "passed",
              "speed": "slow",
              "pass": true,
              "fail": false,
              "pending": false,
              "context": null,
              "code": "_home[\"default\"].mobileSearchIcon().should('be.visible').click(); //HomePage.mobileSearchField().should('have.attr','placeholder',\"I need help with...\")\n// cy.get('.cmp-search-box').click()\n//cy.get('#search-header > div.CoveoSearchbox > div').type(\"Health\")\n//HomePage.mobileSearchField().clear().type(data.searchText)\n//HomePage.mobileSearchFieldIcon().should('be.visible')",
              "err": {},
              "uuid": "a36021d9-8cee-4d99-bb7d-e4d637699de1",
              "parentUUID": "8598e4a2-6d3a-426b-adf5-da566465ff9e",
              "isHook": false,
              "skipped": false
            },
            {
              "title": "Verify Social media icons being displayed",
              "fullTitle": "Verify CHC Home page on iPhone Pro Max 11 Verify Social media icons being displayed",
              "timedOut": null,
              "duration": 1824,
              "state": "passed",
              "speed": "slow",
              "pass": true,
              "fail": false,
              "pending": false,
              "context": null,
              "code": "_home[\"default\"].socialMedia().should('be.visible');\n_home[\"default\"].socialMedia().first().should('have.attr', 'title', 'Facebook');",
              "err": {},
              "uuid": "2adbe77d-3772-4932-a53f-e6ae561f014d",
              "parentUUID": "8598e4a2-6d3a-426b-adf5-da566465ff9e",
              "isHook": false,
              "skipped": false
            },
            {
              "title": "Verify footer link \"About Us\" being displayed",
              "fullTitle": "Verify CHC Home page on iPhone Pro Max 11 Verify footer link \"About Us\" being displayed",
              "timedOut": null,
              "duration": 1786,
              "state": "passed",
              "speed": "slow",
              "pass": true,
              "fail": false,
              "pending": false,
              "context": null,
              "code": "//cy.get(':nth-child(1) > .cmp-footer__nav-header')\n_home[\"default\"].footerLinks().should('include.text', \"About Us\");",
              "err": {},
              "uuid": "ed89a2b5-a80a-4f0b-9d1f-6bd287d7da55",
              "parentUUID": "8598e4a2-6d3a-426b-adf5-da566465ff9e",
              "isHook": false,
              "skipped": false
            },
            {
              "title": "Verify footer link \"Careers\" being displayed",
              "fullTitle": "Verify CHC Home page on iPhone Pro Max 11 Verify footer link \"Careers\" being displayed",
              "timedOut": null,
              "duration": 1830,
              "state": "passed",
              "speed": "slow",
              "pass": true,
              "fail": false,
              "pending": false,
              "context": null,
              "code": "_home[\"default\"].footerLinks().should('include.text', \"Careers\");",
              "err": {},
              "uuid": "759bb966-7e95-4eb3-8d1b-cb72f8814013",
              "parentUUID": "8598e4a2-6d3a-426b-adf5-da566465ff9e",
              "isHook": false,
              "skipped": false
            },
            {
              "title": "Verify footer link \"Support\" being displayed",
              "fullTitle": "Verify CHC Home page on iPhone Pro Max 11 Verify footer link \"Support\" being displayed",
              "timedOut": null,
              "duration": 1890,
              "state": "passed",
              "speed": "slow",
              "pass": true,
              "fail": false,
              "pending": false,
              "context": null,
              "code": "_home[\"default\"].footerLinks().should('include.text', \"Support\");",
              "err": {},
              "uuid": "a9217230-5081-4b31-a553-7c1dee919c92",
              "parentUUID": "8598e4a2-6d3a-426b-adf5-da566465ff9e",
              "isHook": false,
              "skipped": false
            },
            {
              "title": "Verify Privacy footer links being displayed",
              "fullTitle": "Verify CHC Home page on iPhone Pro Max 11 Verify Privacy footer links being displayed",
              "timedOut": null,
              "duration": 2434,
              "state": "passed",
              "speed": "slow",
              "pass": true,
              "fail": false,
              "pending": false,
              "context": null,
              "code": "//cy.get('.cmp-footer__bottom-bar').should('be.visible')\n_home[\"default\"].privacyFooter().should('be.visible');\n_home[\"default\"].privacyFooter().first().should('include.text', \"Privacy\");",
              "err": {},
              "uuid": "f90a8d47-7c89-40f7-9db9-4fe25ea59080",
              "parentUUID": "8598e4a2-6d3a-426b-adf5-da566465ff9e",
              "isHook": false,
              "skipped": false
            },
            {
              "title": "Verify copyright text \"© 2020 Change Healthcare\" being displayed",
              "fullTitle": "Verify CHC Home page on iPhone Pro Max 11 Verify copyright text \"© 2020 Change Healthcare\" being displayed",
              "timedOut": null,
              "duration": 1691,
              "state": "passed",
              "speed": "slow",
              "pass": true,
              "fail": false,
              "pending": false,
              "context": null,
              "code": "//cy.get('.cmp-footer__copyright-text')\n_home[\"default\"].privacyFooter().should('include.text', \"© 2020 Change Healthcare\");",
              "err": {},
              "uuid": "1f55bea6-9aef-41aa-ba18-a7da84da2886",
              "parentUUID": "8598e4a2-6d3a-426b-adf5-da566465ff9e",
              "isHook": false,
              "skipped": false
            }
          ],
          "suites": [],
          "passes": [
            "87e1ce3d-6c16-49d5-a403-f1b1eb60a658",
            "a60162bf-4b9e-490c-a24e-4f0d694fc18e",
            "6d42c127-9a96-4f21-ab76-8d3346208faf",
            "8642c52a-4fde-4347-afc3-5dbbc2c7c288",
            "a36021d9-8cee-4d99-bb7d-e4d637699de1",
            "2adbe77d-3772-4932-a53f-e6ae561f014d",
            "ed89a2b5-a80a-4f0b-9d1f-6bd287d7da55",
            "759bb966-7e95-4eb3-8d1b-cb72f8814013",
            "a9217230-5081-4b31-a553-7c1dee919c92",
            "f90a8d47-7c89-40f7-9db9-4fe25ea59080",
            "1f55bea6-9aef-41aa-ba18-a7da84da2886"
          ],
          "failures": [],
          "pending": [],
          "skipped": [],
          "duration": 33887,
          "root": false,
          "rootEmpty": false,
          "_timeout": 2000
        }
      ],
      "passes": [],
      "failures": [],
      "pending": [],
      "skipped": [],
      "duration": 0,
      "root": true,
      "rootEmpty": true,
      "_timeout": 2000
    },
    {
      "uuid": "fa5f4878-8b52-4678-ab6a-929c4b82bd68",
      "title": "",
      "fullFile": "cypress/integration/specs/home.spec.js",
      "file": "cypress/integration/specs/home.spec.js",
      "beforeHooks": [],
      "afterHooks": [],
      "tests": [],
      "suites": [
        {
          "uuid": "e530da50-8057-4fd3-b6b7-edee6ae651fe",
          "title": "Verify Home page",
          "fullFile": "",
          "file": "",
          "beforeHooks": [],
          "afterHooks": [],
          "tests": [
            {
              "title": "Verify Covid19 text",
              "fullTitle": "Verify Home page Verify Covid19 text",
              "timedOut": null,
              "duration": 7869,
              "state": "passed",
              "speed": "slow",
              "pass": true,
              "fail": false,
              "pending": false,
              "context": null,
              "code": "_home[\"default\"].covid19().should('be.visible');",
              "err": {},
              "uuid": "4489f36f-8a4c-423d-a655-d228d7664a73",
              "parentUUID": "e530da50-8057-4fd3-b6b7-edee6ae651fe",
              "isHook": false,
              "skipped": false
            },
            {
              "title": "Verify Utility nav being displayed",
              "fullTitle": "Verify Home page Verify Utility nav being displayed",
              "timedOut": null,
              "duration": 1722,
              "state": "passed",
              "speed": "slow",
              "pass": true,
              "fail": false,
              "pending": false,
              "context": null,
              "code": "_home[\"default\"].utilityNav().should('be.visible');\n_home[\"default\"].utilityNav().children().contains('Support').should('be.visible');",
              "err": {},
              "uuid": "e8df546a-2240-47dc-9361-b5621171aec6",
              "parentUUID": "e530da50-8057-4fd3-b6b7-edee6ae651fe",
              "isHook": false,
              "skipped": false
            },
            {
              "title": "Verify onclick Country icon displays other options",
              "fullTitle": "Verify Home page Verify onclick Country icon displays other options",
              "timedOut": null,
              "duration": 2390,
              "state": "passed",
              "speed": "slow",
              "pass": true,
              "fail": false,
              "pending": false,
              "context": null,
              "code": "_home[\"default\"].countryIcon().should('be.visible');",
              "err": {},
              "uuid": "6cbe973b-a3fb-42a0-adc0-1dd34e17db84",
              "parentUUID": "e530da50-8057-4fd3-b6b7-edee6ae651fe",
              "isHook": false,
              "skipped": false
            },
            {
              "title": "Verify main navigation menu being displayed",
              "fullTitle": "Verify Home page Verify main navigation menu being displayed",
              "timedOut": null,
              "duration": 1953,
              "state": "passed",
              "speed": "slow",
              "pass": true,
              "fail": false,
              "pending": false,
              "context": null,
              "code": "_home[\"default\"].mainNav().should('be.visible').click();\n_home[\"default\"].mainNav().children().contains(\"Contact\").click();",
              "err": {},
              "uuid": "022499da-13b0-479e-a60c-219f0a9152c8",
              "parentUUID": "e530da50-8057-4fd3-b6b7-edee6ae651fe",
              "isHook": false,
              "skipped": false
            },
            {
              "title": "Verify search icon being displayed on the header",
              "fullTitle": "Verify Home page Verify search icon being displayed on the header",
              "timedOut": null,
              "duration": 2813,
              "state": "passed",
              "speed": "slow",
              "pass": true,
              "fail": false,
              "pending": false,
              "context": null,
              "code": "_home[\"default\"].searchIcon().should('be.visible').click();\n_home[\"default\"].mobileSearchField().type('Health');",
              "err": {},
              "uuid": "8178dae8-3097-4295-8c57-8d8ef70ef76b",
              "parentUUID": "e530da50-8057-4fd3-b6b7-edee6ae651fe",
              "isHook": false,
              "skipped": false
            },
            {
              "title": "Verify Social media icons being displayed",
              "fullTitle": "Verify Home page Verify Social media icons being displayed",
              "timedOut": null,
              "duration": 1337,
              "state": "passed",
              "speed": "slow",
              "pass": true,
              "fail": false,
              "pending": false,
              "context": null,
              "code": "_home[\"default\"].socialMedia().should('be.visible');\n_home[\"default\"].socialMedia().first().should('have.attr', 'title', 'Facebook');",
              "err": {},
              "uuid": "35ce4a8d-cde1-4402-853c-6798c12ccd84",
              "parentUUID": "e530da50-8057-4fd3-b6b7-edee6ae651fe",
              "isHook": false,
              "skipped": false
            },
            {
              "title": "Verify footer link \"About Us\" being displayed",
              "fullTitle": "Verify Home page Verify footer link \"About Us\" being displayed",
              "timedOut": null,
              "duration": 1402,
              "state": "passed",
              "speed": "slow",
              "pass": true,
              "fail": false,
              "pending": false,
              "context": null,
              "code": "//cy.get(':nth-child(1) > .cmp-footer__nav-header')\n_home[\"default\"].footerLinks().should('include.text', \"About Us\");",
              "err": {},
              "uuid": "7723ea90-479b-459b-a37a-dc1acd6bf919",
              "parentUUID": "e530da50-8057-4fd3-b6b7-edee6ae651fe",
              "isHook": false,
              "skipped": false
            },
            {
              "title": "Verify footer link \"Careers\" being displayed",
              "fullTitle": "Verify Home page Verify footer link \"Careers\" being displayed",
              "timedOut": null,
              "duration": 1546,
              "state": "passed",
              "speed": "slow",
              "pass": true,
              "fail": false,
              "pending": false,
              "context": null,
              "code": "_home[\"default\"].footerLinks().should('include.text', \"Careers\");",
              "err": {},
              "uuid": "7464f5a5-8e92-4c21-854a-6bdc58beb907",
              "parentUUID": "e530da50-8057-4fd3-b6b7-edee6ae651fe",
              "isHook": false,
              "skipped": false
            },
            {
              "title": "Verify footer link \"Support\" being displayed",
              "fullTitle": "Verify Home page Verify footer link \"Support\" being displayed",
              "timedOut": null,
              "duration": 1527,
              "state": "passed",
              "speed": "slow",
              "pass": true,
              "fail": false,
              "pending": false,
              "context": null,
              "code": "_home[\"default\"].footerLinks().should('include.text', \"Support\");",
              "err": {},
              "uuid": "764dd22d-29e4-440b-9727-f4a67d4f4048",
              "parentUUID": "e530da50-8057-4fd3-b6b7-edee6ae651fe",
              "isHook": false,
              "skipped": false
            },
            {
              "title": "Verify Privacy footer links being displayed",
              "fullTitle": "Verify Home page Verify Privacy footer links being displayed",
              "timedOut": null,
              "duration": 1586,
              "state": "passed",
              "speed": "slow",
              "pass": true,
              "fail": false,
              "pending": false,
              "context": null,
              "code": "//cy.get('.cmp-footer__bottom-bar').should('be.visible')\n_home[\"default\"].privacyFooter().should('be.visible');\n_home[\"default\"].privacyFooter().first().should('include.text', \"Privacy\");",
              "err": {},
              "uuid": "99e88a13-0143-4811-962e-86141dae76f1",
              "parentUUID": "e530da50-8057-4fd3-b6b7-edee6ae651fe",
              "isHook": false,
              "skipped": false
            },
            {
              "title": "Verify copyright text \"© 2020 Change Healthcare\" being displayed",
              "fullTitle": "Verify Home page Verify copyright text \"© 2020 Change Healthcare\" being displayed",
              "timedOut": null,
              "duration": 1652,
              "state": "passed",
              "speed": "slow",
              "pass": true,
              "fail": false,
              "pending": false,
              "context": null,
              "code": "//cy.get('.cmp-footer__copyright-text')\n_home[\"default\"].privacyFooter().should('include.text', \"© 2020 Change Healthcare\");",
              "err": {},
              "uuid": "cb9d74c0-ca4c-4be2-97d9-48979bf52db9",
              "parentUUID": "e530da50-8057-4fd3-b6b7-edee6ae651fe",
              "isHook": false,
              "skipped": false
            }
          ],
          "suites": [],
          "passes": [
            "4489f36f-8a4c-423d-a655-d228d7664a73",
            "e8df546a-2240-47dc-9361-b5621171aec6",
            "6cbe973b-a3fb-42a0-adc0-1dd34e17db84",
            "022499da-13b0-479e-a60c-219f0a9152c8",
            "8178dae8-3097-4295-8c57-8d8ef70ef76b",
            "35ce4a8d-cde1-4402-853c-6798c12ccd84",
            "7723ea90-479b-459b-a37a-dc1acd6bf919",
            "7464f5a5-8e92-4c21-854a-6bdc58beb907",
            "764dd22d-29e4-440b-9727-f4a67d4f4048",
            "99e88a13-0143-4811-962e-86141dae76f1",
            "cb9d74c0-ca4c-4be2-97d9-48979bf52db9"
          ],
          "failures": [],
          "pending": [],
          "skipped": [],
          "duration": 25797,
          "root": false,
          "rootEmpty": false,
          "_timeout": 2000
        }
      ],
      "passes": [],
      "failures": [],
      "pending": [],
      "skipped": [],
      "duration": 0,
      "root": true,
      "rootEmpty": true,
      "_timeout": 2000
    },
    {
      "uuid": "caa12792-6697-4216-bcfa-ac84b35b75f7",
      "title": "",
      "fullFile": "cypress/integration/specs/search.spec.js",
      "file": "cypress/integration/specs/search.spec.js",
      "beforeHooks": [],
      "afterHooks": [],
      "tests": [],
      "suites": [
        {
          "uuid": "5d157a1d-30f5-419a-95c7-bb8f31ae265a",
          "title": "Verify Search feature on the Header",
          "fullFile": "",
          "file": "",
          "beforeHooks": [],
          "afterHooks": [],
          "tests": [
            {
              "title": "Verify Page title",
              "fullTitle": "Verify Search feature on the Header Verify Page title",
              "timedOut": null,
              "duration": 5840,
              "state": "passed",
              "speed": "slow",
              "pass": true,
              "fail": false,
              "pending": false,
              "context": null,
              "code": "cy.title().should('equal', 'Healthcare Technology & Business Solutions Company | Change Healthcare');",
              "err": {},
              "uuid": "04c5e9f4-fc7a-4989-b87c-ed6575d166cb",
              "parentUUID": "5d157a1d-30f5-419a-95c7-bb8f31ae265a",
              "isHook": false,
              "skipped": false
            },
            {
              "title": "Select 2nd from search suggestions",
              "fullTitle": "Verify Search feature on the Header Select 2nd from search suggestions",
              "timedOut": null,
              "duration": 2149,
              "state": "passed",
              "speed": "slow",
              "pass": true,
              "fail": false,
              "pending": false,
              "context": null,
              "code": "cy.iframe().find('.CoveoSearchbox').type('Health').find('#magic-box-suggestion-1').click(); //.find('.coveo-search-button').click()",
              "err": {},
              "uuid": "ae1ee3ec-513b-4375-9d9b-d6306667b294",
              "parentUUID": "5d157a1d-30f5-419a-95c7-bb8f31ae265a",
              "isHook": false,
              "skipped": false
            },
            {
              "title": "Search for \"Health",
              "fullTitle": "Verify Search feature on the Header Search for \"Health",
              "timedOut": null,
              "duration": 4193,
              "state": "passed",
              "speed": "slow",
              "pass": true,
              "fail": false,
              "pending": false,
              "context": null,
              "code": "cy.get('.cmp-header__search-toggle').should('be.visible').click();\ncy.get('.coveo-header-iframe-container > iframe').then(function ($iframe) {\n  var $body = $iframe.contents().find('body');\n  cy.wrap($body).find('.CoveoSearchbox').type('Health').find('.coveo-search-button').click();\n});",
              "err": {},
              "uuid": "29d9b565-2656-45ee-b485-f5bc155599d4",
              "parentUUID": "5d157a1d-30f5-419a-95c7-bb8f31ae265a",
              "isHook": false,
              "skipped": false
            }
          ],
          "suites": [],
          "passes": [
            "04c5e9f4-fc7a-4989-b87c-ed6575d166cb",
            "ae1ee3ec-513b-4375-9d9b-d6306667b294",
            "29d9b565-2656-45ee-b485-f5bc155599d4"
          ],
          "failures": [],
          "pending": [],
          "skipped": [],
          "duration": 12182,
          "root": false,
          "rootEmpty": false,
          "_timeout": 2000
        }
      ],
      "passes": [],
      "failures": [],
      "pending": [],
      "skipped": [],
      "duration": 0,
      "root": true,
      "rootEmpty": true,
      "_timeout": 2000
    }
  ],
  "meta": {
    "mocha": {
      "version": "7.0.1"
    },
    "mochawesome": {
      "options": {
        "quiet": false,
        "reportFilename": "mochawesome",
        "saveHtml": false,
        "saveJson": true,
        "consoleReporter": "spec",
        "useInlineDiffs": false,
        "code": true
      },
      "version": "6.1.1"
    },
    "marge": {
      "options": {
        "id": "default",
        "reportDir": "cypress/reports/mocha",
        "quite": true,
        "overwrite": false,
        "html": false,
        "json": true
      },
      "version": "5.1.0"
    }
  }
}